{"G:\\coding\\clodo-dev-site\\visibility-marketing\\packages\\marketer\\src\\constants.ts": {"path":"G:\\coding\\clodo-dev-site\\visibility-marketing\\packages\\marketer\\src\\constants.ts","all":false,"statementMap":{"9":{"start":{"line":10,"column":0},"end":{"line":10,"column":50}},"10":{"start":{"line":11,"column":0},"end":{"line":11,"column":38}},"14":{"start":{"line":15,"column":0},"end":{"line":15,"column":53}},"18":{"start":{"line":19,"column":0},"end":{"line":19,"column":28}},"19":{"start":{"line":20,"column":0},"end":{"line":20,"column":47}},"20":{"start":{"line":21,"column":0},"end":{"line":21,"column":35}},"21":{"start":{"line":22,"column":0},"end":{"line":22,"column":29}},"22":{"start":{"line":23,"column":0},"end":{"line":23,"column":31}},"23":{"start":{"line":24,"column":0},"end":{"line":24,"column":35}},"24":{"start":{"line":25,"column":0},"end":{"line":25,"column":37}},"25":{"start":{"line":26,"column":0},"end":{"line":26,"column":41}},"26":{"start":{"line":27,"column":0},"end":{"line":27,"column":35}},"27":{"start":{"line":28,"column":0},"end":{"line":28,"column":11}},"31":{"start":{"line":32,"column":0},"end":{"line":32,"column":31}},"32":{"start":{"line":33,"column":0},"end":{"line":33,"column":15}},"33":{"start":{"line":34,"column":0},"end":{"line":34,"column":17}},"34":{"start":{"line":35,"column":0},"end":{"line":35,"column":23}},"35":{"start":{"line":36,"column":0},"end":{"line":36,"column":21}},"36":{"start":{"line":37,"column":0},"end":{"line":37,"column":11}},"40":{"start":{"line":41,"column":0},"end":{"line":41,"column":31}},"41":{"start":{"line":42,"column":0},"end":{"line":42,"column":19}},"42":{"start":{"line":43,"column":0},"end":{"line":43,"column":21}},"43":{"start":{"line":44,"column":0},"end":{"line":44,"column":25}},"44":{"start":{"line":45,"column":0},"end":{"line":45,"column":11}},"48":{"start":{"line":49,"column":0},"end":{"line":49,"column":29}},"49":{"start":{"line":50,"column":0},"end":{"line":50,"column":25}},"50":{"start":{"line":51,"column":0},"end":{"line":51,"column":15}},"51":{"start":{"line":52,"column":0},"end":{"line":52,"column":19}},"52":{"start":{"line":53,"column":0},"end":{"line":53,"column":25}},"53":{"start":{"line":54,"column":0},"end":{"line":54,"column":11}},"57":{"start":{"line":58,"column":0},"end":{"line":58,"column":30}},"58":{"start":{"line":59,"column":0},"end":{"line":59,"column":21}},"59":{"start":{"line":60,"column":0},"end":{"line":60,"column":27}},"60":{"start":{"line":61,"column":0},"end":{"line":61,"column":25}},"61":{"start":{"line":62,"column":0},"end":{"line":62,"column":19}},"62":{"start":{"line":63,"column":0},"end":{"line":63,"column":15}},"63":{"start":{"line":64,"column":0},"end":{"line":64,"column":11}},"67":{"start":{"line":68,"column":0},"end":{"line":68,"column":26}},"68":{"start":{"line":69,"column":0},"end":{"line":69,"column":27}},"69":{"start":{"line":70,"column":0},"end":{"line":70,"column":31}},"70":{"start":{"line":71,"column":0},"end":{"line":71,"column":19}},"71":{"start":{"line":72,"column":0},"end":{"line":72,"column":21}},"72":{"start":{"line":73,"column":0},"end":{"line":73,"column":11}},"76":{"start":{"line":77,"column":0},"end":{"line":77,"column":35}},"77":{"start":{"line":78,"column":0},"end":{"line":78,"column":21}},"78":{"start":{"line":79,"column":0},"end":{"line":79,"column":23}},"79":{"start":{"line":80,"column":0},"end":{"line":80,"column":11}},"83":{"start":{"line":84,"column":0},"end":{"line":84,"column":28}},"84":{"start":{"line":85,"column":0},"end":{"line":85,"column":10}},"85":{"start":{"line":86,"column":0},"end":{"line":86,"column":11}},"86":{"start":{"line":87,"column":0},"end":{"line":87,"column":11}},"90":{"start":{"line":91,"column":0},"end":{"line":91,"column":38}},"92":{"start":{"line":93,"column":0},"end":{"line":93,"column":20}},"94":{"start":{"line":95,"column":0},"end":{"line":95,"column":32}},"96":{"start":{"line":97,"column":0},"end":{"line":97,"column":32}},"98":{"start":{"line":99,"column":0},"end":{"line":99,"column":32}},"100":{"start":{"line":101,"column":0},"end":{"line":101,"column":30}},"101":{"start":{"line":102,"column":0},"end":{"line":102,"column":11}},"105":{"start":{"line":106,"column":0},"end":{"line":106,"column":27}},"106":{"start":{"line":107,"column":0},"end":{"line":107,"column":24}},"107":{"start":{"line":108,"column":0},"end":{"line":108,"column":21}},"108":{"start":{"line":109,"column":0},"end":{"line":109,"column":30}},"109":{"start":{"line":110,"column":0},"end":{"line":110,"column":26}},"110":{"start":{"line":111,"column":0},"end":{"line":111,"column":23}},"111":{"start":{"line":112,"column":0},"end":{"line":112,"column":11}},"115":{"start":{"line":116,"column":0},"end":{"line":116,"column":27}},"116":{"start":{"line":117,"column":0},"end":{"line":117,"column":21}},"117":{"start":{"line":118,"column":0},"end":{"line":118,"column":20}},"118":{"start":{"line":119,"column":0},"end":{"line":119,"column":28}},"119":{"start":{"line":120,"column":0},"end":{"line":120,"column":26}},"120":{"start":{"line":121,"column":0},"end":{"line":121,"column":25}},"121":{"start":{"line":122,"column":0},"end":{"line":122,"column":22}},"122":{"start":{"line":123,"column":0},"end":{"line":123,"column":25}},"123":{"start":{"line":124,"column":0},"end":{"line":124,"column":23}},"124":{"start":{"line":125,"column":0},"end":{"line":125,"column":11}},"128":{"start":{"line":129,"column":0},"end":{"line":129,"column":26}},"129":{"start":{"line":130,"column":0},"end":{"line":130,"column":38}},"130":{"start":{"line":131,"column":0},"end":{"line":131,"column":38}},"131":{"start":{"line":132,"column":0},"end":{"line":132,"column":50}},"132":{"start":{"line":133,"column":0},"end":{"line":133,"column":67}},"133":{"start":{"line":134,"column":0},"end":{"line":134,"column":30}},"134":{"start":{"line":135,"column":0},"end":{"line":135,"column":38}},"135":{"start":{"line":136,"column":0},"end":{"line":136,"column":42}},"136":{"start":{"line":137,"column":0},"end":{"line":137,"column":34}},"137":{"start":{"line":138,"column":0},"end":{"line":138,"column":35}},"138":{"start":{"line":139,"column":0},"end":{"line":139,"column":11}},"142":{"start":{"line":143,"column":0},"end":{"line":143,"column":29}},"143":{"start":{"line":144,"column":0},"end":{"line":144,"column":22}},"144":{"start":{"line":145,"column":0},"end":{"line":145,"column":21}},"145":{"start":{"line":146,"column":0},"end":{"line":146,"column":11}},"149":{"start":{"line":150,"column":0},"end":{"line":150,"column":55}},"151":{"start":{"line":152,"column":0},"end":{"line":152,"column":25}},"152":{"start":{"line":153,"column":0},"end":{"line":153,"column":17}},"153":{"start":{"line":154,"column":0},"end":{"line":154,"column":33}},"154":{"start":{"line":155,"column":0},"end":{"line":155,"column":51}},"155":{"start":{"line":156,"column":0},"end":{"line":156,"column":33}},"156":{"start":{"line":157,"column":0},"end":{"line":157,"column":71}},"157":{"start":{"line":158,"column":0},"end":{"line":158,"column":95}},"158":{"start":{"line":159,"column":0},"end":{"line":159,"column":11}},"162":{"start":{"line":163,"column":0},"end":{"line":163,"column":22}},"164":{"start":{"line":165,"column":0},"end":{"line":165,"column":25}},"166":{"start":{"line":167,"column":0},"end":{"line":167,"column":27}},"167":{"start":{"line":168,"column":0},"end":{"line":168,"column":11}},"171":{"start":{"line":172,"column":0},"end":{"line":172,"column":25}},"172":{"start":{"line":173,"column":0},"end":{"line":173,"column":38}},"173":{"start":{"line":174,"column":0},"end":{"line":174,"column":30}},"174":{"start":{"line":175,"column":0},"end":{"line":175,"column":22}},"175":{"start":{"line":176,"column":0},"end":{"line":176,"column":42}},"176":{"start":{"line":177,"column":0},"end":{"line":177,"column":42}},"177":{"start":{"line":178,"column":0},"end":{"line":178,"column":47}},"178":{"start":{"line":179,"column":0},"end":{"line":179,"column":51}},"179":{"start":{"line":180,"column":0},"end":{"line":180,"column":70}},"180":{"start":{"line":181,"column":0},"end":{"line":181,"column":43}},"181":{"start":{"line":182,"column":0},"end":{"line":182,"column":11}},"185":{"start":{"line":186,"column":0},"end":{"line":186,"column":29}},"186":{"start":{"line":187,"column":0},"end":{"line":187,"column":37}},"187":{"start":{"line":188,"column":0},"end":{"line":188,"column":55}},"188":{"start":{"line":189,"column":0},"end":{"line":189,"column":31}},"189":{"start":{"line":190,"column":0},"end":{"line":190,"column":60}},"190":{"start":{"line":191,"column":0},"end":{"line":191,"column":37}},"191":{"start":{"line":192,"column":0},"end":{"line":192,"column":27}},"192":{"start":{"line":193,"column":0},"end":{"line":193,"column":11}},"196":{"start":{"line":197,"column":0},"end":{"line":197,"column":23}},"197":{"start":{"line":198,"column":0},"end":{"line":198,"column":26}},"198":{"start":{"line":199,"column":0},"end":{"line":199,"column":19}},"199":{"start":{"line":200,"column":0},"end":{"line":200,"column":15}},"200":{"start":{"line":201,"column":0},"end":{"line":201,"column":11}},"204":{"start":{"line":205,"column":0},"end":{"line":205,"column":25}},"205":{"start":{"line":206,"column":0},"end":{"line":206,"column":26}},"206":{"start":{"line":207,"column":0},"end":{"line":207,"column":34}},"207":{"start":{"line":208,"column":0},"end":{"line":208,"column":37}},"208":{"start":{"line":209,"column":0},"end":{"line":209,"column":22}},"209":{"start":{"line":210,"column":0},"end":{"line":210,"column":24}},"210":{"start":{"line":211,"column":0},"end":{"line":211,"column":23}},"211":{"start":{"line":212,"column":0},"end":{"line":212,"column":26}},"212":{"start":{"line":213,"column":0},"end":{"line":213,"column":31}},"213":{"start":{"line":214,"column":0},"end":{"line":214,"column":31}},"214":{"start":{"line":215,"column":0},"end":{"line":215,"column":11}},"218":{"start":{"line":219,"column":0},"end":{"line":219,"column":37}},"219":{"start":{"line":220,"column":0},"end":{"line":220,"column":17}},"220":{"start":{"line":221,"column":0},"end":{"line":221,"column":21}},"221":{"start":{"line":222,"column":0},"end":{"line":222,"column":17}},"222":{"start":{"line":223,"column":0},"end":{"line":223,"column":11}},"226":{"start":{"line":227,"column":0},"end":{"line":227,"column":52}},"230":{"start":{"line":231,"column":0},"end":{"line":231,"column":52}},"234":{"start":{"line":235,"column":0},"end":{"line":235,"column":21}},"235":{"start":{"line":236,"column":0},"end":{"line":236,"column":22}},"236":{"start":{"line":237,"column":0},"end":{"line":237,"column":53}},"237":{"start":{"line":238,"column":0},"end":{"line":238,"column":49}},"238":{"start":{"line":239,"column":0},"end":{"line":239,"column":11}},"248":{"start":{"line":249,"column":0},"end":{"line":249,"column":54}},"249":{"start":{"line":250,"column":0},"end":{"line":250,"column":57}},"250":{"start":{"line":251,"column":0},"end":{"line":251,"column":57}},"251":{"start":{"line":252,"column":0},"end":{"line":252,"column":57}},"252":{"start":{"line":253,"column":0},"end":{"line":253,"column":57}},"253":{"start":{"line":254,"column":0},"end":{"line":254,"column":2}},"258":{"start":{"line":259,"column":0},"end":{"line":259,"column":79}},"262":{"start":{"line":263,"column":0},"end":{"line":263,"column":29}},"263":{"start":{"line":264,"column":0},"end":{"line":264,"column":43}},"264":{"start":{"line":265,"column":0},"end":{"line":265,"column":104}},"265":{"start":{"line":266,"column":0},"end":{"line":266,"column":29}},"266":{"start":{"line":267,"column":0},"end":{"line":267,"column":43}},"267":{"start":{"line":268,"column":0},"end":{"line":268,"column":137}},"268":{"start":{"line":269,"column":0},"end":{"line":269,"column":137}},"269":{"start":{"line":270,"column":0},"end":{"line":270,"column":136}},"270":{"start":{"line":271,"column":0},"end":{"line":271,"column":67}},"271":{"start":{"line":272,"column":0},"end":{"line":272,"column":61}},"272":{"start":{"line":273,"column":0},"end":{"line":273,"column":35}},"273":{"start":{"line":274,"column":0},"end":{"line":274,"column":47}},"274":{"start":{"line":275,"column":0},"end":{"line":275,"column":35}},"275":{"start":{"line":276,"column":0},"end":{"line":276,"column":58}},"276":{"start":{"line":277,"column":0},"end":{"line":277,"column":11}},"287":{"start":{"line":288,"column":0},"end":{"line":288,"column":25}},"289":{"start":{"line":290,"column":0},"end":{"line":290,"column":11}},"290":{"start":{"line":291,"column":0},"end":{"line":291,"column":61}},"291":{"start":{"line":292,"column":0},"end":{"line":292,"column":56}},"292":{"start":{"line":293,"column":0},"end":{"line":293,"column":67}},"293":{"start":{"line":294,"column":0},"end":{"line":294,"column":47}},"294":{"start":{"line":295,"column":0},"end":{"line":295,"column":70}},"295":{"start":{"line":296,"column":0},"end":{"line":296,"column":49}},"296":{"start":{"line":297,"column":0},"end":{"line":297,"column":63}},"297":{"start":{"line":298,"column":0},"end":{"line":298,"column":53}},"298":{"start":{"line":299,"column":0},"end":{"line":299,"column":53}},"299":{"start":{"line":300,"column":0},"end":{"line":300,"column":53}},"300":{"start":{"line":301,"column":0},"end":{"line":301,"column":43}},"301":{"start":{"line":302,"column":0},"end":{"line":302,"column":88}},"302":{"start":{"line":303,"column":0},"end":{"line":303,"column":47}},"303":{"start":{"line":304,"column":0},"end":{"line":304,"column":64}},"304":{"start":{"line":305,"column":0},"end":{"line":305,"column":70}},"305":{"start":{"line":306,"column":0},"end":{"line":306,"column":37}},"306":{"start":{"line":307,"column":0},"end":{"line":307,"column":76}},"307":{"start":{"line":308,"column":0},"end":{"line":308,"column":62}},"308":{"start":{"line":309,"column":0},"end":{"line":309,"column":54}},"309":{"start":{"line":310,"column":0},"end":{"line":310,"column":37}},"310":{"start":{"line":311,"column":0},"end":{"line":311,"column":43}},"311":{"start":{"line":312,"column":0},"end":{"line":312,"column":76}},"312":{"start":{"line":313,"column":0},"end":{"line":313,"column":62}},"313":{"start":{"line":314,"column":0},"end":{"line":314,"column":58}},"314":{"start":{"line":315,"column":0},"end":{"line":315,"column":54}},"315":{"start":{"line":316,"column":0},"end":{"line":316,"column":54}},"316":{"start":{"line":317,"column":0},"end":{"line":317,"column":55}},"317":{"start":{"line":318,"column":0},"end":{"line":318,"column":57}},"318":{"start":{"line":319,"column":0},"end":{"line":319,"column":48}},"319":{"start":{"line":320,"column":0},"end":{"line":320,"column":52}},"320":{"start":{"line":321,"column":0},"end":{"line":321,"column":4}},"322":{"start":{"line":323,"column":0},"end":{"line":323,"column":12}},"323":{"start":{"line":324,"column":0},"end":{"line":324,"column":82}},"324":{"start":{"line":325,"column":0},"end":{"line":325,"column":72}},"325":{"start":{"line":326,"column":0},"end":{"line":326,"column":4}},"327":{"start":{"line":328,"column":0},"end":{"line":328,"column":10}},"328":{"start":{"line":329,"column":0},"end":{"line":329,"column":26}},"329":{"start":{"line":330,"column":0},"end":{"line":330,"column":59}},"330":{"start":{"line":331,"column":0},"end":{"line":331,"column":56}},"331":{"start":{"line":332,"column":0},"end":{"line":332,"column":149}},"332":{"start":{"line":333,"column":0},"end":{"line":333,"column":41}},"333":{"start":{"line":334,"column":0},"end":{"line":334,"column":70}},"334":{"start":{"line":335,"column":0},"end":{"line":335,"column":50}},"335":{"start":{"line":336,"column":0},"end":{"line":336,"column":70}},"336":{"start":{"line":337,"column":0},"end":{"line":337,"column":40}},"337":{"start":{"line":338,"column":0},"end":{"line":338,"column":65}},"338":{"start":{"line":339,"column":0},"end":{"line":339,"column":42}},"339":{"start":{"line":340,"column":0},"end":{"line":340,"column":56}},"340":{"start":{"line":341,"column":0},"end":{"line":341,"column":107}},"341":{"start":{"line":342,"column":0},"end":{"line":342,"column":56}},"342":{"start":{"line":343,"column":0},"end":{"line":343,"column":56}},"343":{"start":{"line":344,"column":0},"end":{"line":344,"column":79}},"344":{"start":{"line":345,"column":0},"end":{"line":345,"column":50}},"345":{"start":{"line":346,"column":0},"end":{"line":346,"column":106}},"346":{"start":{"line":347,"column":0},"end":{"line":347,"column":56}},"347":{"start":{"line":348,"column":0},"end":{"line":348,"column":85}},"348":{"start":{"line":349,"column":0},"end":{"line":349,"column":86}},"349":{"start":{"line":350,"column":0},"end":{"line":350,"column":39}},"350":{"start":{"line":351,"column":0},"end":{"line":351,"column":46}},"351":{"start":{"line":352,"column":0},"end":{"line":352,"column":91}},"352":{"start":{"line":353,"column":0},"end":{"line":353,"column":91}},"353":{"start":{"line":354,"column":0},"end":{"line":354,"column":100}},"354":{"start":{"line":355,"column":0},"end":{"line":355,"column":92}},"355":{"start":{"line":356,"column":0},"end":{"line":356,"column":79}},"356":{"start":{"line":357,"column":0},"end":{"line":357,"column":51}},"357":{"start":{"line":358,"column":0},"end":{"line":358,"column":86}},"358":{"start":{"line":359,"column":0},"end":{"line":359,"column":22}},"359":{"start":{"line":360,"column":0},"end":{"line":360,"column":35}},"360":{"start":{"line":361,"column":0},"end":{"line":361,"column":39}},"361":{"start":{"line":362,"column":0},"end":{"line":362,"column":41}},"362":{"start":{"line":363,"column":0},"end":{"line":363,"column":51}},"363":{"start":{"line":364,"column":0},"end":{"line":364,"column":45}},"364":{"start":{"line":365,"column":0},"end":{"line":365,"column":119}},"365":{"start":{"line":366,"column":0},"end":{"line":366,"column":53}},"366":{"start":{"line":367,"column":0},"end":{"line":367,"column":55}},"367":{"start":{"line":368,"column":0},"end":{"line":368,"column":41}},"368":{"start":{"line":369,"column":0},"end":{"line":369,"column":51}},"369":{"start":{"line":370,"column":0},"end":{"line":370,"column":48}},"370":{"start":{"line":371,"column":0},"end":{"line":371,"column":35}},"371":{"start":{"line":372,"column":0},"end":{"line":372,"column":47}},"372":{"start":{"line":373,"column":0},"end":{"line":373,"column":87}},"373":{"start":{"line":374,"column":0},"end":{"line":374,"column":39}},"374":{"start":{"line":375,"column":0},"end":{"line":375,"column":94}},"375":{"start":{"line":376,"column":0},"end":{"line":376,"column":52}},"376":{"start":{"line":377,"column":0},"end":{"line":377,"column":68}},"377":{"start":{"line":378,"column":0},"end":{"line":378,"column":105}},"378":{"start":{"line":379,"column":0},"end":{"line":379,"column":109}},"379":{"start":{"line":380,"column":0},"end":{"line":380,"column":97}},"380":{"start":{"line":381,"column":0},"end":{"line":381,"column":32}},"381":{"start":{"line":382,"column":0},"end":{"line":382,"column":39}},"382":{"start":{"line":383,"column":0},"end":{"line":383,"column":108}},"383":{"start":{"line":384,"column":0},"end":{"line":384,"column":63}},"384":{"start":{"line":385,"column":0},"end":{"line":385,"column":59}},"385":{"start":{"line":386,"column":0},"end":{"line":386,"column":49}},"386":{"start":{"line":387,"column":0},"end":{"line":387,"column":47}},"387":{"start":{"line":388,"column":0},"end":{"line":388,"column":52}},"388":{"start":{"line":389,"column":0},"end":{"line":389,"column":138}},"389":{"start":{"line":390,"column":0},"end":{"line":390,"column":31}},"390":{"start":{"line":391,"column":0},"end":{"line":391,"column":48}},"391":{"start":{"line":392,"column":0},"end":{"line":392,"column":135}},"392":{"start":{"line":393,"column":0},"end":{"line":393,"column":32}},"393":{"start":{"line":394,"column":0},"end":{"line":394,"column":49}},"394":{"start":{"line":395,"column":0},"end":{"line":395,"column":67}},"395":{"start":{"line":396,"column":0},"end":{"line":396,"column":119}},"396":{"start":{"line":397,"column":0},"end":{"line":397,"column":95}},"397":{"start":{"line":398,"column":0},"end":{"line":398,"column":41}},"398":{"start":{"line":399,"column":0},"end":{"line":399,"column":53}},"399":{"start":{"line":400,"column":0},"end":{"line":400,"column":4}},"401":{"start":{"line":402,"column":0},"end":{"line":402,"column":18}},"402":{"start":{"line":403,"column":0},"end":{"line":403,"column":69}},"403":{"start":{"line":404,"column":0},"end":{"line":404,"column":86}},"404":{"start":{"line":405,"column":0},"end":{"line":405,"column":92}},"405":{"start":{"line":406,"column":0},"end":{"line":406,"column":116}},"406":{"start":{"line":407,"column":0},"end":{"line":407,"column":66}},"407":{"start":{"line":408,"column":0},"end":{"line":408,"column":123}},"408":{"start":{"line":409,"column":0},"end":{"line":409,"column":56}},"409":{"start":{"line":410,"column":0},"end":{"line":410,"column":83}},"410":{"start":{"line":411,"column":0},"end":{"line":411,"column":71}},"411":{"start":{"line":412,"column":0},"end":{"line":412,"column":97}},"412":{"start":{"line":413,"column":0},"end":{"line":413,"column":4}},"414":{"start":{"line":415,"column":0},"end":{"line":415,"column":10}},"415":{"start":{"line":416,"column":0},"end":{"line":416,"column":75}},"416":{"start":{"line":417,"column":0},"end":{"line":417,"column":73}},"417":{"start":{"line":418,"column":0},"end":{"line":418,"column":38}},"418":{"start":{"line":419,"column":0},"end":{"line":419,"column":54}},"419":{"start":{"line":420,"column":0},"end":{"line":420,"column":80}},"420":{"start":{"line":421,"column":0},"end":{"line":421,"column":96}},"421":{"start":{"line":422,"column":0},"end":{"line":422,"column":75}},"422":{"start":{"line":423,"column":0},"end":{"line":423,"column":62}},"423":{"start":{"line":424,"column":0},"end":{"line":424,"column":4}},"424":{"start":{"line":425,"column":0},"end":{"line":425,"column":11}},"428":{"start":{"line":429,"column":0},"end":{"line":429,"column":25}},"429":{"start":{"line":430,"column":0},"end":{"line":430,"column":14}},"430":{"start":{"line":431,"column":0},"end":{"line":431,"column":14}},"431":{"start":{"line":432,"column":0},"end":{"line":432,"column":14}},"432":{"start":{"line":433,"column":0},"end":{"line":433,"column":18}},"433":{"start":{"line":434,"column":0},"end":{"line":434,"column":11}}},"s":{"9":1,"10":1,"14":1,"18":1,"19":1,"20":1,"21":1,"22":1,"23":1,"24":1,"25":1,"26":1,"27":1,"31":1,"32":1,"33":1,"34":1,"35":1,"36":1,"40":1,"41":1,"42":1,"43":1,"44":1,"48":1,"49":1,"50":1,"51":1,"52":1,"53":1,"57":1,"58":1,"59":1,"60":1,"61":1,"62":1,"63":1,"67":1,"68":1,"69":1,"70":1,"71":1,"72":1,"76":1,"77":1,"78":1,"79":1,"83":1,"84":1,"85":1,"86":1,"90":1,"92":1,"94":1,"96":1,"98":1,"100":1,"101":1,"105":1,"106":1,"107":1,"108":1,"109":1,"110":1,"111":1,"115":1,"116":1,"117":1,"118":1,"119":1,"120":1,"121":1,"122":1,"123":1,"124":1,"128":1,"129":1,"130":1,"131":1,"132":1,"133":1,"134":1,"135":1,"136":1,"137":1,"138":1,"142":1,"143":1,"144":1,"145":1,"149":1,"151":1,"152":1,"153":1,"154":1,"155":1,"156":1,"157":1,"158":1,"162":1,"164":1,"166":1,"167":1,"171":1,"172":1,"173":1,"174":1,"175":1,"176":1,"177":1,"178":1,"179":1,"180":1,"181":1,"185":1,"186":1,"187":1,"188":1,"189":1,"190":1,"191":1,"192":1,"196":1,"197":1,"198":1,"199":1,"200":1,"204":1,"205":1,"206":1,"207":1,"208":1,"209":1,"210":1,"211":1,"212":1,"213":1,"214":1,"218":1,"219":1,"220":1,"221":1,"222":1,"226":1,"230":1,"234":1,"235":1,"236":1,"237":1,"238":1,"248":1,"249":1,"250":1,"251":1,"252":1,"253":1,"258":1,"262":1,"263":1,"264":1,"265":1,"266":1,"267":1,"268":1,"269":1,"270":1,"271":1,"272":1,"273":1,"274":1,"275":1,"276":1,"287":1,"289":1,"290":1,"291":1,"292":1,"293":1,"294":1,"295":1,"296":1,"297":1,"298":1,"299":1,"300":1,"301":1,"302":1,"303":1,"304":1,"305":1,"306":1,"307":1,"308":1,"309":1,"310":1,"311":1,"312":1,"313":1,"314":1,"315":1,"316":1,"317":1,"318":1,"319":1,"320":1,"322":1,"323":1,"324":1,"325":1,"327":1,"328":1,"329":1,"330":1,"331":1,"332":1,"333":1,"334":1,"335":1,"336":1,"337":1,"338":1,"339":1,"340":1,"341":1,"342":1,"343":1,"344":1,"345":1,"346":1,"347":1,"348":1,"349":1,"350":1,"351":1,"352":1,"353":1,"354":1,"355":1,"356":1,"357":1,"358":1,"359":1,"360":1,"361":1,"362":1,"363":1,"364":1,"365":1,"366":1,"367":1,"368":1,"369":1,"370":1,"371":1,"372":1,"373":1,"374":1,"375":1,"376":1,"377":1,"378":1,"379":1,"380":1,"381":1,"382":1,"383":1,"384":1,"385":1,"386":1,"387":1,"388":1,"389":1,"390":1,"391":1,"392":1,"393":1,"394":1,"395":1,"396":1,"397":1,"398":1,"399":1,"401":1,"402":1,"403":3,"404":1,"405":3,"406":1,"407":1,"408":1,"409":1,"410":1,"411":2,"412":1,"414":1,"415":1,"416":1,"417":1,"418":0,"419":1,"420":1,"421":1,"422":1,"423":1,"424":1,"428":1,"429":1,"430":1,"431":1,"432":1,"433":1},"branchMap":{"0":{"type":"branch","line":157,"loc":{"start":{"line":157,"column":17},"end":{"line":157,"column":71}},"locations":[{"start":{"line":157,"column":17},"end":{"line":157,"column":71}}]},"1":{"type":"branch","line":302,"loc":{"start":{"line":302,"column":24},"end":{"line":302,"column":88}},"locations":[{"start":{"line":302,"column":24},"end":{"line":302,"column":88}}]},"2":{"type":"branch","line":307,"loc":{"start":{"line":307,"column":27},"end":{"line":307,"column":76}},"locations":[{"start":{"line":307,"column":27},"end":{"line":307,"column":76}}]},"3":{"type":"branch","line":325,"loc":{"start":{"line":325,"column":21},"end":{"line":325,"column":72}},"locations":[{"start":{"line":325,"column":21},"end":{"line":325,"column":72}}]},"4":{"type":"branch","line":403,"loc":{"start":{"line":403,"column":19},"end":{"line":404,"column":86}},"locations":[{"start":{"line":403,"column":19},"end":{"line":404,"column":86}}]},"5":{"type":"branch","line":405,"loc":{"start":{"line":405,"column":25},"end":{"line":406,"column":116}},"locations":[{"start":{"line":405,"column":25},"end":{"line":406,"column":116}}]},"6":{"type":"branch","line":407,"loc":{"start":{"line":407,"column":17},"end":{"line":408,"column":123}},"locations":[{"start":{"line":407,"column":17},"end":{"line":408,"column":123}}]},"7":{"type":"branch","line":409,"loc":{"start":{"line":409,"column":23},"end":{"line":410,"column":83}},"locations":[{"start":{"line":409,"column":23},"end":{"line":410,"column":83}}]},"8":{"type":"branch","line":411,"loc":{"start":{"line":411,"column":21},"end":{"line":412,"column":97}},"locations":[{"start":{"line":411,"column":21},"end":{"line":412,"column":97}}]},"9":{"type":"branch","line":416,"loc":{"start":{"line":416,"column":26},"end":{"line":417,"column":73}},"locations":[{"start":{"line":416,"column":26},"end":{"line":417,"column":73}}]},"10":{"type":"branch","line":420,"loc":{"start":{"line":420,"column":17},"end":{"line":421,"column":96}},"locations":[{"start":{"line":420,"column":17},"end":{"line":421,"column":96}}]},"11":{"type":"branch","line":422,"loc":{"start":{"line":422,"column":21},"end":{"line":423,"column":62}},"locations":[{"start":{"line":422,"column":21},"end":{"line":423,"column":62}}]}},"b":{"0":[9],"1":[1],"2":[1],"3":[1],"4":[3],"5":[3],"6":[1],"7":[1],"8":[2],"9":[1],"10":[1],"11":[1]},"fnMap":{"0":{"name":"PRICING_PROMO","decl":{"start":{"line":157,"column":17},"end":{"line":157,"column":71}},"loc":{"start":{"line":157,"column":17},"end":{"line":157,"column":71}},"line":157},"1":{"name":"UNSUBSCRIBE","decl":{"start":{"line":158,"column":15},"end":{"line":158,"column":95}},"loc":{"start":{"line":158,"column":15},"end":{"line":158,"column":95}},"line":158},"2":{"name":"campaignSlugExists","decl":{"start":{"line":302,"column":24},"end":{"line":302,"column":88}},"loc":{"start":{"line":302,"column":24},"end":{"line":302,"column":88}},"line":302},"3":{"name":"batchAlreadyProcessed","decl":{"start":{"line":307,"column":27},"end":{"line":307,"column":76}},"loc":{"start":{"line":307,"column":27},"end":{"line":307,"column":76}},"line":307},"4":{"name":"processedEmails","decl":{"start":{"line":325,"column":21},"end":{"line":325,"column":72}},"loc":{"start":{"line":325,"column":21},"end":{"line":325,"column":72}},"line":325},"5":{"name":"onboardingWelcomeBody","decl":{"start":{"line":332,"column":27},"end":{"line":332,"column":149}},"loc":{"start":{"line":332,"column":27},"end":{"line":332,"column":149}},"line":332},"6":{"name":"winbackDay7Body","decl":{"start":{"line":392,"column":21},"end":{"line":392,"column":135}},"loc":{"start":{"line":392,"column":21},"end":{"line":392,"column":135}},"line":392},"7":{"name":"newConversion","decl":{"start":{"line":403,"column":19},"end":{"line":404,"column":86}},"loc":{"start":{"line":403,"column":19},"end":{"line":404,"column":86}},"line":403},"8":{"name":"affiliateConversion","decl":{"start":{"line":405,"column":25},"end":{"line":406,"column":116}},"loc":{"start":{"line":405,"column":25},"end":{"line":406,"column":116}},"line":405},"9":{"name":"tierUpgrade","decl":{"start":{"line":407,"column":17},"end":{"line":408,"column":123}},"loc":{"start":{"line":407,"column":17},"end":{"line":408,"column":123}},"line":407},"10":{"name":"earningsMilestone","decl":{"start":{"line":409,"column":23},"end":{"line":410,"column":83}},"loc":{"start":{"line":409,"column":23},"end":{"line":410,"column":83}},"line":409},"11":{"name":"payoutCompleted","decl":{"start":{"line":411,"column":21},"end":{"line":412,"column":97}},"loc":{"start":{"line":411,"column":21},"end":{"line":412,"column":97}},"line":411},"12":{"name":"applicationSubmitted","decl":{"start":{"line":416,"column":26},"end":{"line":417,"column":73}},"loc":{"start":{"line":416,"column":26},"end":{"line":417,"column":73}},"line":416},"13":{"name":"approved","decl":{"start":{"line":418,"column":14},"end":{"line":419,"column":54}},"loc":{"start":{"line":418,"column":14},"end":{"line":419,"column":54}},"line":418},"14":{"name":"tierUpgrade","decl":{"start":{"line":420,"column":17},"end":{"line":421,"column":96}},"loc":{"start":{"line":420,"column":17},"end":{"line":421,"column":96}},"line":420},"15":{"name":"payoutProcessed","decl":{"start":{"line":422,"column":21},"end":{"line":423,"column":62}},"loc":{"start":{"line":422,"column":21},"end":{"line":423,"column":62}},"line":422}},"f":{"0":9,"1":0,"2":1,"3":1,"4":1,"5":0,"6":0,"7":3,"8":3,"9":1,"10":1,"11":2,"12":1,"13":0,"14":1,"15":1}}
,"G:\\coding\\clodo-dev-site\\visibility-marketing\\packages\\marketer\\src\\index.ts": {"path":"G:\\coding\\clodo-dev-site\\visibility-marketing\\packages\\marketer\\src\\index.ts","all":false,"statementMap":{"0":{"start":{"line":1,"column":0},"end":{"line":1,"column":3}},"46":{"start":{"line":47,"column":0},"end":{"line":47,"column":21}},"47":{"start":{"line":48,"column":0},"end":{"line":48,"column":45}},"48":{"start":{"line":49,"column":0},"end":{"line":49,"column":74}},"49":{"start":{"line":50,"column":0},"end":{"line":50,"column":88}},"50":{"start":{"line":51,"column":0},"end":{"line":51,"column":118}},"51":{"start":{"line":52,"column":0},"end":{"line":52,"column":144}},"52":{"start":{"line":53,"column":0},"end":{"line":53,"column":132}},"61":{"start":{"line":62,"column":0},"end":{"line":62,"column":24}},"62":{"start":{"line":63,"column":0},"end":{"line":63,"column":65}},"63":{"start":{"line":64,"column":0},"end":{"line":64,"column":47}},"65":{"start":{"line":66,"column":0},"end":{"line":66,"column":16}},"69":{"start":{"line":70,"column":0},"end":{"line":70,"column":85}},"71":{"start":{"line":72,"column":0},"end":{"line":72,"column":39}},"72":{"start":{"line":73,"column":0},"end":{"line":73,"column":37}},"73":{"start":{"line":74,"column":0},"end":{"line":74,"column":5}},"75":{"start":{"line":76,"column":0},"end":{"line":76,"column":37}},"76":{"start":{"line":77,"column":0},"end":{"line":77,"column":30}},"77":{"start":{"line":78,"column":0},"end":{"line":78,"column":34}},"79":{"start":{"line":80,"column":0},"end":{"line":80,"column":9}},"81":{"start":{"line":82,"column":0},"end":{"line":82,"column":52}},"82":{"start":{"line":83,"column":0},"end":{"line":83,"column":45}},"83":{"start":{"line":84,"column":0},"end":{"line":84,"column":7}},"86":{"start":{"line":87,"column":0},"end":{"line":87,"column":51}},"87":{"start":{"line":88,"column":0},"end":{"line":88,"column":35}},"88":{"start":{"line":89,"column":0},"end":{"line":89,"column":7}},"89":{"start":{"line":90,"column":0},"end":{"line":90,"column":55}},"90":{"start":{"line":91,"column":0},"end":{"line":91,"column":41}},"91":{"start":{"line":92,"column":0},"end":{"line":92,"column":7}},"94":{"start":{"line":95,"column":0},"end":{"line":95,"column":55}},"95":{"start":{"line":96,"column":0},"end":{"line":96,"column":59}},"96":{"start":{"line":97,"column":0},"end":{"line":97,"column":68}},"97":{"start":{"line":98,"column":0},"end":{"line":98,"column":7}},"100":{"start":{"line":101,"column":0},"end":{"line":101,"column":65}},"101":{"start":{"line":102,"column":0},"end":{"line":102,"column":51}},"102":{"start":{"line":103,"column":0},"end":{"line":103,"column":7}},"103":{"start":{"line":104,"column":0},"end":{"line":104,"column":64}},"104":{"start":{"line":105,"column":0},"end":{"line":105,"column":50}},"105":{"start":{"line":106,"column":0},"end":{"line":106,"column":7}},"106":{"start":{"line":107,"column":0},"end":{"line":107,"column":65}},"107":{"start":{"line":108,"column":0},"end":{"line":108,"column":50}},"108":{"start":{"line":109,"column":0},"end":{"line":109,"column":7}},"109":{"start":{"line":110,"column":0},"end":{"line":110,"column":67}},"110":{"start":{"line":111,"column":0},"end":{"line":111,"column":52}},"111":{"start":{"line":112,"column":0},"end":{"line":112,"column":7}},"112":{"start":{"line":113,"column":0},"end":{"line":113,"column":71}},"113":{"start":{"line":114,"column":0},"end":{"line":114,"column":52}},"114":{"start":{"line":115,"column":0},"end":{"line":115,"column":7}},"117":{"start":{"line":118,"column":0},"end":{"line":118,"column":59}},"118":{"start":{"line":119,"column":0},"end":{"line":119,"column":50}},"119":{"start":{"line":120,"column":0},"end":{"line":120,"column":7}},"120":{"start":{"line":121,"column":0},"end":{"line":121,"column":58}},"121":{"start":{"line":122,"column":0},"end":{"line":122,"column":49}},"122":{"start":{"line":123,"column":0},"end":{"line":123,"column":7}},"123":{"start":{"line":124,"column":0},"end":{"line":124,"column":73}},"124":{"start":{"line":125,"column":0},"end":{"line":125,"column":44}},"125":{"start":{"line":126,"column":0},"end":{"line":126,"column":53}},"126":{"start":{"line":127,"column":0},"end":{"line":127,"column":7}},"127":{"start":{"line":128,"column":0},"end":{"line":128,"column":73}},"128":{"start":{"line":129,"column":0},"end":{"line":129,"column":44}},"129":{"start":{"line":130,"column":0},"end":{"line":130,"column":56}},"130":{"start":{"line":131,"column":0},"end":{"line":131,"column":7}},"133":{"start":{"line":134,"column":0},"end":{"line":134,"column":63}},"134":{"start":{"line":135,"column":0},"end":{"line":135,"column":53}},"135":{"start":{"line":136,"column":0},"end":{"line":136,"column":7}},"136":{"start":{"line":137,"column":0},"end":{"line":137,"column":81}},"137":{"start":{"line":138,"column":0},"end":{"line":138,"column":83}},"138":{"start":{"line":139,"column":0},"end":{"line":139,"column":63}},"139":{"start":{"line":140,"column":0},"end":{"line":140,"column":7}},"140":{"start":{"line":141,"column":0},"end":{"line":141,"column":56}},"141":{"start":{"line":142,"column":0},"end":{"line":142,"column":53}},"142":{"start":{"line":143,"column":0},"end":{"line":143,"column":7}},"143":{"start":{"line":144,"column":0},"end":{"line":144,"column":69}},"144":{"start":{"line":145,"column":0},"end":{"line":145,"column":61}},"145":{"start":{"line":146,"column":0},"end":{"line":146,"column":59}},"146":{"start":{"line":147,"column":0},"end":{"line":147,"column":7}},"149":{"start":{"line":150,"column":0},"end":{"line":150,"column":64}},"150":{"start":{"line":151,"column":0},"end":{"line":151,"column":50}},"151":{"start":{"line":152,"column":0},"end":{"line":152,"column":7}},"152":{"start":{"line":153,"column":0},"end":{"line":153,"column":58}},"153":{"start":{"line":154,"column":0},"end":{"line":154,"column":46}},"154":{"start":{"line":155,"column":0},"end":{"line":155,"column":7}},"155":{"start":{"line":156,"column":0},"end":{"line":156,"column":71}},"156":{"start":{"line":157,"column":0},"end":{"line":157,"column":49}},"157":{"start":{"line":158,"column":0},"end":{"line":158,"column":7}},"158":{"start":{"line":159,"column":0},"end":{"line":159,"column":67}},"159":{"start":{"line":160,"column":0},"end":{"line":160,"column":50}},"160":{"start":{"line":161,"column":0},"end":{"line":161,"column":7}},"161":{"start":{"line":162,"column":0},"end":{"line":162,"column":70}},"162":{"start":{"line":163,"column":0},"end":{"line":163,"column":49}},"163":{"start":{"line":164,"column":0},"end":{"line":164,"column":7}},"164":{"start":{"line":165,"column":0},"end":{"line":165,"column":63}},"165":{"start":{"line":166,"column":0},"end":{"line":166,"column":48}},"166":{"start":{"line":167,"column":0},"end":{"line":167,"column":7}},"167":{"start":{"line":168,"column":0},"end":{"line":168,"column":68}},"168":{"start":{"line":169,"column":0},"end":{"line":169,"column":53}},"169":{"start":{"line":170,"column":0},"end":{"line":170,"column":7}},"172":{"start":{"line":173,"column":0},"end":{"line":173,"column":45}},"173":{"start":{"line":174,"column":0},"end":{"line":174,"column":28}},"174":{"start":{"line":175,"column":0},"end":{"line":175,"column":26}},"175":{"start":{"line":176,"column":0},"end":{"line":176,"column":32}},"176":{"start":{"line":177,"column":0},"end":{"line":177,"column":36}},"177":{"start":{"line":178,"column":0},"end":{"line":178,"column":25}},"178":{"start":{"line":179,"column":0},"end":{"line":179,"column":13}},"179":{"start":{"line":180,"column":0},"end":{"line":180,"column":60}},"180":{"start":{"line":181,"column":0},"end":{"line":181,"column":10}},"181":{"start":{"line":182,"column":0},"end":{"line":182,"column":7}},"184":{"start":{"line":185,"column":0},"end":{"line":185,"column":53}},"185":{"start":{"line":186,"column":0},"end":{"line":186,"column":19}},"186":{"start":{"line":187,"column":0},"end":{"line":187,"column":67}},"187":{"start":{"line":188,"column":0},"end":{"line":188,"column":75}},"188":{"start":{"line":189,"column":0},"end":{"line":189,"column":26}},"189":{"start":{"line":190,"column":0},"end":{"line":190,"column":76}},"190":{"start":{"line":191,"column":0},"end":{"line":191,"column":71}},"191":{"start":{"line":192,"column":0},"end":{"line":192,"column":8}},"192":{"start":{"line":193,"column":0},"end":{"line":193,"column":5}},"193":{"start":{"line":194,"column":0},"end":{"line":194,"column":4}},"199":{"start":{"line":200,"column":0},"end":{"line":200,"column":90}},"200":{"start":{"line":201,"column":0},"end":{"line":201,"column":86}},"202":{"start":{"line":203,"column":0},"end":{"line":203,"column":18}},"203":{"start":{"line":204,"column":0},"end":{"line":204,"column":73}},"204":{"start":{"line":205,"column":0},"end":{"line":205,"column":60}},"205":{"start":{"line":206,"column":0},"end":{"line":206,"column":25}},"206":{"start":{"line":207,"column":0},"end":{"line":207,"column":61}},"207":{"start":{"line":208,"column":0},"end":{"line":208,"column":8}},"208":{"start":{"line":209,"column":0},"end":{"line":209,"column":6}},"209":{"start":{"line":210,"column":0},"end":{"line":210,"column":4}},"210":{"start":{"line":211,"column":0},"end":{"line":211,"column":2}}},"s":{"0":1,"46":1,"47":1,"48":1,"49":1,"50":1,"51":1,"52":1,"61":1,"62":1,"63":1,"65":1,"69":1,"71":18,"72":1,"73":1,"75":17,"76":17,"77":17,"79":17,"81":18,"82":1,"83":1,"86":18,"87":1,"88":1,"89":18,"90":0,"91":0,"94":18,"95":0,"96":0,"97":0,"100":18,"101":0,"102":0,"103":18,"104":0,"105":0,"106":18,"107":3,"108":3,"109":18,"110":1,"111":1,"112":18,"113":2,"114":2,"117":18,"118":2,"119":2,"120":18,"121":1,"122":1,"123":18,"124":0,"125":0,"126":0,"127":18,"128":1,"129":1,"130":1,"133":18,"134":1,"135":1,"136":18,"137":0,"138":0,"139":0,"140":18,"141":0,"142":0,"143":18,"144":0,"145":0,"146":0,"149":18,"150":1,"151":1,"152":18,"153":0,"154":0,"155":18,"156":0,"157":0,"158":18,"159":0,"160":0,"161":18,"162":0,"163":0,"164":18,"165":0,"166":0,"167":18,"168":1,"169":1,"172":18,"173":1,"174":1,"175":1,"176":1,"177":1,"178":1,"179":1,"180":1,"181":1,"184":1,"185":18,"186":0,"187":0,"188":0,"189":0,"190":0,"191":0,"192":0,"193":18,"199":1,"200":0,"202":0,"203":0,"204":0,"205":0,"206":0,"207":0,"208":0,"209":0,"210":1},"branchMap":{"0":{"type":"branch","line":70,"loc":{"start":{"line":70,"column":2},"end":{"line":194,"column":4}},"locations":[{"start":{"line":70,"column":2},"end":{"line":194,"column":4}}]},"1":{"type":"branch","line":72,"loc":{"start":{"line":72,"column":38},"end":{"line":74,"column":5}},"locations":[{"start":{"line":72,"column":38},"end":{"line":74,"column":5}}]},"2":{"type":"branch","line":74,"loc":{"start":{"line":74,"column":4},"end":{"line":82,"column":31}},"locations":[{"start":{"line":74,"column":4},"end":{"line":82,"column":31}}]},"3":{"type":"branch","line":82,"loc":{"start":{"line":82,"column":21},"end":{"line":82,"column":51}},"locations":[{"start":{"line":82,"column":21},"end":{"line":82,"column":51}}]},"4":{"type":"branch","line":82,"loc":{"start":{"line":82,"column":51},"end":{"line":84,"column":7}},"locations":[{"start":{"line":82,"column":51},"end":{"line":84,"column":7}}]},"5":{"type":"branch","line":84,"loc":{"start":{"line":84,"column":6},"end":{"line":87,"column":30}},"locations":[{"start":{"line":84,"column":6},"end":{"line":87,"column":30}}]},"6":{"type":"branch","line":87,"loc":{"start":{"line":87,"column":21},"end":{"line":87,"column":50}},"locations":[{"start":{"line":87,"column":21},"end":{"line":87,"column":50}}]},"7":{"type":"branch","line":87,"loc":{"start":{"line":87,"column":50},"end":{"line":89,"column":7}},"locations":[{"start":{"line":87,"column":50},"end":{"line":89,"column":7}}]},"8":{"type":"branch","line":89,"loc":{"start":{"line":89,"column":6},"end":{"line":90,"column":30}},"locations":[{"start":{"line":89,"column":6},"end":{"line":90,"column":30}}]},"9":{"type":"branch","line":90,"loc":{"start":{"line":90,"column":21},"end":{"line":90,"column":54}},"locations":[{"start":{"line":90,"column":21},"end":{"line":90,"column":54}}]},"10":{"type":"branch","line":90,"loc":{"start":{"line":90,"column":54},"end":{"line":92,"column":7}},"locations":[{"start":{"line":90,"column":54},"end":{"line":92,"column":7}}]},"11":{"type":"branch","line":92,"loc":{"start":{"line":92,"column":6},"end":{"line":95,"column":30}},"locations":[{"start":{"line":92,"column":6},"end":{"line":95,"column":30}}]},"12":{"type":"branch","line":95,"loc":{"start":{"line":95,"column":21},"end":{"line":95,"column":54}},"locations":[{"start":{"line":95,"column":21},"end":{"line":95,"column":54}}]},"13":{"type":"branch","line":95,"loc":{"start":{"line":95,"column":54},"end":{"line":98,"column":7}},"locations":[{"start":{"line":95,"column":54},"end":{"line":98,"column":7}}]},"14":{"type":"branch","line":98,"loc":{"start":{"line":98,"column":6},"end":{"line":101,"column":30}},"locations":[{"start":{"line":98,"column":6},"end":{"line":101,"column":30}}]},"15":{"type":"branch","line":101,"loc":{"start":{"line":101,"column":21},"end":{"line":101,"column":64}},"locations":[{"start":{"line":101,"column":21},"end":{"line":101,"column":64}}]},"16":{"type":"branch","line":101,"loc":{"start":{"line":101,"column":64},"end":{"line":103,"column":7}},"locations":[{"start":{"line":101,"column":64},"end":{"line":103,"column":7}}]},"17":{"type":"branch","line":103,"loc":{"start":{"line":103,"column":6},"end":{"line":104,"column":30}},"locations":[{"start":{"line":103,"column":6},"end":{"line":104,"column":30}}]},"18":{"type":"branch","line":104,"loc":{"start":{"line":104,"column":21},"end":{"line":104,"column":63}},"locations":[{"start":{"line":104,"column":21},"end":{"line":104,"column":63}}]},"19":{"type":"branch","line":104,"loc":{"start":{"line":104,"column":63},"end":{"line":106,"column":7}},"locations":[{"start":{"line":104,"column":63},"end":{"line":106,"column":7}}]},"20":{"type":"branch","line":106,"loc":{"start":{"line":106,"column":6},"end":{"line":107,"column":31}},"locations":[{"start":{"line":106,"column":6},"end":{"line":107,"column":31}}]},"21":{"type":"branch","line":107,"loc":{"start":{"line":107,"column":21},"end":{"line":107,"column":64}},"locations":[{"start":{"line":107,"column":21},"end":{"line":107,"column":64}}]},"22":{"type":"branch","line":107,"loc":{"start":{"line":107,"column":64},"end":{"line":109,"column":7}},"locations":[{"start":{"line":107,"column":64},"end":{"line":109,"column":7}}]},"23":{"type":"branch","line":109,"loc":{"start":{"line":109,"column":6},"end":{"line":110,"column":31}},"locations":[{"start":{"line":109,"column":6},"end":{"line":110,"column":31}}]},"24":{"type":"branch","line":110,"loc":{"start":{"line":110,"column":21},"end":{"line":110,"column":66}},"locations":[{"start":{"line":110,"column":21},"end":{"line":110,"column":66}}]},"25":{"type":"branch","line":110,"loc":{"start":{"line":110,"column":66},"end":{"line":112,"column":7}},"locations":[{"start":{"line":110,"column":66},"end":{"line":112,"column":7}}]},"26":{"type":"branch","line":112,"loc":{"start":{"line":112,"column":6},"end":{"line":113,"column":30}},"locations":[{"start":{"line":112,"column":6},"end":{"line":113,"column":30}}]},"27":{"type":"branch","line":113,"loc":{"start":{"line":113,"column":21},"end":{"line":113,"column":70}},"locations":[{"start":{"line":113,"column":21},"end":{"line":113,"column":70}}]},"28":{"type":"branch","line":113,"loc":{"start":{"line":113,"column":70},"end":{"line":115,"column":7}},"locations":[{"start":{"line":113,"column":70},"end":{"line":115,"column":7}}]},"29":{"type":"branch","line":115,"loc":{"start":{"line":115,"column":6},"end":{"line":118,"column":31}},"locations":[{"start":{"line":115,"column":6},"end":{"line":118,"column":31}}]},"30":{"type":"branch","line":118,"loc":{"start":{"line":118,"column":21},"end":{"line":118,"column":58}},"locations":[{"start":{"line":118,"column":21},"end":{"line":118,"column":58}}]},"31":{"type":"branch","line":118,"loc":{"start":{"line":118,"column":58},"end":{"line":120,"column":7}},"locations":[{"start":{"line":118,"column":58},"end":{"line":120,"column":7}}]},"32":{"type":"branch","line":120,"loc":{"start":{"line":120,"column":6},"end":{"line":121,"column":30}},"locations":[{"start":{"line":120,"column":6},"end":{"line":121,"column":30}}]},"33":{"type":"branch","line":121,"loc":{"start":{"line":121,"column":21},"end":{"line":121,"column":57}},"locations":[{"start":{"line":121,"column":21},"end":{"line":121,"column":57}}]},"34":{"type":"branch","line":121,"loc":{"start":{"line":121,"column":57},"end":{"line":123,"column":7}},"locations":[{"start":{"line":121,"column":57},"end":{"line":123,"column":7}}]},"35":{"type":"branch","line":123,"loc":{"start":{"line":123,"column":6},"end":{"line":124,"column":30}},"locations":[{"start":{"line":123,"column":6},"end":{"line":124,"column":30}}]},"36":{"type":"branch","line":124,"loc":{"start":{"line":124,"column":21},"end":{"line":124,"column":72}},"locations":[{"start":{"line":124,"column":21},"end":{"line":124,"column":72}}]},"37":{"type":"branch","line":124,"loc":{"start":{"line":124,"column":72},"end":{"line":127,"column":7}},"locations":[{"start":{"line":124,"column":72},"end":{"line":127,"column":7}}]},"38":{"type":"branch","line":127,"loc":{"start":{"line":127,"column":6},"end":{"line":128,"column":30}},"locations":[{"start":{"line":127,"column":6},"end":{"line":128,"column":30}}]},"39":{"type":"branch","line":128,"loc":{"start":{"line":128,"column":21},"end":{"line":128,"column":72}},"locations":[{"start":{"line":128,"column":21},"end":{"line":128,"column":72}}]},"40":{"type":"branch","line":128,"loc":{"start":{"line":128,"column":72},"end":{"line":131,"column":7}},"locations":[{"start":{"line":128,"column":72},"end":{"line":131,"column":7}}]},"41":{"type":"branch","line":131,"loc":{"start":{"line":131,"column":6},"end":{"line":134,"column":31}},"locations":[{"start":{"line":131,"column":6},"end":{"line":134,"column":31}}]},"42":{"type":"branch","line":134,"loc":{"start":{"line":134,"column":21},"end":{"line":134,"column":62}},"locations":[{"start":{"line":134,"column":21},"end":{"line":134,"column":62}}]},"43":{"type":"branch","line":134,"loc":{"start":{"line":134,"column":62},"end":{"line":136,"column":7}},"locations":[{"start":{"line":134,"column":62},"end":{"line":136,"column":7}}]},"44":{"type":"branch","line":136,"loc":{"start":{"line":136,"column":6},"end":{"line":137,"column":31}},"locations":[{"start":{"line":136,"column":6},"end":{"line":137,"column":31}}]},"45":{"type":"branch","line":137,"loc":{"start":{"line":137,"column":21},"end":{"line":137,"column":80}},"locations":[{"start":{"line":137,"column":21},"end":{"line":137,"column":80}}]},"46":{"type":"branch","line":137,"loc":{"start":{"line":137,"column":80},"end":{"line":140,"column":7}},"locations":[{"start":{"line":137,"column":80},"end":{"line":140,"column":7}}]},"47":{"type":"branch","line":140,"loc":{"start":{"line":140,"column":6},"end":{"line":141,"column":55}},"locations":[{"start":{"line":140,"column":6},"end":{"line":141,"column":55}}]},"48":{"type":"branch","line":141,"loc":{"start":{"line":141,"column":55},"end":{"line":143,"column":7}},"locations":[{"start":{"line":141,"column":55},"end":{"line":143,"column":7}}]},"49":{"type":"branch","line":143,"loc":{"start":{"line":143,"column":6},"end":{"line":144,"column":68}},"locations":[{"start":{"line":143,"column":6},"end":{"line":144,"column":68}}]},"50":{"type":"branch","line":144,"loc":{"start":{"line":144,"column":68},"end":{"line":147,"column":7}},"locations":[{"start":{"line":144,"column":68},"end":{"line":147,"column":7}}]},"51":{"type":"branch","line":147,"loc":{"start":{"line":147,"column":6},"end":{"line":150,"column":63}},"locations":[{"start":{"line":147,"column":6},"end":{"line":150,"column":63}}]},"52":{"type":"branch","line":150,"loc":{"start":{"line":150,"column":63},"end":{"line":152,"column":7}},"locations":[{"start":{"line":150,"column":63},"end":{"line":152,"column":7}}]},"53":{"type":"branch","line":152,"loc":{"start":{"line":152,"column":6},"end":{"line":153,"column":57}},"locations":[{"start":{"line":152,"column":6},"end":{"line":153,"column":57}}]},"54":{"type":"branch","line":153,"loc":{"start":{"line":153,"column":57},"end":{"line":155,"column":7}},"locations":[{"start":{"line":153,"column":57},"end":{"line":155,"column":7}}]},"55":{"type":"branch","line":155,"loc":{"start":{"line":155,"column":6},"end":{"line":156,"column":70}},"locations":[{"start":{"line":155,"column":6},"end":{"line":156,"column":70}}]},"56":{"type":"branch","line":156,"loc":{"start":{"line":156,"column":70},"end":{"line":158,"column":7}},"locations":[{"start":{"line":156,"column":70},"end":{"line":158,"column":7}}]},"57":{"type":"branch","line":158,"loc":{"start":{"line":158,"column":6},"end":{"line":159,"column":66}},"locations":[{"start":{"line":158,"column":6},"end":{"line":159,"column":66}}]},"58":{"type":"branch","line":159,"loc":{"start":{"line":159,"column":66},"end":{"line":161,"column":7}},"locations":[{"start":{"line":159,"column":66},"end":{"line":161,"column":7}}]},"59":{"type":"branch","line":161,"loc":{"start":{"line":161,"column":6},"end":{"line":162,"column":31}},"locations":[{"start":{"line":161,"column":6},"end":{"line":162,"column":31}}]},"60":{"type":"branch","line":162,"loc":{"start":{"line":162,"column":21},"end":{"line":162,"column":69}},"locations":[{"start":{"line":162,"column":21},"end":{"line":162,"column":69}}]},"61":{"type":"branch","line":162,"loc":{"start":{"line":162,"column":69},"end":{"line":164,"column":7}},"locations":[{"start":{"line":162,"column":69},"end":{"line":164,"column":7}}]},"62":{"type":"branch","line":164,"loc":{"start":{"line":164,"column":6},"end":{"line":165,"column":62}},"locations":[{"start":{"line":164,"column":6},"end":{"line":165,"column":62}}]},"63":{"type":"branch","line":165,"loc":{"start":{"line":165,"column":62},"end":{"line":167,"column":7}},"locations":[{"start":{"line":165,"column":62},"end":{"line":167,"column":7}}]},"64":{"type":"branch","line":167,"loc":{"start":{"line":167,"column":6},"end":{"line":168,"column":67}},"locations":[{"start":{"line":167,"column":6},"end":{"line":168,"column":67}}]},"65":{"type":"branch","line":168,"loc":{"start":{"line":168,"column":67},"end":{"line":170,"column":7}},"locations":[{"start":{"line":168,"column":67},"end":{"line":170,"column":7}}]},"66":{"type":"branch","line":170,"loc":{"start":{"line":170,"column":6},"end":{"line":173,"column":44}},"locations":[{"start":{"line":170,"column":6},"end":{"line":173,"column":44}}]},"67":{"type":"branch","line":173,"loc":{"start":{"line":173,"column":44},"end":{"line":186,"column":13}},"locations":[{"start":{"line":173,"column":44},"end":{"line":186,"column":13}}]},"68":{"type":"branch","line":186,"loc":{"start":{"line":186,"column":4},"end":{"line":193,"column":5}},"locations":[{"start":{"line":186,"column":4},"end":{"line":193,"column":5}}]}},"b":{"0":[18],"1":[1],"2":[17],"3":[8],"4":[1],"5":[16],"6":[8],"7":[1],"8":[15],"9":[7],"10":[0],"11":[15],"12":[7],"13":[0],"14":[15],"15":[7],"16":[0],"17":[15],"18":[7],"19":[0],"20":[15],"21":[7],"22":[3],"23":[12],"24":[4],"25":[1],"26":[11],"27":[7],"28":[2],"29":[9],"30":[3],"31":[2],"32":[7],"33":[5],"34":[1],"35":[6],"36":[4],"37":[0],"38":[6],"39":[1],"40":[1],"41":[5],"42":[1],"43":[1],"44":[4],"45":[0],"46":[0],"47":[4],"48":[0],"49":[4],"50":[0],"51":[4],"52":[1],"53":[3],"54":[0],"55":[3],"56":[0],"57":[3],"58":[0],"59":[3],"60":[0],"61":[0],"62":[3],"63":[0],"64":[3],"65":[1],"66":[2],"67":[1],"68":[0]},"fnMap":{"0":{"name":"fetch","decl":{"start":{"line":70,"column":2},"end":{"line":194,"column":4}},"loc":{"start":{"line":70,"column":2},"end":{"line":194,"column":4}},"line":70},"1":{"name":"scheduled","decl":{"start":{"line":200,"column":2},"end":{"line":210,"column":4}},"loc":{"start":{"line":200,"column":2},"end":{"line":210,"column":4}},"line":200}},"f":{"0":18,"1":0}}
,"G:\\coding\\clodo-dev-site\\visibility-marketing\\packages\\marketer\\src\\events\\affiliate-conversion.ts": {"path":"G:\\coding\\clodo-dev-site\\visibility-marketing\\packages\\marketer\\src\\events\\affiliate-conversion.ts","all":false,"statementMap":{"0":{"start":{"line":1,"column":0},"end":{"line":1,"column":3}},"30":{"start":{"line":31,"column":0},"end":{"line":31,"column":48}},"31":{"start":{"line":32,"column":0},"end":{"line":32,"column":11}},"32":{"start":{"line":33,"column":0},"end":{"line":33,"column":32}},"33":{"start":{"line":34,"column":0},"end":{"line":34,"column":19}},"34":{"start":{"line":35,"column":0},"end":{"line":35,"column":18}},"35":{"start":{"line":36,"column":0},"end":{"line":36,"column":9}},"36":{"start":{"line":37,"column":0},"end":{"line":37,"column":18}},"37":{"start":{"line":38,"column":0},"end":{"line":38,"column":11}},"38":{"start":{"line":39,"column":0},"end":{"line":39,"column":14}},"39":{"start":{"line":40,"column":0},"end":{"line":40,"column":16}},"40":{"start":{"line":41,"column":0},"end":{"line":41,"column":20}},"41":{"start":{"line":42,"column":0},"end":{"line":42,"column":9}},"42":{"start":{"line":43,"column":0},"end":{"line":43,"column":11}},"44":{"start":{"line":45,"column":0},"end":{"line":45,"column":14}},"45":{"start":{"line":46,"column":0},"end":{"line":46,"column":84}},"46":{"start":{"line":47,"column":0},"end":{"line":47,"column":96}},"47":{"start":{"line":48,"column":0},"end":{"line":48,"column":4}},"50":{"start":{"line":51,"column":0},"end":{"line":51,"column":16}},"51":{"start":{"line":52,"column":0},"end":{"line":52,"column":11}},"52":{"start":{"line":53,"column":0},"end":{"line":53,"column":69}},"53":{"start":{"line":54,"column":0},"end":{"line":54,"column":47}},"54":{"start":{"line":55,"column":0},"end":{"line":55,"column":5}},"55":{"start":{"line":56,"column":0},"end":{"line":56,"column":20}},"56":{"start":{"line":57,"column":0},"end":{"line":57,"column":70}},"57":{"start":{"line":58,"column":0},"end":{"line":58,"column":72}},"58":{"start":{"line":59,"column":0},"end":{"line":59,"column":5}},"59":{"start":{"line":60,"column":0},"end":{"line":60,"column":4}},"62":{"start":{"line":63,"column":0},"end":{"line":63,"column":83}},"65":{"start":{"line":66,"column":0},"end":{"line":66,"column":63}},"66":{"start":{"line":67,"column":0},"end":{"line":67,"column":57}},"67":{"start":{"line":68,"column":0},"end":{"line":68,"column":28}},"68":{"start":{"line":69,"column":0},"end":{"line":69,"column":30}},"69":{"start":{"line":70,"column":0},"end":{"line":70,"column":75}},"71":{"start":{"line":72,"column":0},"end":{"line":72,"column":53}},"72":{"start":{"line":73,"column":0},"end":{"line":73,"column":50}},"74":{"start":{"line":75,"column":0},"end":{"line":75,"column":30}},"75":{"start":{"line":76,"column":0},"end":{"line":76,"column":44}},"76":{"start":{"line":77,"column":0},"end":{"line":77,"column":37}},"78":{"start":{"line":79,"column":0},"end":{"line":79,"column":60}},"79":{"start":{"line":80,"column":0},"end":{"line":80,"column":30}},"80":{"start":{"line":81,"column":0},"end":{"line":81,"column":5}},"83":{"start":{"line":84,"column":0},"end":{"line":84,"column":84}},"84":{"start":{"line":85,"column":0},"end":{"line":85,"column":20}},"85":{"start":{"line":86,"column":0},"end":{"line":86,"column":16}},"86":{"start":{"line":87,"column":0},"end":{"line":87,"column":126}},"87":{"start":{"line":88,"column":0},"end":{"line":88,"column":6}},"88":{"start":{"line":89,"column":0},"end":{"line":89,"column":85}},"89":{"start":{"line":90,"column":0},"end":{"line":90,"column":84}},"92":{"start":{"line":93,"column":0},"end":{"line":93,"column":9}},"93":{"start":{"line":94,"column":0},"end":{"line":94,"column":74}},"94":{"start":{"line":95,"column":0},"end":{"line":95,"column":34}},"95":{"start":{"line":96,"column":0},"end":{"line":96,"column":28}},"96":{"start":{"line":97,"column":0},"end":{"line":97,"column":62}},"97":{"start":{"line":98,"column":0},"end":{"line":98,"column":59}},"98":{"start":{"line":99,"column":0},"end":{"line":99,"column":41}},"99":{"start":{"line":100,"column":0},"end":{"line":100,"column":9}},"100":{"start":{"line":101,"column":0},"end":{"line":101,"column":101}},"101":{"start":{"line":102,"column":0},"end":{"line":102,"column":19}},"102":{"start":{"line":103,"column":0},"end":{"line":103,"column":106}},"103":{"start":{"line":104,"column":0},"end":{"line":104,"column":5}},"104":{"start":{"line":105,"column":0},"end":{"line":105,"column":3}},"107":{"start":{"line":108,"column":0},"end":{"line":108,"column":85}},"108":{"start":{"line":109,"column":0},"end":{"line":109,"column":18}},"109":{"start":{"line":110,"column":0},"end":{"line":110,"column":108}},"110":{"start":{"line":111,"column":0},"end":{"line":111,"column":65}},"112":{"start":{"line":113,"column":0},"end":{"line":113,"column":18}},"113":{"start":{"line":114,"column":0},"end":{"line":114,"column":13}},"114":{"start":{"line":115,"column":0},"end":{"line":115,"column":71}},"115":{"start":{"line":116,"column":0},"end":{"line":116,"column":46}},"116":{"start":{"line":117,"column":0},"end":{"line":117,"column":78}},"117":{"start":{"line":118,"column":0},"end":{"line":118,"column":6}},"118":{"start":{"line":119,"column":0},"end":{"line":119,"column":3}},"122":{"start":{"line":123,"column":0},"end":{"line":123,"column":75}},"123":{"start":{"line":124,"column":0},"end":{"line":124,"column":69}},"125":{"start":{"line":126,"column":0},"end":{"line":126,"column":24}},"127":{"start":{"line":128,"column":0},"end":{"line":128,"column":9}},"128":{"start":{"line":129,"column":0},"end":{"line":129,"column":77}},"129":{"start":{"line":130,"column":0},"end":{"line":130,"column":67}},"130":{"start":{"line":131,"column":0},"end":{"line":131,"column":52}},"131":{"start":{"line":132,"column":0},"end":{"line":132,"column":54}},"132":{"start":{"line":133,"column":0},"end":{"line":133,"column":72}},"133":{"start":{"line":134,"column":0},"end":{"line":134,"column":37}},"134":{"start":{"line":135,"column":0},"end":{"line":135,"column":11}},"135":{"start":{"line":136,"column":0},"end":{"line":136,"column":7}},"136":{"start":{"line":137,"column":0},"end":{"line":137,"column":13}},"137":{"start":{"line":138,"column":0},"end":{"line":138,"column":97}},"138":{"start":{"line":139,"column":0},"end":{"line":139,"column":5}},"139":{"start":{"line":140,"column":0},"end":{"line":140,"column":3}},"141":{"start":{"line":142,"column":0},"end":{"line":142,"column":23}},"142":{"start":{"line":143,"column":0},"end":{"line":143,"column":70}},"143":{"start":{"line":144,"column":0},"end":{"line":144,"column":74}},"144":{"start":{"line":145,"column":0},"end":{"line":145,"column":20}},"145":{"start":{"line":146,"column":0},"end":{"line":146,"column":11}},"146":{"start":{"line":147,"column":0},"end":{"line":147,"column":43}},"147":{"start":{"line":148,"column":0},"end":{"line":148,"column":53}},"148":{"start":{"line":149,"column":0},"end":{"line":149,"column":57}},"149":{"start":{"line":150,"column":0},"end":{"line":150,"column":33}},"150":{"start":{"line":151,"column":0},"end":{"line":151,"column":58}},"151":{"start":{"line":152,"column":0},"end":{"line":152,"column":7}},"152":{"start":{"line":153,"column":0},"end":{"line":153,"column":3}},"155":{"start":{"line":156,"column":0},"end":{"line":156,"column":40}},"156":{"start":{"line":157,"column":0},"end":{"line":157,"column":18}},"157":{"start":{"line":158,"column":0},"end":{"line":158,"column":9}},"158":{"start":{"line":159,"column":0},"end":{"line":159,"column":16}},"159":{"start":{"line":160,"column":0},"end":{"line":160,"column":20}},"160":{"start":{"line":161,"column":0},"end":{"line":161,"column":5}},"162":{"start":{"line":163,"column":0},"end":{"line":163,"column":81}},"163":{"start":{"line":164,"column":0},"end":{"line":164,"column":1}}},"s":{"0":1,"30":2,"31":2,"32":2,"33":2,"34":2,"35":2,"36":2,"37":2,"38":2,"39":2,"40":2,"41":2,"42":2,"44":2,"45":2,"46":2,"47":2,"50":2,"51":2,"52":2,"53":2,"54":2,"55":2,"56":2,"57":2,"58":2,"59":2,"62":2,"65":2,"66":2,"67":2,"68":0,"69":2,"71":2,"72":2,"74":2,"75":2,"76":2,"78":2,"79":2,"80":2,"83":2,"84":2,"85":0,"86":0,"87":0,"88":0,"89":0,"92":0,"93":0,"94":0,"95":0,"96":0,"97":0,"98":0,"99":0,"100":0,"101":0,"102":0,"103":0,"104":0,"107":2,"108":2,"109":0,"110":0,"112":0,"113":0,"114":0,"115":0,"116":0,"117":0,"118":0,"122":2,"123":2,"125":2,"127":2,"128":2,"129":2,"130":2,"131":0,"132":0,"133":0,"134":0,"135":0,"136":2,"137":0,"138":0,"139":2,"141":2,"142":0,"143":0,"144":0,"145":0,"146":0,"147":0,"148":0,"149":0,"150":0,"151":0,"152":0,"155":2,"156":2,"157":2,"158":2,"159":2,"160":2,"162":2,"163":2},"branchMap":{"0":{"type":"branch","line":31,"loc":{"start":{"line":31,"column":0},"end":{"line":164,"column":1}},"locations":[{"start":{"line":31,"column":0},"end":{"line":164,"column":1}}]},"1":{"type":"branch","line":68,"loc":{"start":{"line":68,"column":16},"end":{"line":69,"column":30}},"locations":[{"start":{"line":68,"column":16},"end":{"line":69,"column":30}}]},"2":{"type":"branch","line":85,"loc":{"start":{"line":85,"column":19},"end":{"line":105,"column":3}},"locations":[{"start":{"line":85,"column":19},"end":{"line":105,"column":3}}]},"3":{"type":"branch","line":109,"loc":{"start":{"line":109,"column":17},"end":{"line":119,"column":3}},"locations":[{"start":{"line":109,"column":17},"end":{"line":119,"column":3}}]},"4":{"type":"branch","line":131,"loc":{"start":{"line":131,"column":51},"end":{"line":136,"column":7}},"locations":[{"start":{"line":131,"column":51},"end":{"line":136,"column":7}}]},"5":{"type":"branch","line":137,"loc":{"start":{"line":137,"column":4},"end":{"line":139,"column":5}},"locations":[{"start":{"line":137,"column":4},"end":{"line":139,"column":5}}]},"6":{"type":"branch","line":142,"loc":{"start":{"line":142,"column":22},"end":{"line":153,"column":3}},"locations":[{"start":{"line":142,"column":22},"end":{"line":153,"column":3}}]}},"b":{"0":[2],"1":[0],"2":[0],"3":[0],"4":[0],"5":[0],"6":[0]},"fnMap":{"0":{"name":"handleAffiliateConversion","decl":{"start":{"line":31,"column":0},"end":{"line":164,"column":1}},"loc":{"start":{"line":31,"column":0},"end":{"line":164,"column":1}},"line":31}},"f":{"0":2}}
,"G:\\coding\\clodo-dev-site\\visibility-marketing\\packages\\marketer\\src\\events\\index.ts": {"path":"G:\\coding\\clodo-dev-site\\visibility-marketing\\packages\\marketer\\src\\events\\index.ts","all":true,"statementMap":{"0":{"start":{"line":1,"column":0},"end":{"line":1,"column":3}}},"s":{"0":0},"branchMap":{"0":{"type":"branch","line":1,"loc":{"start":{"line":1,"column":209},"end":{"line":7,"column":55}},"locations":[{"start":{"line":1,"column":209},"end":{"line":7,"column":55}}]}},"b":{"0":[0]},"fnMap":{"0":{"name":"(empty-report)","decl":{"start":{"line":1,"column":209},"end":{"line":7,"column":55}},"loc":{"start":{"line":1,"column":209},"end":{"line":7,"column":55}},"line":1}},"f":{"0":0}}
,"G:\\coding\\clodo-dev-site\\visibility-marketing\\packages\\marketer\\src\\events\\router.ts": {"path":"G:\\coding\\clodo-dev-site\\visibility-marketing\\packages\\marketer\\src\\events\\router.ts","all":false,"statementMap":{"0":{"start":{"line":1,"column":0},"end":{"line":1,"column":3}},"21":{"start":{"line":22,"column":0},"end":{"line":22,"column":33}},"22":{"start":{"line":23,"column":0},"end":{"line":23,"column":19}},"23":{"start":{"line":24,"column":0},"end":{"line":24,"column":11}},"24":{"start":{"line":25,"column":0},"end":{"line":25,"column":23}},"25":{"start":{"line":26,"column":0},"end":{"line":26,"column":22}},"26":{"start":{"line":27,"column":0},"end":{"line":27,"column":7}},"27":{"start":{"line":28,"column":0},"end":{"line":28,"column":57}},"28":{"start":{"line":29,"column":0},"end":{"line":29,"column":56}},"31":{"start":{"line":32,"column":0},"end":{"line":32,"column":36}},"32":{"start":{"line":33,"column":0},"end":{"line":33,"column":77}},"33":{"start":{"line":34,"column":0},"end":{"line":34,"column":83}},"34":{"start":{"line":35,"column":0},"end":{"line":35,"column":20}},"35":{"start":{"line":36,"column":0},"end":{"line":36,"column":55}},"36":{"start":{"line":37,"column":0},"end":{"line":37,"column":9}},"37":{"start":{"line":38,"column":0},"end":{"line":38,"column":5}},"40":{"start":{"line":41,"column":0},"end":{"line":41,"column":40}},"41":{"start":{"line":42,"column":0},"end":{"line":42,"column":91}},"42":{"start":{"line":43,"column":0},"end":{"line":43,"column":20}},"43":{"start":{"line":44,"column":0},"end":{"line":44,"column":55}},"44":{"start":{"line":45,"column":0},"end":{"line":45,"column":9}},"45":{"start":{"line":46,"column":0},"end":{"line":46,"column":5}},"47":{"start":{"line":48,"column":0},"end":{"line":48,"column":63}},"50":{"start":{"line":51,"column":0},"end":{"line":51,"column":20}},"51":{"start":{"line":52,"column":0},"end":{"line":52,"column":44}},"52":{"start":{"line":53,"column":0},"end":{"line":53,"column":22}},"53":{"start":{"line":54,"column":0},"end":{"line":54,"column":84}},"54":{"start":{"line":55,"column":0},"end":{"line":55,"column":10}},"55":{"start":{"line":56,"column":0},"end":{"line":56,"column":14}},"57":{"start":{"line":58,"column":0},"end":{"line":58,"column":38}},"58":{"start":{"line":59,"column":0},"end":{"line":59,"column":22}},"59":{"start":{"line":60,"column":0},"end":{"line":60,"column":72}},"60":{"start":{"line":61,"column":0},"end":{"line":61,"column":10}},"61":{"start":{"line":62,"column":0},"end":{"line":62,"column":14}},"64":{"start":{"line":65,"column":0},"end":{"line":65,"column":35}},"65":{"start":{"line":66,"column":0},"end":{"line":66,"column":70}},"66":{"start":{"line":67,"column":0},"end":{"line":67,"column":14}},"68":{"start":{"line":69,"column":0},"end":{"line":69,"column":36}},"69":{"start":{"line":70,"column":0},"end":{"line":70,"column":70}},"70":{"start":{"line":71,"column":0},"end":{"line":71,"column":14}},"72":{"start":{"line":73,"column":0},"end":{"line":73,"column":38}},"73":{"start":{"line":74,"column":0},"end":{"line":74,"column":70}},"74":{"start":{"line":75,"column":0},"end":{"line":75,"column":14}},"76":{"start":{"line":77,"column":0},"end":{"line":77,"column":39}},"77":{"start":{"line":78,"column":0},"end":{"line":78,"column":70}},"78":{"start":{"line":79,"column":0},"end":{"line":79,"column":14}},"80":{"start":{"line":81,"column":0},"end":{"line":81,"column":41}},"81":{"start":{"line":82,"column":0},"end":{"line":82,"column":70}},"82":{"start":{"line":83,"column":0},"end":{"line":83,"column":14}},"84":{"start":{"line":85,"column":0},"end":{"line":85,"column":14}},"85":{"start":{"line":86,"column":0},"end":{"line":86,"column":20}},"86":{"start":{"line":87,"column":0},"end":{"line":87,"column":50}},"87":{"start":{"line":88,"column":0},"end":{"line":88,"column":70}},"88":{"start":{"line":89,"column":0},"end":{"line":89,"column":10}},"89":{"start":{"line":90,"column":0},"end":{"line":90,"column":5}},"91":{"start":{"line":92,"column":0},"end":{"line":92,"column":62}},"92":{"start":{"line":93,"column":0},"end":{"line":93,"column":18}},"93":{"start":{"line":94,"column":0},"end":{"line":94,"column":53}},"94":{"start":{"line":95,"column":0},"end":{"line":95,"column":7}},"95":{"start":{"line":96,"column":0},"end":{"line":96,"column":17}},"96":{"start":{"line":97,"column":0},"end":{"line":97,"column":68}},"97":{"start":{"line":98,"column":0},"end":{"line":98,"column":53}},"98":{"start":{"line":99,"column":0},"end":{"line":99,"column":89}},"99":{"start":{"line":100,"column":0},"end":{"line":100,"column":18}},"100":{"start":{"line":101,"column":0},"end":{"line":101,"column":53}},"101":{"start":{"line":102,"column":0},"end":{"line":102,"column":7}},"102":{"start":{"line":103,"column":0},"end":{"line":103,"column":3}},"103":{"start":{"line":104,"column":0},"end":{"line":104,"column":1}},"108":{"start":{"line":109,"column":0},"end":{"line":109,"column":33}},"109":{"start":{"line":110,"column":0},"end":{"line":110,"column":11}},"110":{"start":{"line":111,"column":0},"end":{"line":111,"column":20}},"111":{"start":{"line":112,"column":0},"end":{"line":112,"column":16}},"112":{"start":{"line":113,"column":0},"end":{"line":113,"column":19}},"113":{"start":{"line":114,"column":0},"end":{"line":114,"column":18}},"114":{"start":{"line":115,"column":0},"end":{"line":115,"column":123}},"117":{"start":{"line":118,"column":0},"end":{"line":118,"column":50}},"118":{"start":{"line":119,"column":0},"end":{"line":119,"column":61}},"119":{"start":{"line":120,"column":0},"end":{"line":120,"column":9}},"120":{"start":{"line":121,"column":0},"end":{"line":121,"column":65}},"121":{"start":{"line":122,"column":0},"end":{"line":122,"column":59}},"124":{"start":{"line":125,"column":0},"end":{"line":125,"column":98}},"127":{"start":{"line":128,"column":0},"end":{"line":128,"column":51}},"128":{"start":{"line":129,"column":0},"end":{"line":129,"column":85}},"129":{"start":{"line":130,"column":0},"end":{"line":130,"column":7}},"132":{"start":{"line":133,"column":0},"end":{"line":133,"column":50}},"133":{"start":{"line":134,"column":0},"end":{"line":134,"column":50}},"134":{"start":{"line":135,"column":0},"end":{"line":135,"column":38}},"135":{"start":{"line":136,"column":0},"end":{"line":136,"column":92}},"136":{"start":{"line":137,"column":0},"end":{"line":137,"column":70}},"137":{"start":{"line":138,"column":0},"end":{"line":138,"column":11}},"138":{"start":{"line":139,"column":0},"end":{"line":139,"column":7}},"139":{"start":{"line":140,"column":0},"end":{"line":140,"column":19}},"140":{"start":{"line":141,"column":0},"end":{"line":141,"column":75}},"141":{"start":{"line":142,"column":0},"end":{"line":142,"column":5}},"142":{"start":{"line":143,"column":0},"end":{"line":143,"column":3}},"143":{"start":{"line":144,"column":0},"end":{"line":144,"column":1}}},"s":{"0":1,"21":9,"22":9,"23":9,"24":9,"25":9,"26":9,"27":9,"28":8,"31":9,"32":1,"33":1,"34":1,"35":1,"36":1,"37":1,"40":9,"41":2,"42":2,"43":2,"44":2,"45":2,"47":5,"50":5,"51":9,"52":2,"53":2,"54":2,"55":2,"57":9,"58":1,"59":1,"60":1,"61":1,"64":9,"65":1,"66":1,"68":9,"69":0,"70":0,"72":9,"73":0,"74":0,"76":9,"77":0,"78":0,"80":9,"81":0,"82":0,"84":9,"85":1,"86":1,"87":1,"88":1,"89":9,"91":5,"92":5,"93":5,"94":5,"95":9,"96":1,"97":1,"98":1,"99":1,"100":1,"101":1,"102":1,"103":9,"108":1,"109":1,"110":1,"111":1,"112":1,"113":1,"114":1,"117":1,"118":1,"119":1,"120":1,"121":1,"124":1,"127":1,"128":0,"129":0,"132":1,"133":1,"134":1,"135":1,"136":1,"137":1,"138":1,"139":1,"140":0,"141":0,"142":1,"143":1},"branchMap":{"0":{"type":"branch","line":22,"loc":{"start":{"line":22,"column":0},"end":{"line":104,"column":1}},"locations":[{"start":{"line":22,"column":0},"end":{"line":104,"column":1}}]},"1":{"type":"branch","line":28,"loc":{"start":{"line":28,"column":55},"end":{"line":32,"column":35}},"locations":[{"start":{"line":28,"column":55},"end":{"line":32,"column":35}}]},"2":{"type":"branch","line":32,"loc":{"start":{"line":32,"column":35},"end":{"line":38,"column":5}},"locations":[{"start":{"line":32,"column":35},"end":{"line":38,"column":5}}]},"3":{"type":"branch","line":38,"loc":{"start":{"line":38,"column":4},"end":{"line":41,"column":18}},"locations":[{"start":{"line":38,"column":4},"end":{"line":41,"column":18}}]},"4":{"type":"branch","line":41,"loc":{"start":{"line":41,"column":9},"end":{"line":41,"column":32}},"locations":[{"start":{"line":41,"column":9},"end":{"line":41,"column":32}}]},"5":{"type":"branch","line":41,"loc":{"start":{"line":41,"column":19},"end":{"line":41,"column":39}},"locations":[{"start":{"line":41,"column":19},"end":{"line":41,"column":39}}]},"6":{"type":"branch","line":41,"loc":{"start":{"line":41,"column":39},"end":{"line":46,"column":5}},"locations":[{"start":{"line":41,"column":39},"end":{"line":46,"column":5}}]},"7":{"type":"branch","line":46,"loc":{"start":{"line":46,"column":4},"end":{"line":51,"column":20}},"locations":[{"start":{"line":46,"column":4},"end":{"line":51,"column":20}}]},"8":{"type":"branch","line":52,"loc":{"start":{"line":52,"column":6},"end":{"line":56,"column":14}},"locations":[{"start":{"line":52,"column":6},"end":{"line":56,"column":14}}]},"9":{"type":"branch","line":58,"loc":{"start":{"line":58,"column":6},"end":{"line":62,"column":14}},"locations":[{"start":{"line":58,"column":6},"end":{"line":62,"column":14}}]},"10":{"type":"branch","line":65,"loc":{"start":{"line":65,"column":6},"end":{"line":67,"column":14}},"locations":[{"start":{"line":65,"column":6},"end":{"line":67,"column":14}}]},"11":{"type":"branch","line":69,"loc":{"start":{"line":69,"column":6},"end":{"line":71,"column":14}},"locations":[{"start":{"line":69,"column":6},"end":{"line":71,"column":14}}]},"12":{"type":"branch","line":73,"loc":{"start":{"line":73,"column":6},"end":{"line":75,"column":14}},"locations":[{"start":{"line":73,"column":6},"end":{"line":75,"column":14}}]},"13":{"type":"branch","line":77,"loc":{"start":{"line":77,"column":6},"end":{"line":79,"column":14}},"locations":[{"start":{"line":77,"column":6},"end":{"line":79,"column":14}}]},"14":{"type":"branch","line":81,"loc":{"start":{"line":81,"column":6},"end":{"line":83,"column":14}},"locations":[{"start":{"line":81,"column":6},"end":{"line":83,"column":14}}]},"15":{"type":"branch","line":85,"loc":{"start":{"line":85,"column":6},"end":{"line":89,"column":10}},"locations":[{"start":{"line":85,"column":6},"end":{"line":89,"column":10}}]},"16":{"type":"branch","line":90,"loc":{"start":{"line":90,"column":4},"end":{"line":96,"column":11}},"locations":[{"start":{"line":90,"column":4},"end":{"line":96,"column":11}}]},"17":{"type":"branch","line":96,"loc":{"start":{"line":96,"column":2},"end":{"line":103,"column":3}},"locations":[{"start":{"line":96,"column":2},"end":{"line":103,"column":3}}]},"18":{"type":"branch","line":97,"loc":{"start":{"line":97,"column":46},"end":{"line":97,"column":68}},"locations":[{"start":{"line":97,"column":46},"end":{"line":97,"column":68}}]},"19":{"type":"branch","line":109,"loc":{"start":{"line":109,"column":0},"end":{"line":144,"column":1}},"locations":[{"start":{"line":109,"column":0},"end":{"line":144,"column":1}}]},"20":{"type":"branch","line":128,"loc":{"start":{"line":128,"column":50},"end":{"line":130,"column":7}},"locations":[{"start":{"line":128,"column":50},"end":{"line":130,"column":7}}]},"21":{"type":"branch","line":136,"loc":{"start":{"line":136,"column":26},"end":{"line":136,"column":69}},"locations":[{"start":{"line":136,"column":26},"end":{"line":136,"column":69}}]},"22":{"type":"branch","line":140,"loc":{"start":{"line":140,"column":4},"end":{"line":142,"column":5}},"locations":[{"start":{"line":140,"column":4},"end":{"line":142,"column":5}}]}},"b":{"0":[9],"1":[8],"2":[1],"3":[7],"4":[6],"5":[6],"6":[2],"7":[5],"8":[2],"9":[1],"10":[1],"11":[0],"12":[0],"13":[0],"14":[0],"15":[1],"16":[5],"17":[1],"18":[0],"19":[1],"20":[0],"21":[0],"22":[0]},"fnMap":{"0":{"name":"routeEvent","decl":{"start":{"line":22,"column":0},"end":{"line":104,"column":1}},"loc":{"start":{"line":22,"column":0},"end":{"line":104,"column":1}},"line":22},"1":{"name":"handleFutureEvent","decl":{"start":{"line":109,"column":0},"end":{"line":144,"column":1}},"loc":{"start":{"line":109,"column":0},"end":{"line":144,"column":1}},"line":109}},"f":{"0":9,"1":1}}
,"G:\\coding\\clodo-dev-site\\visibility-marketing\\packages\\marketer\\src\\events\\user-converted.ts": {"path":"G:\\coding\\clodo-dev-site\\visibility-marketing\\packages\\marketer\\src\\events\\user-converted.ts","all":false,"statementMap":{"0":{"start":{"line":1,"column":0},"end":{"line":1,"column":3}},"20":{"start":{"line":21,"column":0},"end":{"line":21,"column":42}},"21":{"start":{"line":22,"column":0},"end":{"line":22,"column":11}},"22":{"start":{"line":23,"column":0},"end":{"line":23,"column":26}},"23":{"start":{"line":24,"column":0},"end":{"line":24,"column":19}},"24":{"start":{"line":25,"column":0},"end":{"line":25,"column":18}},"25":{"start":{"line":26,"column":0},"end":{"line":26,"column":68}},"28":{"start":{"line":29,"column":0},"end":{"line":29,"column":47}},"30":{"start":{"line":31,"column":0},"end":{"line":31,"column":14}},"31":{"start":{"line":32,"column":0},"end":{"line":32,"column":45}},"32":{"start":{"line":33,"column":0},"end":{"line":33,"column":93}},"33":{"start":{"line":34,"column":0},"end":{"line":34,"column":4}},"36":{"start":{"line":37,"column":0},"end":{"line":37,"column":56}},"37":{"start":{"line":38,"column":0},"end":{"line":38,"column":68}},"38":{"start":{"line":39,"column":0},"end":{"line":39,"column":85}},"41":{"start":{"line":42,"column":0},"end":{"line":42,"column":64}},"44":{"start":{"line":45,"column":0},"end":{"line":45,"column":17}},"45":{"start":{"line":46,"column":0},"end":{"line":46,"column":89}},"46":{"start":{"line":47,"column":0},"end":{"line":47,"column":24}},"47":{"start":{"line":48,"column":0},"end":{"line":48,"column":100}},"48":{"start":{"line":49,"column":0},"end":{"line":49,"column":5}},"49":{"start":{"line":50,"column":0},"end":{"line":50,"column":3}},"52":{"start":{"line":53,"column":0},"end":{"line":53,"column":90}},"53":{"start":{"line":54,"column":0},"end":{"line":54,"column":9}},"54":{"start":{"line":55,"column":0},"end":{"line":55,"column":17}},"55":{"start":{"line":56,"column":0},"end":{"line":56,"column":16}},"56":{"start":{"line":57,"column":0},"end":{"line":57,"column":12}},"57":{"start":{"line":58,"column":0},"end":{"line":58,"column":46}},"58":{"start":{"line":59,"column":0},"end":{"line":59,"column":43}},"59":{"start":{"line":60,"column":0},"end":{"line":60,"column":5}},"60":{"start":{"line":61,"column":0},"end":{"line":61,"column":74}},"63":{"start":{"line":64,"column":0},"end":{"line":64,"column":50}},"66":{"start":{"line":67,"column":0},"end":{"line":67,"column":56}},"67":{"start":{"line":68,"column":0},"end":{"line":68,"column":29}},"68":{"start":{"line":69,"column":0},"end":{"line":69,"column":10}},"69":{"start":{"line":70,"column":0},"end":{"line":70,"column":20}},"70":{"start":{"line":71,"column":0},"end":{"line":71,"column":19}},"71":{"start":{"line":72,"column":0},"end":{"line":72,"column":11}},"72":{"start":{"line":73,"column":0},"end":{"line":73,"column":18}},"73":{"start":{"line":74,"column":
[...]
"column":8}},"124":{"start":{"line":125,"column":0},"end":{"line":125,"column":7}},"125":{"start":{"line":126,"column":0},"end":{"line":126,"column":17}},"126":{"start":{"line":127,"column":0},"end":{"line":127,"column":50}},"127":{"start":{"line":128,"column":0},"end":{"line":128,"column":58}},"128":{"start":{"line":129,"column":0},"end":{"line":129,"column":3}},"129":{"start":{"line":130,"column":0},"end":{"line":130,"column":1}},"137":{"start":{"line":138,"column":0},"end":{"line":138,"column":47}},"138":{"start":{"line":139,"column":0},"end":{"line":139,"column":19}},"139":{"start":{"line":140,"column":0},"end":{"line":140,"column":11}},"140":{"start":{"line":141,"column":0},"end":{"line":141,"column":17}},"141":{"start":{"line":142,"column":0},"end":{"line":142,"column":22}},"142":{"start":{"line":143,"column":0},"end":{"line":143,"column":52}},"144":{"start":{"line":145,"column":0},"end":{"line":145,"column":47}},"145":{"start":{"line":146,"column":0},"end":{"line":146,"column":11}},"146":{"start":{"line":147,"column":0},"end":{"line":147,"column":48}},"147":{"start":{"line":148,"column":0},"end":{"line":148,"column":13}},"148":{"start":{"line":149,"column":0},"end":{"line":149,"column":4}},"150":{"start":{"line":151,"column":0},"end":{"line":151,"column":61}},"151":{"start":{"line":152,"column":0},"end":{"line":152,"column":47}},"152":{"start":{"line":153,"column":0},"end":{"line":153,"column":75}},"153":{"start":{"line":154,"column":0},"end":{"line":154,"column":3}},"155":{"start":{"line":156,"column":0},"end":{"line":156,"column":7}},"157":{"start":{"line":158,"column":0},"end":{"line":158,"column":18}},"158":{"start":{"line":159,"column":0},"end":{"line":159,"column":13}},"159":{"start":{"line":160,"column":0},"end":{"line":160,"column":86}},"160":{"start":{"line":161,"column":0},"end":{"line":161,"column":15}},"161":{"start":{"line":162,"column":0},"end":{"line":162,"column":6}},"164":{"start":{"line":165,"column":0},"end":{"line":165,"column":45}},"165":{"start":{"line":166,"column":0},"end":{"line":166,"column":13}},"166":{"start":{"line":167,"column":0},"end":{"line":167,"column":94}},"167":{"start":{"line":168,"column":0},"end":{"line":168,"column":15}},"168":{"start":{"line":169,"column":0},"end":{"line":169,"column":6}},"171":{"start":{"line":172,"column":0},"end":{"line":172,"column":80}},"172":{"start":{"line":173,"column":0},"end":{"line":173,"column":9}},"173":{"start":{"line":174,"column":0},"end":{"line":174,"column":38}},"174":{"start":{"line":175,"column":0},"end":{"line":175,"column":13}},"176":{"start":{"line":177,"column":0},"end":{"line":177,"column":5}},"178":{"start":{"line":179,"column":0},"end":{"line":179,"column":68}},"180":{"start":{"line":181,"column":0},"end":{"line":181,"column":25}},"181":{"start":{"line":182,"column":0},"end":{"line":182,"column":31}},"182":{"start":{"line":183,"column":0},"end":{"line":183,"column":66}},"183":{"start":{"line":184,"column":0},"end":{"line":184,"column":69}},"185":{"start":{"line":186,"column":0},"end":{"line":186,"column":11}},"189":{"start":{"line":190,"column":0},"end":{"line":190,"column":22}},"190":{"start":{"line":191,"column":0},"end":{"line":191,"column":17}},"191":{"start":{"line":192,"column":0},"end":{"line":192,"column":109}},"192":{"start":{"line":193,"column":0},"end":{"line":193,"column":45}},"193":{"start":{"line":194,"column":0},"end":{"line":194,"column":10}},"196":{"start":{"line":197,"column":0},"end":{"line":197,"column":22}},"197":{"start":{"line":198,"column":0},"end":{"line":198,"column":17}},"198":{"start":{"line":199,"column":0},"end":{"line":199,"column":75}},"199":{"start":{"line":200,"column":0},"end":{"line":200,"column":49}},"200":{"start":{"line":201,"column":0},"end":{"line":201,"column":11}},"201":{"start":{"line":202,"column":0},"end":{"line":202,"column":32}},"202":{"start":{"line":203,"column":0},"end":{"line":203,"column":101}},"203":{"start":{"line":204,"column":0},"end":{"line":204,"column":11}},"204":{"start":{"line":205,"column":0},"end":{"line":205,"column":10}},"206":{"start":{"line":207,"column":0},"end":{"line":207,"column":23}},"207":{"start":{"line":208,"column":0},"end":{"line":208,"column":21}},"208":{"start":{"line":209,"column":0},"end":{"line":209,"column":75}},"209":{"start":{"line":210,"column":0},"end":{"line":210,"column":22}},"210":{"start":{"line":211,"column":0},"end":{"line":211,"column":17}},"211":{"start":{"line":212,"column":0},"end":{"line":212,"column":84}},"212":{"start":{"line":213,"column":0},"end":{"line":213,"column":19}},"213":{"start":{"line":214,"column":0},"end":{"line":214,"column":10}},"214":{"start":{"line":215,"column":0},"end":{"line":215,"column":7}},"215":{"start":{"line":216,"column":0},"end":{"line":216,"column":5}},"218":{"start":{"line":219,"column":0},"end":{"line":219,"column":103}},"219":{"start":{"line":220,"column":0},"end":{"line":220,"column":18}},"220":{"start":{"line":221,"column":0},"end":{"line":221,"column":13}},"221":{"start":{"line":222,"column":0},"end":{"line":222,"column":76}},"222":{"start":{"line":223,"column":0},"end":{"line":223,"column":35}},"223":{"start":{"line":224,"column":0},"end":{"line":224,"column":6}},"226":{"start":{"line":227,"column":0},"end":{"line":227,"column":50}},"227":{"start":{"line":228,"column":0},"end":{"line":228,"column":97}},"228":{"start":{"line":229,"column":0},"end":{"line":229,"column":5}},"230":{"start":{"line":231,"column":0},"end":{"line":231,"column":15}},"231":{"start":{"line":232,"column":0},"end":{"line":232,"column":14}},"232":{"start":{"line":233,"column":0},"end":{"line":233,"column":26}},"233":{"start":{"line":234,"column":0},"end":{"line":234,"column":30}},"234":{"start":{"line":235,"column":0},"end":{"line":235,"column":26}},"235":{"start":{"line":236,"column":0},"end":{"line":236,"column":42}},"236":{"start":{"line":237,"column":0},"end":{"line":237,"column":7}},"237":{"start":{"line":238,"column":0},"end":{"line":238,"column":17}},"238":{"start":{"line":239,"column":0},"end":{"line":239,"column":51}},"239":{"start":{"line":240,"column":0},"end":{"line":240,"column":18}},"240":{"start":{"line":241,"column":0},"end":{"line":241,"column":13}},"241":{"start":{"line":242,"column":0},"end":{"line":242,"column":82}},"242":{"start":{"line":243,"column":0},"end":{"line":243,"column":15}},"243":{"start":{"line":244,"column":0},"end":{"line":244,"column":6}},"244":{"start":{"line":245,"column":0},"end":{"line":245,"column":59}},"245":{"start":{"line":246,"column":0},"end":{"line":246,"column":3}},"246":{"start":{"line":247,"column":0},"end":{"line":247,"column":1}},"253":{"start":{"line":254,"column":0},"end":{"line":254,"column":46}},"254":{"start":{"line":255,"column":0},"end":{"line":255,"column":19}},"255":{"start":{"line":256,"column":0},"end":{"line":256,"column":10}},"256":{"start":{"line":257,"column":0},"end":{"line":257,"column":22}},"257":{"start":{"line":258,"column":0},"end":{"line":258,"column":52}},"259":{"start":{"line":260,"column":0},"end":{"line":260,"column":46}},"260":{"start":{"line":261,"column":0},"end":{"line":261,"column":11}},"261":{"start":{"line":262,"column":0},"end":{"line":262,"column":99}},"262":{"start":{"line":263,"column":0},"end":{"line":263,"column":4}},"264":{"start":{"line":265,"column":0},"end":{"line":265,"column":13}},"265":{"start":{"line":266,"column":0},"end":{"line":266,"column":34}},"266":{"start":{"line":267,"column":0},"end":{"line":267,"column":11}},"267":{"start":{"line":268,"column":0},"end":{"line":268,"column":56}},"268":{"start":{"line":269,"column":0},"end":{"line":269,"column":8}},"269":{"start":{"line":270,"column":0},"end":{"line":270,"column":5}},"270":{"start":{"line":271,"column":0},"end":{"line":271,"column":1}},"277":{"start":{"line":278,"column":0},"end":{"line":278,"column":43}},"278":{"start":{"line":279,"column":0},"end":{"line":279,"column":19}},"279":{"start":{"line":280,"column":0},"end":{"line":280,"column":11}},"280":{"start":{"line":281,"column":0},"end":{"line":281,"column":17}},"281":{"start":{"line":282,"column":0},"end":{"line":282,"column":22}},"282":{"start":{"line":283,"column":0},"end":{"line":283,"column":52}},"284":{"start":{"line":285,"column":0},"end":{"line":285,"column":47}},"285":{"start":{"line":286,"column":0},"end":{"line":286,"column":11}},"286":{"start":{"line":287,"column":0},"end":{"line":287,"column":48}},"287":{"start":{"line":288,"column":0},"end":{"line":288,"column":13}},"288":{"start":{"line":289,"column":0},"end":{"line":289,"column":4}},"290":{"start":{"line":291,"column":0},"end":{"line":291,"column":61}},"292":{"start":{"line":293,"column":0},"end":{"line":293,"column":43}},"293":{"start":{"line":294,"column":0},"end":{"line":294,"column":11}},"294":{"start":{"line":295,"column":0},"end":{"line":295,"column":76}},"295":{"start":{"line":296,"column":0},"end":{"line":296,"column":13}},"296":{"start":{"line":297,"column":0},"end":{"line":297,"column":4}},"298":{"start":{"line":299,"column":0},"end":{"line":299,"column":13}},"299":{"start":{"line":300,"column":0},"end":{"line":300,"column":12}},"300":{"start":{"line":301,"column":0},"end":{"line":301,"column":15}},"301":{"start":{"line":302,"column":0},"end":{"line":302,"column":60}},"302":{"start":{"line":303,"column":0},"end":{"line":303,"column":6}},"303":{"start":{"line":304,"column":0},"end":{"line":304,"column":30}},"304":{"start":{"line":305,"column":0},"end":{"line":305,"column":11}},"305":{"start":{"line":306,"column":0},"end":{"line":306,"column":51}},"306":{"start":{"line":307,"column":0},"end":{"line":307,"column":8}},"307":{"start":{"line":308,"column":0},"end":{"line":308,"column":5}},"308":{"start":{"line":309,"column":0},"end":{"line":309,"column":1}}},"s":{"0":1,"29":6,"30":6,"31":6,"32":6,"33":6,"35":4,"38":4,"39":4,"40":4,"41":4,"43":5,"44":1,"45":1,"47":3,"49":3,"50":3,"53":3,"54":3,"55":3,"58":3,"59":3,"60":3,"62":3,"63":3,"64":3,"65":3,"67":3,"68":3,"71":2,"72":2,"74":1,"75":1,"77":5,"78":2,"79":2,"81":1,"84":1,"85":1,"86":1,"87":1,"88":1,"89":1,"91":1,"92":1,"93":1,"94":1,"96":5,"97":0,"98":0,"101":1,"102":1,"103":1,"104":1,"106":1,"107":1,"108":1,"110":1,"111":1,"112":1,"113":1,"114":1,"115":1,"116":1,"117":1,"118":1,"119":1,"120":1,"121":1,"122":1,"123":1,"124":1,"125":5,"126":0,"127":0,"128":0,"129":6,"137":4,"138":4,"139":4,"140":4,"141":4,"142":4,"144":3,"145":3,"146":3,"147":3,"148":3,"150":4,"151":4,"152":1,"153":1,"155":1,"157":1,"158":1,"159":1,"160":1,"161":1,"164":1,"165":1,"166":1,"167":1,"168":1,"171":1,"172":1,"173":1,"174":4,"176":0,"178":4,"180":4,"181":4,"182":1,"183":0,"185":1,"189":1,"190":1,"191":1,"192":1,"193":1,"196":1,"197":1,"198":1,"199":1,"200":1,"201":1,"202":1,"203":1,"204":1,"206":1,"207":1,"208":0,"209":0,"210":0,"211":0,"212":0,"213":0,"214":0,"215":1,"218":4,"219":4,"220":4,"221":4,"222":4,"223":4,"226":1,"227":1,"228":1,"230":1,"231":1,"232":1,"233":1,"234":1,"235":1,"236":1,"237":4,"238":0,"239":0,"240":0,"241":0,"242":0,"243":0,"244":0,"245":0,"246":4,"253":2,"254":2,"255":2,"256":2,"257":2,"259":1,"260":1,"261":1,"262":1,"264":1,"265":1,"266":1,"267":1,"268":1,"269":1,"270":1,"277":3,"278":3,"279":3,"280":3,"281":3,"282":3,"284":2,"285":2,"286":2,"287":2,"288":2,"290":3,"292":1,"293":1,"294":1,"295":1,"296":1,"298":1,"299":1,"300":1,"301":1,"302":1,"303":1,"304":2,"305":2,"306":1,"307":1,"308":1},"branchMap":{"0":{"type":"branch","line":30,"loc":{"start":{"line":30,"column":0},"end":{"line":130,"column":1}},"locations":[{"start":{"line":30,"column":0},"end":{"line":130,"column":1}}]},"1":{"type":"branch","line":34,"loc":{"start":{"line":34,"column":30},"end":{"line":34,"column":52}},"locations":[{"start":{"line":34,"column":30},"end":{"line":34,"column":52}}]},"2":{"type":"branch","line":34,"loc":{"start":{"line":34,"column":50},"end":{"line":129,"column":3}},"locations":[{"start":{"line":34,"column":50},"end":{"line":129,"column":3}}]},"3":{"type":"branch","line":34,"loc":{"start":{"line":34,"column":50},"end":{"line":44,"column":33}},"locations":[{"start":{"line":34,"column":50},"end":{"line":44,"column":33}}]},"4":{"type":"branch","line":44,"loc":{"start":{"line":44,"column":33},"end":{"line":46,"column":5}},"locations":[{"start":{"line":44,"column":33},"end":{"line":46,"column":5}}]},"5":{"type":"branch","line":46,"loc":{"start":{"line":46,"column":4},"end":{"line":78,"column":28}},"locations":[{"start":{"line":46,"column":4},"end":{"line":78,"column":28}}]},"6":{"type":"branch","line":55,"loc":{"start":{"line":55,"column":22},"end":{"line":55,"column":31}},"locations":[{"start":{"line":55,"column":22},"end":{"line":55,"column":31}}]},"7":{"type":"branch","line":66,"loc":{"start":{"line":66,"column":36},"end":{"line":66,"column":52}},"locations":[{"start":{"line":66,"column":36},"end":{"line":66,"column":52}}]},"8":{"type":"branch","line":69,"loc":{"start":{"line":69,"column":23},"end":{"line":69,"column":32}},"locations":[{"start":{"line":69,"column":23},"end":{"line":69,"column":32}}]},"9":{"type":"branch","line":69,"loc":{"start":{"line":69,"column":23},"end":{"line":73,"column":27}},"locations":[{"start":{"line":69,"column":23},"end":{"line":73,"column":27}}]},"10":{"type":"branch","line":73,"loc":{"start":{"line":73,"column":18},"end":{"line":76,"column":5}},"locations":[{"start":{"line":73,"column":18},"end":{"line":76,"column":5}}]},"11":{"type":"branch","line":78,"loc":{"start":{"line":78,"column":28},"end":{"line":80,"column":5}},"locations":[{"start":{"line":78,"column":28},"end":{"line":80,"column":5}}]},"12":{"type":"branch","line":80,"loc":{"start":{"line":80,"column":4},"end":{"line":97,"column":16}},"locations":[{"start":{"line":80,"column":4},"end":{"line":97,"column":16}}]},"13":{"type":"branch","line":97,"loc":{"start":{"line":97,"column":16},"end":{"line":99,"column":5}},"locations":[{"start":{"line":97,"column":16},"end":{"line":99,"column":5}}]},"14":{"type":"branch","line":99,"loc":{"start":{"line":99,"column":4},"end":{"line":126,"column":11}},"locations":[{"start":{"line":99,"column":4},"end":{"line":126,"column":11}}]},"15":{"type":"branch","line":126,"loc":{"start":{"line":126,"column":2},"end":{"line":129,"column":3}},"locations":[{"start":{"line":126,"column":2},"end":{"line":129,"column":3}}]},"16":{"type":"branch","line":82,"loc":{"start":{"line":82,"column":37},"end":{"line":82,"column":70}},"locations":[{"start":{"line":82,"column":37},"end":{"line":82,"column":70}}]},"17":{"type":"branch","line":118,"loc":{"start":{"line":118,"column":25},"end":{"line":123,"column":10}},"locations":[{"start":{"line":118,"column":25},"end":{"line":123,"column":10}}]},"18":{"type":"branch","line":138,"loc":{"start":{"line":138,"column":0},"end":{"line":247,"column":1}},"locations":[{"start":{"line":138,"column":0},"end":{"line":247,"column":1}}]},"19":{"type":"branch","line":143,"loc":{"start":{"line":143,"column":30},"end":{"line":143,"column":52}},"locations":[{"start":{"line":143,"column":30},"end":{"line":143,"column":52}}]},"20":{"type":"branch","line":143,"loc":{"start":{"line":143,"column":50},"end":{"line":151,"column":21}},"locations":[{"start":{"line":143,"column":50},"end":{"line":151,"column":21}}]},"21":{"type":"branch","line":151,"loc":{"start":{"line":151,"column":14},"end":{"line":151,"column":61}},"locations":[{"start":{"line":151,"column":14},"end":{"line":151,"column":61}}]},"22":{"type":"branch","line":151,"loc":{"start":{"line":151,"column":59},"end":{"line":152,"column":46}},"locations":[{"start":{"line":151,"column":59},"end":{"line":152,"column":46}}]},"23":{"type":"branch","line":152,"loc":{"start":{"line":152,"column":46},"end":{"line":175,"column":12}},"locations":[{"start":{"line":152,"column":46},"end":{"line":175,"column":12}}]},"24":{"type":"branch","line":175,"loc":{"start":{"line":175,"column":4},"end":{"line":177,"column":5}},"locations":[{"start":{"line":175,"column":4},"end":{"line":177,"column":5}}]},"25":{"type":"branch","line":177,"loc":{"start":{"line":177,"column":4},"end":{"line":179,"column":45}},"locations":[{"start":{"line":177,"column":4},"end":{"line":179,"column":45}}]},"26":{"type":"branch","line":179,"loc":{"start":{"line":179,"column":35},"end":{"line":179,"column":68}},"locations":[{"start":{"line":179,"column":35},"end":{"line":179,"column":68}}]},"27":{"type":"branch","line":182,"loc":{"start":{"line":182,"column":30},"end":{"line":219,"column":82}},"locations":[{"start":{"line":182,"column":30},"end":{"line":219,"column":82}}]},"28":{"type":"branch","line":183,"loc":{"start":{"line":183,"column":65},"end":{"line":184,"column":69}},"locations":[{"start":{"line":183,"column":65},"end":{"line":184,"column":69}}]},"29":{"type":"branch","line":208,"loc":{"start":{"line":208,"column":6},"end":{"line":215,"column":7}},"locations":[{"start":{"line":208,"column":6},"end":{"line":215,"column":7}}]},"30":{"type":"branch","line":219,"loc":{"start":{"line":219,"column":70},"end":{"line":219,"column":103}},"locations":[{"start":{"line":219,"column":70},"end":{"line":219,"column":103}}]},"31":{"type":"branch","line":224,"loc":{"start":{"line":224,"column":4},"end":{"line":238,"column":11}},"locations":[{"start":{"line":224,"column":4},"end":{"line":238,"column":11}}]},"32":{"type":"branch","line":238,"loc":{"start":{"line":238,"column":2},"end":{"line":246,"column":3}},"locations":[{"start":{"line":238,"column":2},"end":{"line":246,"column":3}}]},"33":{"type":"branch","line":254,"loc":{"start":{"line":254,"column":0},"end":{"line":271,"column":1}},"locations":[{"start":{"line":254,"column":0},"end":{"line":271,"column":1}}]},"34":{"type":"branch","line":258,"loc":{"start":{"line":258,"column":30},"end":{"line":271,"column":1}},"locations":[{"start":{"line":258,"column":30},"end":{"line":271,"column":1}}]},"35":{"type":"branch","line":266,"loc":{"start":{"line":266,"column":25},"end":{"line":269,"column":6}},"locations":[{"start":{"line":266,"column":25},"end":{"line":269,"column":6}}]},"36":{"type":"branch","line":278,"loc":{"start":{"line":278,"column":0},"end":{"line":309,"column":1}},"locations":[{"start":{"line":278,"column":0},"end":{"line":309,"column":1}}]},"37":{"type":"branch","line":283,"loc":{"start":{"line":283,"column":30},"end":{"line":283,"column":52}},"locations":[{"start":{"line":283,"column":30},"end":{"line":283,"column":52}}]},"38":{"type":"branch","line":283,"loc":{"start":{"line":283,"column":50},"end":{"line":291,"column":21}},"locations":[{"start":{"line":283,"column":50},"end":{"line":291,"column":21}}]},"39":{"type":"branch","line":291,"loc":{"start":{"line":291,"column":14},"end":{"line":309,"column":1}},"locations":[{"start":{"line":291,"column":14},"end":{"line":309,"column":1}}]},"40":{"type":"branch","line":304,"loc":{"start":{"line":304,"column":21},"end":{"line":307,"column":6}},"locations":[{"start":{"line":304,"column":21},"end":{"line":307,"column":6}}]}},"b":{"0":[6],"1":[2],"2":[5],"3":[4],"4":[1],"5":[3],"6":[0],"7":[0],"8":[1],"9":[2],"10":[1],"11":[2],"12":[1],"13":[0],"14":[1],"15":[0],"16":[1],"17":[1],"18":[4],"19":[1],"20":[3],"21":[1],"22":[2],"23":[1],"24":[0],"25":[1],"26":[0],"27":[1],"28":[0],"29":[0],"30":[0],"31":[1],"32":[0],"33":[2],"34":[1],"35":[1],"36":[3],"37":[1],"38":[2],"39":[1],"40":[2]},"fnMap":{"0":{"name":"handleCreatePayoutBatch","decl":{"start":{"line":30,"column":0},"end":{"line":130,"column":1}},"loc":{"start":{"line":30,"column":0},"end":{"line":130,"column":1}},"line":30},"1":{"name":"handleProcessPayoutBatch","decl":{"start":{"line":138,"column":0},"end":{"line":247,"column":1}},"loc":{"start":{"line":138,"column":0},"end":{"line":247,"column":1}},"line":138},"2":{"name":"handleListPayoutBatches","decl":{"start":{"line":254,"column":0},"end":{"line":271,"column":1}},"loc":{"start":{"line":254,"column":0},"end":{"line":271,"column":1}},"line":254},"3":{"name":"handleGetPayoutBatch","decl":{"start":{"line":278,"column":0},"end":{"line":309,"column":1}},"loc":{"start":{"line":278,"column":0},"end":{"line":309,"column":1}},"line":278}},"f":{"0":6,"1":4,"2":2,"3":3}}
}
