{"D:\\coding\\clodo-dev-site\\visibility-marketing\\packages\\marketer\\src\\constants.ts": {"path":"D:\\coding\\clodo-dev-site\\visibility-marketing\\packages\\marketer\\src\\constants.ts","all":false,"statementMap":{"9":{"start":{"line":10,"column":0},"end":{"line":10,"column":50}},"10":{"start":{"line":11,"column":0},"end":{"line":11,"column":38}},"14":{"start":{"line":15,"column":0},"end":{"line":15,"column":53}},"18":{"start":{"line":19,"column":0},"end":{"line":19,"column":28}},"19":{"start":{"line":20,"column":0},"end":{"line":20,"column":47}},"20":{"start":{"line":21,"column":0},"end":{"line":21,"column":35}},"21":{"start":{"line":22,"column":0},"end":{"line":22,"column":29}},"22":{"start":{"line":23,"column":0},"end":{"line":23,"column":31}},"23":{"start":{"line":24,"column":0},"end":{"line":24,"column":35}},"24":{"start":{"line":25,"column":0},"end":{"line":25,"column":37}},"25":{"start":{"line":26,"column":0},"end":{"line":26,"column":41}},"26":{"start":{"line":27,"column":0},"end":{"line":27,"column":35}},"28":{"start":{"line":29,"column":0},"end":{"line":29,"column":33}},"29":{"start":{"line":30,"column":0},"end":{"line":30,"column":31}},"30":{"start":{"line":31,"column":0},"end":{"line":31,"column":33}},"31":{"start":{"line":32,"column":0},"end":{"line":32,"column":41}},"32":{"start":{"line":33,"column":0},"end":{"line":33,"column":37}},"33":{"start":{"line":34,"column":0},"end":{"line":34,"column":33}},"35":{"start":{"line":36,"column":0},"end":{"line":36,"column":38}},"36":{"start":{"line":37,"column":0},"end":{"line":37,"column":42}},"37":{"start":{"line":38,"column":0},"end":{"line":38,"column":43}},"38":{"start":{"line":39,"column":0},"end":{"line":39,"column":40}},"39":{"start":{"line":40,"column":0},"end":{"line":40,"column":31}},"40":{"start":{"line":41,"column":0},"end":{"line":41,"column":33}},"41":{"start":{"line":42,"column":0},"end":{"line":42,"column":37}},"42":{"start":{"line":43,"column":0},"end":{"line":43,"column":11}},"46":{"start":{"line":47,"column":0},"end":{"line":47,"column":31}},"47":{"start":{"line":48,"column":0},"end":{"line":48,"column":15}},"48":{"start":{"line":49,"column":0},"end":{"line":49,"column":17}},"49":{"start":{"line":50,"column":0},"end":{"line":50,"column":23}},"50":{"start":{"line":51,"column":0},"end":{"line":51,"column":21}},"51":{"start":{"line":52,"column":0},"end":{"line":52,"column":11}},"55":{"start":{"line":56,"column":0},"end":{"line":56,"column":31}},"56":{"start":{"line":57,"column":0},"end":{"line":57,"column":19}},"57":{"start":{"line":58,"column":0},"end":{"line":58,"column":21}},"58":{"start":{"line":59,"column":0},"end":{"line":59,"column":25}},"59":{"start":{"line":60,"column":0},"end":{"line":60,"column":17}},"60":{"start":{"line":61,"column":0},"end":{"line":61,"column":11}},"64":{"start":{"line":65,"column":0},"end":{"line":65,"column":29}},"65":{"start":{"line":66,"column":0},"end":{"line":66,"column":25}},"66":{"start":{"line":67,"column":0},"end":{"line":67,"column":15}},"67":{"start":{"line":68,"column":0},"end":{"line":68,"column":19}},"68":{"start":{"line":69,"column":0},"end":{"line":69,"column":25}},"69":{"start":{"line":70,"column":0},"end":{"line":70,"column":11}},"73":{"start":{"line":74,"column":0},"end":{"line":74,"column":30}},"74":{"start":{"line":75,"column":0},"end":{"line":75,"column":21}},"75":{"start":{"line":76,"column":0},"end":{"line":76,"column":27}},"76":{"start":{"line":77,"column":0},"end":{"line":77,"column":25}},"77":{"start":{"line":78,"column":0},"end":{"line":78,"column":19}},"78":{"start":{"line":79,"column":0},"end":{"line":79,"column":15}},"79":{"start":{"line":80,"column":0},"end":{"line":80,"column":11}},"83":{"start":{"line":84,"column":0},"end":{"line":84,"column":26}},"84":{"start":{"line":85,"column":0},"end":{"line":85,"column":27}},"85":{"start":{"line":86,"column":0},"end":{"line":86,"column":31}},"86":{"start":{"line":87,"column":0},"end":{"line":87,"column":19}},"87":{"start":{"line":88,"column":0},"end":{"line":88,"column":25}},"88":{"start":{"line":89,"column":0},"end":{"line":89,"column":21}},"89":{"start":{"line":90,"column":0},"end":{"line":90,"column":11}},"93":{"start":{"line":94,"column":0},"end":{"line":94,"column":35}},"94":{"start":{"line":95,"column":0},"end":{"line":95,"column":21}},"95":{"start":{"line":96,"column":0},"end":{"line":96,"column":23}},"96":{"start":{"line":97,"column":0},"end":{"line":97,"column":11}},"100":{"start":{"line":101,"column":0},"end":{"line":101,"column":28}},"101":{"start":{"line":102,"column":0},"end":{"line":102,"column":10}},"102":{"start":{"line":103,"column":0},"end":{"line":103,"column":11}},"103":{"start":{"line":104,"column":0},"end":{"line":104,"column":11}},"107":{"start":{"line":108,"column":0},"end":{"line":108,"column":38}},"109":{"start":{"line":110,"column":0},"end":{"line":110,"column":20}},"111":{"start":{"line":112,"column":0},"end":{"line":112,"column":32}},"113":{"start":{"line":114,"column":0},"end":{"line":114,"column":32}},"115":{"start":{"line":116,"column":0},"end":{"line":116,"column":32}},"117":{"start":{"line":118,"column":0},"end":{"line":118,"column":30}},"118":{"start":{"line":119,"column":0},"end":{"line":119,"column":11}},"122":{"start":{"line":123,"column":0},"end":{"line":123,"column":27}},"123":{"start":{"line":124,"column":0},"end":{"line":124,"column":24}},"124":{"start":{"line":125,"column":0},"end":{"line":125,"column":21}},"125":{"start":{"line":126,"column":0},"end":{"line":126,"column":30}},"126":{"start":{"line":127,"column":0},"end":{"line":127,"column":26}},"127":{"start":{"line":128,"column":0},"end":{"line":128,"column":23}},"128":{"start":{"line":129,"column":0},"end":{"line":129,"column":11}},"132":{"start":{"line":133,"column":0},"end":{"line":133,"column":27}},"133":{"start":{"line":134,"column":0},"end":{"line":134,"column":21}},"134":{"start":{"line":135,"column":0},"end":{"line":135,"column":20}},"135":{"start":{"line":136,"column":0},"end":{"line":136,"column":28}},"136":{"start":{"line":137,"column":0},"end":{"line":137,"column":26}},"137":{"start":{"line":138,"column":0},"end":{"line":138,"column":25}},"138":{"start":{"line":139,"column":0},"end":{"line":139,"column":22}},"139":{"start":{"line":140,"column":0},"end":{"line":140,"column":25}},"140":{"start":{"line":141,"column":0},"end":{"line":141,"column":23}},"141":{"start":{"line":142,"column":0},"end":{"line":142,"column":11}},"145":{"start":{"line":146,"column":0},"end":{"line":146,"column":26}},"146":{"start":{"line":147,"column":0},"end":{"line":147,"column":30}},"147":{"start":{"line":148,"column":0},"end":{"line":148,"column":38}},"148":{"start":{"line":149,"column":0},"end":{"line":149,"column":38}},"149":{"start":{"line":150,"column":0},"end":{"line":150,"column":50}},"150":{"start":{"line":151,"column":0},"end":{"line":151,"column":67}},"151":{"start":{"line":152,"column":0},"end":{"line":152,"column":30}},"152":{"start":{"line":153,"column":0},"end":{"line":153,"column":38}},"153":{"start":{"line":154,"column":0},"end":{"line":154,"column":42}},"154":{"start":{"line":155,"column":0},"end":{"line":155,"column":34}},"155":{"start":{"line":156,"column":0},"end":{"line":156,"column":35}},"157":{"start":{"line":158,"column":0},"end":{"line":158,"column":48}},"159":{"start":{"line":160,"column":0},"end":{"line":160,"column":28}},"161":{"start":{"line":162,"column":0},"end":{"line":162,"column":36}},"163":{"start":{"line":164,"column":0},"end":{"line":164,"column":42}},"165":{"start":{"line":166,"column":0},"end":{"line":166,"column":32}},"166":{"start":{"line":167,"column":0},"end":{"line":167,"column":11}},"174":{"start":{"line":175,"column":0},"end":{"line":175,"column":33}},"175":{"start":{"line":176,"column":0},"end":{"line":176,"column":15}},"176":{"start":{"line":177,"column":0},"end":{"line":177,"column":23}},"177":{"start":{"line":178,"column":0},"end":{"line":178,"column":19}},"178":{"start":{"line":179,"column":0},"end":{"line":179,"column":11}},"181":{"start":{"line":182,"column":0},"end":{"line":182,"column":30}},"182":{"start":{"line":183,"column":0},"end":{"line":183,"column":13}},"183":{"start":{"line":184,"column":0},"end":{"line":184,"column":15}},"184":{"start":{"line":185,"column":0},"end":{"line":185,"column":19}},"185":{"start":{"line":186,"column":0},"end":{"line":186,"column":11}},"188":{"start":{"line":189,"column":0},"end":{"line":189,"column":29}},"189":{"start":{"line":190,"column":0},"end":{"line":190,"column":38}},"190":{"start":{"line":191,"column":0},"end":{"line":191,"column":51}},"191":{"start":{"line":192,"column":0},"end":{"line":192,"column":61}},"192":{"start":{"line":193,"column":0},"end":{"line":193,"column":49}},"193":{"start":{"line":194,"column":0},"end":{"line":194,"column":11}},"196":{"start":{"line":197,"column":0},"end":{"line":197,"column":27}},"197":{"start":{"line":198,"column":0},"end":{"line":198,"column":36}},"198":{"start":{"line":199,"column":0},"end":{"line":199,"column":51}},"199":{"start":{"line":200,"column":0},"end":{"line":200,"column":47}},"200":{"start":{"line":201,"column":0},"end":{"line":201,"column":11}},"203":{"start":{"line":204,"column":0},"end":{"line":204,"column":29}},"204":{"start":{"line":205,"column":0},"end":{"line":205,"column":25}},"205":{"start":{"line":206,"column":0},"end":{"line":206,"column":37}},"206":{"start":{"line":207,"column":0},"end":{"line":207,"column":47}},"207":{"start":{"line":208,"column":0},"end":{"line":208,"column":33}},"208":{"start":{"line":209,"column":0},"end":{"line":209,"column":25}},"209":{"start":{"line":210,"column":0},"end":{"line":210,"column":19}},"210":{"start":{"line":211,"column":0},"end":{"line":211,"column":21}},"211":{"start":{"line":212,"column":0},"end":{"line":212,"column":11}},"215":{"start":{"line":216,"column":0},"end":{"line":216,"column":29}},"216":{"start":{"line":217,"column":0},"end":{"line":217,"column":22}},"217":{"start":{"line":218,"column":0},"end":{"line":218,"column":21}},"218":{"start":{"line":219,"column":0},"end":{"line":219,"column":11}},"222":{"start":{"line":223,"column":0},"end":{"line":223,"column":55}},"224":{"start":{"line":225,"column":0},"end":{"line":225,"column":25}},"225":{"start":{"line":226,"column":0},"end":{"line":226,"column":17}},"226":{"start":{"line":227,"column":0},"end":{"line":227,"column":33}},"227":{"start":{"line":228,"column":0},"end":{"line":228,"column":51}},"228":{"start":{"line":229,"column":0},"end":{"line":229,"column":33}},"229":{"start":{"line":230,"column":0},"end":{"line":230,"column":71}},"230":{"start":{"line":231,"column":0},"end":{"line":231,"column":95}},"231":{"start":{"line":232,"column":0},"end":{"line":232,"column":11}},"235":{"start":{"line":236,"column":0},"end":{"line":236,"column":22}},"237":{"start":{"line":238,"column":0},"end":{"line":238,"column":25}},"239":{"start":{"line":240,"column":0},"end":{"line":240,"column":27}},"241":{"start":{"line":242,"column":0},"end":{"line":242,"column":26}},"242":{"start":{"line":243,"column":0},"end":{"line":243,"column":11}},"246":{"start":{"line":247,"column":0},"end":{"line":247,"column":25}},"247":{"start":{"line":248,"column":0},"end":{"line":248,"column":38}},"248":{"start":{"line":249,"column":0},"end":{"line":249,"column":30}},"249":{"start":{"line":250,"column":0},"end":{"line":250,"column":22}},"250":{"start":{"line":251,"column":0},"end":{"line":251,"column":42}},"251":{"start":{"line":252,"column":0},"end":{"line":252,"column":42}},"252":{"start":{"line":253,"column":0},"end":{"line":253,"column":47}},"253":{"start":{"line":254,"column":0},"end":{"line":254,"column":51}},"254":{"start":{"line":255,"column":0},"end":{"line":255,"column":70}},"255":{"start":{"line":256,"column":0},"end":{"line":256,"column":43}},"257":{"start":{"line":258,"column":0},"end":{"line":258,"column":78}},"258":{"start":{"line":259,"column":0},"end":{"line":259,"column":11}},"262":{"start":{"line":263,"column":0},"end":{"line":263,"column":29}},"263":{"start":{"line":264,"column":0},"end":{"line":264,"column":37}},"264":{"start":{"line":265,"column":0},"end":{"line":265,"column":55}},"265":{"start":{"line":266,"column":0},"end":{"line":266,"column":31}},"266":{"start":{"line":267,"column":0},"end":{"line":267,"column":60}},"267":{"start":{"line":268,"column":0},"end":{"line":268,"column":37}},"268":{"start":{"line":269,"column":0},"end":{"line":269,"column":27}},"269":{"start":{"line":270,"column":0},"end":{"line":270,"column":11}},"273":{"start":{"line":274,"column":0},"end":{"line":274,"column":23}},"274":{"start":{"line":275,"column":0},"end":{"line":275,"column":26}},"275":{"start":{"line":276,"column":0},"end":{"line":276,"column":19}},"276":{"start":{"line":277,"column":0},"end":{"line":277,"column":15}},"277":{"start":{"line":278,"column":0},"end":{"line":278,"column":11}},"281":{"start":{"line":282,"column":0},"end":{"line":282,"column":25}},"282":{"start":{"line":283,"column":0},"end":{"line":283,"column":26}},"283":{"start":{"line":284,"column":0},"end":{"line":284,"column":34}},"284":{"start":{"line":285,"column":0},"end":{"line":285,"column":37}},"285":{"start":{"line":286,"column":0},"end":{"line":286,"column":22}},"286":{"start":{"line":287,"column":0},"end":{"line":287,"column":24}},"287":{"start":{"line":288,"column":0},"end":{"line":288,"column":23}},"288":{"start":{"line":289,"column":0},"end":{"line":289,"column":26}},"289":{"start":{"line":290,"column":0},"end":{"line":290,"column":31}},"290":{"start":{"line":291,"column":0},"end":{"line":291,"column":31}},"291":{"start":{"line":292,"column":0},"end":{"line":292,"column":11}},"295":{"start":{"line":296,"column":0},"end":{"line":296,"column":37}},"296":{"start":{"line":297,"column":0},"end":{"line":297,"column":17}},"297":{"start":{"line":298,"column":0},"end":{"line":298,"column":21}},"298":{"start":{"line":299,"column":0},"end":{"line":299,"column":17}},"299":{"start":{"line":300,"column":0},"end":{"line":300,"column":11}},"303":{"start":{"line":304,"column":0},"end":{"line":304,"column":52}},"307":{"start":{"line":308,"column":0},"end":{"line":308,"column":52}},"311":{"start":{"line":312,"column":0},"end":{"line":312,"column":21}},"313":{"start":{"line":314,"column":0},"end":{"line":314,"column":49}},"314":{"start":{"line":315,"column":0},"end":{"line":315,"column":53}},"315":{"start":{"line":316,"column":0},"end":{"line":316,"column":49}},"316":{"start":{"line":317,"column":0},"end":{"line":317,"column":11}},"320":{"start":{"line":321,"column":0},"end":{"line":321,"column":27}},"322":{"start":{"line":323,"column":0},"end":{"line":323,"column":15}},"323":{"start":{"line":324,"column":0},"end":{"line":324,"column":26}},"325":{"start":{"line":326,"column":0},"end":{"line":326,"column":16}},"326":{"start":{"line":327,"column":0},"end":{"line":327,"column":26}},"328":{"start":{"line":329,"column":0},"end":{"line":329,"column":14}},"329":{"start":{"line":330,"column":0},"end":{"line":330,"column":27}},"330":{"start":{"line":331,"column":0},"end":{"line":331,"column":11}},"335":{"start":{"line":336,"column":0},"end":{"line":336,"column":45}},"339":{"start":{"line":340,"column":0},"end":{"line":340,"column":46}},"343":{"start":{"line":344,"column":0},"end":{"line":344,"column":26}},"344":{"start":{"line":345,"column":0},"end":{"line":345,"column":25}},"345":{"start":{"line":346,"column":0},"end":{"line":346,"column":27}},"346":{"start":{"line":347,"column":0},"end":{"line":347,"column":27}},"347":{"start":{"line":348,"column":0},"end":{"line":348,"column":19}},"348":{"start":{"line":349,"column":0},"end":{"line":349,"column":27}},"349":{"start":{"line":350,"column":0},"end":{"line":350,"column":25}},"350":{"start":{"line":351,"column":0},"end":{"line":351,"column":11}},"359":{"start":{"line":360,"column":0},"end":{"line":360,"column":30}},"361":{"start":{"line":362,"column":0},"end":{"line":362,"column":11}},"363":{"start":{"line":364,"column":0},"end":{"line":364,"column":10}},"365":{"start":{"line":366,"column":0},"end":{"line":366,"column":10}},"366":{"start":{"line":367,"column":0},"end":{"line":367,"column":11}},"369":{"start":{"line":370,"column":0},"end":{"line":370,"column":34}},"370":{"start":{"line":371,"column":0},"end":{"line":371,"column":15}},"371":{"start":{"line":372,"column":0},"end":{"line":372,"column":15}},"372":{"start":{"line":373,"column":0},"end":{"line":373,"column":13}},"373":{"start":{"line":374,"column":0},"end":{"line":374,"column":13}},"374":{"start":{"line":375,"column":0},"end":{"line":375,"column":25}},"375":{"start":{"line":376,"column":0},"end":{"line":376,"column":21}},"376":{"start":{"line":377,"column":0},"end":{"line":377,"column":11}},"386":{"start":{"line":387,"column":0},"end":{"line":387,"column":54}},"387":{"start":{"line":388,"column":0},"end":{"line":388,"column":57}},"388":{"start":{"line":389,"column":0},"end":{"line":389,"column":57}},"389":{"start":{"line":390,"column":0},"end":{"line":390,"column":57}},"390":{"start":{"line":391,"column":0},"end":{"line":391,"column":57}},"391":{"start":{"line":392,"column":0},"end":{"line":392,"column":2}},"396":{"start":{"line":397,"column":0},"end":{"line":397,"column":79}},"400":{"start":{"line":401,"column":0},"end":{"line":401,"column":29}},"401":{"start":{"line":402,"column":0},"end":{"line":402,"column":43}},"402":{"start":{"line":403,"column":0},"end":{"line":403,"column":104}},"403":{"start":{"line":404,"column":0},"end":{"line":404,"column":29}},"404":{"start":{"line":405,"column":0},"end":{"line":405,"column":43}},"405":{"start":{"line":406,"column":0},"end":{"line":406,"column":137}},"406":{"start":{"line":407,"column":0},"end":{"line":407,"column":137}},"407":{"start":{"line":408,"column":0},"end":{"line":408,"column":136}},"408":{"start":{"line":409,"column":0},"end":{"line":409,"column":67}},"409":{"start":{"line":410,"column":0},"end":{"line":410,"column":61}},"410":{"start":{"line":411,"column":0},"end":{"line":411,"column":35}},"411":{"start":{"line":412,"column":0},"end":{"line":412,"column":47}},"412":{"start":{"line":413,"column":0},"end":{"line":413,"column":30}},"413":{"start":{"line":414,"column":0},"end":{"line":414,"column":53}},"414":{"start":{"line":415,"column":0},"end":{"line":415,"column":11}},"425":{"start":{"line":426,"column":0},"end":{"line":426,"column":25}},"427":{"start":{"line":428,"column":0},"end":{"line":428,"column":11}},"428":{"start":{"line":429,"column":0},"end":{"line":429,"column":61}},"429":{"start":{"line":430,"column":0},"end":{"line":430,"column":56}},"430":{"start":{"line":431,"column":0},"end":{"line":431,"column":67}},"431":{"start":{"line":432,"column":0},"end":{"line":432,"column":47}},"432":{"start":{"line":433,"column":0},"end":{"line":433,"column":70}},"433":{"start":{"line":434,"column":0},"end":{"line":434,"column":49}},"434":{"start":{"line":435,"column":0},"end":{"line":435,"column":63}},"435":{"start":{"line":436,"column":0},"end":{"line":436,"column":53}},"436":{"start":{"line":437,"column":0},"end":{"line":437,"column":53}},"437":{"start":{"line":438,"column":0},"end":{"line":438,"column":53}},"438":{"start":{"line":439,"column":0},"end":{"line":439,"column":43}},"439":{"start":{"line":440,"column":0},"end":{"line":440,"column":88}},"440":{"start":{"line":441,"column":0},"end":{"line":441,"column":47}},"441":{"start":{"line":442,"column":0},"end":{"line":442,"column":64}},"442":{"start":{"line":443,"column":0},"end":{"line":443,"column":70}},"443":{"start":{"line":444,"column":0},"end":{"line":444,"column":37}},"444":{"start":{"line":445,"column":0},"end":{"line":445,"column":76}},"445":{"start":{"line":446,"column":0},"end":{"line":446,"column":62}},"446":{"start":{"line":447,"column":0},"end":{"line":447,"column":54}},"447":{"start":{"line":448,"column":0},"end":{"line":448,"column":37}},"448":{"start":{"line":449,"column":0},"end":{"line":449,"column":43}},"449":{"start":{"line":450,"column":0},"end":{"line":450,"column":76}},"450":{"start":{"line":451,"column":0},"end":{"line":451,"column":62}},"451":{"start":{"line":452,"column":0},"end":{"line":452,"column":58}},"452":{"start":{"line":453,"column":0},"end":{"line":453,"column":54}},"453":{"start":{"line":454,"column":0},"end":{"line":454,"column":54}},"454":{"start":{"line":455,"column":0},"end":{"line":455,"column":55}},"455":{"start":{"line":456,"column":0},"end":{"line":456,"column":57}},"456":{"start":{"line":457,"column":0},"end":{"line":457,"column":48}},"457":{"start":{"line":458,"column":0},"end":{"line":458,"column":52}},"458":{"start":{"line":459,"column":0},"end":{"line":459,"column":37}},"459":{"start":{"line":460,"column":0},"end":{"line":460,"column":68}},"460":{"start":{"line":461,"column":0},"end":{"line":461,"column":58}},"461":{"start":{"line":462,"column":0},"end":{"line":462,"column":45}},"462":{"start":{"line":463,"column":0},"end":{"line":463,"column":80}},"463":{"start":{"line":464,"column":0},"end":{"line":464,"column":60}},"464":{"start":{"line":465,"column":0},"end":{"line":465,"column":98}},"465":{"start":{"line":466,"column":0},"end":{"line":466,"column":83}},"466":{"start":{"line":467,"column":0},"end":{"line":467,"column":77}},"467":{"start":{"line":468,"column":0},"end":{"line":468,"column":4}},"470":{"start":{"line":471,"column":0},"end":{"line":471,"column":12}},"471":{"start":{"line":472,"column":0},"end":{"line":472,"column":82}},"472":{"start":{"line":473,"column":0},"end":{"line":473,"column":72}},"473":{"start":{"line":474,"column":0},"end":{"line":474,"column":54}},"474":{"start":{"line":475,"column":0},"end":{"line":475,"column":74}},"475":{"start":{"line":476,"column":0},"end":{"line":476,"column":58}},"476":{"start":{"line":477,"column":0},"end":{"line":477,"column":61}},"477":{"start":{"line":478,"column":0},"end":{"line":478,"column":4}},"479":{"start":{"line":480,"column":0},"end":{"line":480,"column":10}},"480":{"start":{"line":481,"column":0},"end":{"line":481,"column":26}},"481":{"start":{"line":482,"column":0},"end":{"line":482,"column":53}},"482":{"start":{"line":483,"column":0},"end":{"line":483,"column":50}},"483":{"start":{"line":484,"column":0},"end":{"line":484,"column":149}},"484":{"start":{"line":485,"column":0},"end":{"line":485,"column":41}},"485":{"start":{"line":486,"column":0},"end":{"line":486,"column":62}},"486":{"start":{"line":487,"column":0},"end":{"line":487,"column":50}},"487":{"start":{"line":488,"column":0},"end":{"line":488,"column":70}},"488":{"start":{"line":489,"column":0},"end":{"line":489,"column":40}},"489":{"start":{"line":490,"column":0},"end":{"line":490,"column":65}},"490":{"start":{"line":491,"column":0},"end":{"line":491,"column":42}},"491":{"start":{"line":492,"column":0},"end":{"line":492,"column":56}},"492":{"start":{"line":493,"column":0},"end":{"line":493,"column":107}},"493":{"start":{"line":494,"column":0},"end":{"line":494,"column":56}},"494":{"start":{"line":495,"column":0},"end":{"line":495,"column":56}},"495":{"start":{"line":496,"column":0},"end":{"line":496,"column":79}},"496":{"start":{"line":497,"column":0},"end":{"line":497,"column":50}},"497":{"start":{"line":498,"column":0},"end":{"line":498,"column":106}},"498":{"start":{"line":499,"column":0},"end":{"line":499,"column":56}},"499":{"start":{"line":500,"column":0},"end":{"line":500,"column":85}},"500":{"start":{"line":501,"column":0},"end":{"line":501,"column":86}},"501":{"start":{"line":502,"column":0},"end":{"line":502,"column":39}},"502":{"start":{"line":503,"column":0},"end":{"line":503,"column":46}},"503":{"start":{"line":504,"column":0},"end":{"line":504,"column":85}},"504":{"start":{"line":505,"column":0},"end":{"line":505,"column":91}},"505":{"start":{"line":506,"column":0},"end":{"line":506,"column":100}},"506":{"start":{"line":507,"column":0},"end":{"line":507,"column":92}},"507":{"start":{"line":508,"column":0},"end":{"line":508,"column":79}},"508":{"start":{"line":509,"column":0},"end":{"line":509,"column":51}},"509":{"start":{"line":510,"column":0},"end":{"line":510,"column":86}},"510":{"start":{"line":511,"column":0},"end":{"line":511,"column":22}},"511":{"start":{"line":512,"column":0},"end":{"line":512,"column":35}},"512":{"start":{"line":513,"column":0},"end":{"line":513,"column":39}},"513":{"start":{"line":514,"column":0},"end":{"line":514,"column":41}},"514":{"start":{"line":515,"column":0},"end":{"line":515,"column":51}},"515":{"start":{"line":516,"column":0},"end":{"line":516,"column":39}},"516":{"start":{"line":517,"column":0},"end":{"line":517,"column":113}},"517":{"start":{"line":518,"column":0},"end":{"line":518,"column":53}},"518":{"start":{"line":519,"column":0},"end":{"line":519,"column":55}},"519":{"start":{"line":520,"column":0},"end":{"line":520,"column":41}},"520":{"start":{"line":521,"column":0},"end":{"line":521,"column":51}},"521":{"start":{"line":522,"column":0},"end":{"line":522,"column":48}},"522":{"start":{"line":523,"column":0},"end":{"line":523,"column":35}},"523":{"start":{"line":524,"column":0},"end":{"line":524,"column":47}},"524":{"start":{"line":525,"column":0},"end":{"line":525,"column":87}},"525":{"start":{"line":526,"column":0},"end":{"line":526,"column":39}},"526":{"start":{"line":527,"column":0},"end":{"line":527,"column":94}},"527":{"start":{"line":528,"column":0},"end":{"line":528,"column":52}},"528":{"start":{"line":529,"column":0},"end":{"line":529,"column":68}},"529":{"start":{"line":530,"column":0},"end":{"line":530,"column":105}},"530":{"start":{"line":531,"column":0},"end":{"line":531,"column":109}},"531":{"start":{"line":532,"column":0},"end":{"line":532,"column":97}},"532":{"start":{"line":533,"column":0},"end":{"line":533,"column":32}},"533":{"start":{"line":534,"column":0},"end":{"line":534,"column":39}},"534":{"start":{"line":535,"column":0},"end":{"line":535,"column":102}},"535":{"start":{"line":536,"column":0},"end":{"line":536,"column":63}},"536":{"start":{"line":537,"column":0},"end":{"line":537,"column":59}},"537":{"start":{"line":538,"column":0},"end":{"line":538,"column":49}},"538":{"start":{"line":539,"column":0},"end":{"line":539,"column":47}},"539":{"start":{"line":540,"column":0},"end":{"line":540,"column":52}},"540":{"start":{"line":541,"column":0},"end":{"line":541,"column":138}},"541":{"start":{"line":542,"column":0},"end":{"line":542,"column":31}},"542":{"start":{"line":543,"column":0},"end":{"line":543,"column":48}},"543":{"start":{"line":544,"column":0},"end":{"line":544,"column":135}},"544":{"start":{"line":545,"column":0},"end":{"line":545,"column":32}},"545":{"start":{"line":546,"column":0},"end":{"line":546,"column":49}},"546":{"start":{"line":547,"column":0},"end":{"line":547,"column":67}},"547":{"start":{"line":548,"column":0},"end":{"line":548,"column":119}},"548":{"start":{"line":549,"column":0},"end":{"line":549,"column":95}},"549":{"start":{"line":550,"column":0},"end":{"line":550,"column":41}},"550":{"start":{"line":551,"column":0},"end":{"line":551,"column":53}},"551":{"start":{"line":552,"column":0},"end":{"line":552,"column":4}},"553":{"start":{"line":554,"column":0},"end":{"line":554,"column":18}},"554":{"start":{"line":555,"column":0},"end":{"line":555,"column":69}},"555":{"start":{"line":556,"column":0},"end":{"line":556,"column":86}},"556":{"start":{"line":557,"column":0},"end":{"line":557,"column":92}},"557":{"start":{"line":558,"column":0},"end":{"line":558,"column":116}},"558":{"start":{"line":559,"column":0},"end":{"line":559,"column":66}},"559":{"start":{"line":560,"column":0},"end":{"line":560,"column":123}},"560":{"start":{"line":561,"column":0},"end":{"line":561,"column":56}},"561":{"start":{"line":562,"column":0},"end":{"line":562,"column":83}},"562":{"start":{"line":563,"column":0},"end":{"line":563,"column":71}},"563":{"start":{"line":564,"column":0},"end":{"line":564,"column":97}},"564":{"start":{"line":565,"column":0},"end":{"line":565,"column":78}},"565":{"start":{"line":566,"column":0},"end":{"line":566,"column":96}},"566":{"start":{"line":567,"column":0},"end":{"line":567,"column":83}},"567":{"start":{"line":568,"column":0},"end":{"line":568,"column":109}},"568":{"start":{"line":569,"column":0},"end":{"line":569,"column":57}},"569":{"start":{"line":570,"column":0},"end":{"line":570,"column":80}},"570":{"start":{"line":571,"column":0},"end":{"line":571,"column":4}},"572":{"start":{"line":573,"column":0},"end":{"line":573,"column":10}},"573":{"start":{"line":574,"column":0},"end":{"line":574,"column":75}},"574":{"start":{"line":575,"column":0},"end":{"line":575,"column":73}},"575":{"start":{"line":576,"column":0},"end":{"line":576,"column":38}},"576":{"start":{"line":577,"column":0},"end":{"line":577,"column":54}},"577":{"start":{"line":578,"column":0},"end":{"line":578,"column":80}},"578":{"start":{"line":579,"column":0},"end":{"line":579,"column":96}},"579":{"start":{"line":580,"column":0},"end":{"line":580,"column":75}},"580":{"start":{"line":581,"column":0},"end":{"line":581,"column":62}},"581":{"start":{"line":582,"column":0},"end":{"line":582,"column":75}},"582":{"start":{"line":583,"column":0},"end":{"line":583,"column":66}},"583":{"start":{"line":584,"column":0},"end":{"line":584,"column":45}},"584":{"start":{"line":585,"column":0},"end":{"line":585,"column":51}},"585":{"start":{"line":586,"column":0},"end":{"line":586,"column":57}},"586":{"start":{"line":587,"column":0},"end":{"line":587,"column":65}},"587":{"start":{"line":588,"column":0},"end":{"line":588,"column":67}},"588":{"start":{"line":589,"column":0},"end":{"line":589,"column":64}},"589":{"start":{"line":590,"column":0},"end":{"line":590,"column":71}},"590":{"start":{"line":591,"column":0},"end":{"line":591,"column":68}},"591":{"start":{"line":592,"column":0},"end":{"line":592,"column":51}},"592":{"start":{"line":593,"column":0},"end":{"line":593,"column":43}},"593":{"start":{"line":594,"column":0},"end":{"line":594,"column":4}},"594":{"start":{"line":595,"column":0},"end":{"line":595,"column":11}},"598":{"start":{"line":599,"column":0},"end":{"line":599,"column":25}},"599":{"start":{"line":600,"column":0},"end":{"line":600,"column":14}},"600":{"start":{"line":601,"column":0},"end":{"line":601,"column":14}},"601":{"start":{"line":602,"column":0},"end":{"line":602,"column":14}},"602":{"start":{"line":603,"column":0},"end":{"line":603,"column":18}},"603":{"start":{"line":604,"column":0},"end":{"line":604,"column":11}}},"s":{"9":1,"10":1,"14":1,"18":1,"19":1,"20":1,"21":1,"22":1,"23":1,"24":1,"25":1,"26":1,"28":1,"29":1,"30":1,"31":1,"32":1,"33":1,"35":1,"36":1,"37":1,"38":1,"39":1,"40":1,"41":1,"42":1,"46":1,"47":1,"48":1,"49":1,"50":1,"51":1,"55":1,"56":1,"57":1,"58":1,"59":1,"60":1,"64":1,"65":1,"66":1,"67":1,"68":1,"69":1,"73":1,"74":1,"75":1,"76":1,"77":1,"78":1,"79":1,"83":1,"84":1,"85":1,"86":1,"87":1,"88":1,"89":1,"93":1,"94":1,"95":1,"96":1,"100":1,"101":1,"102":1,"103":1,"107":1,"109":1,"111":1,"113":1,"115":1,"117":1,"118":1,"122":1,"123":1,"124":1,"125":1,"126":1,"127":1,"128":1,"132":1,"133":1,"134":1,"135":1,"136":1,"137":1,"138":1,"139":1,"140":1,"141":1,"145":1,"146":1,"147":1,"148":1,"149":1,"150":1,"151":1,"152":1,"153":1,"154":1,"155":1,"157":1,"159":1,"161":1,"163":1,"165":1,"166":1,"174":1,"175":1,"176":1,"177":1,"178":1,"181":1,"182":1,"183":1,"184":1,"185":1,"188":1,"189":1,"190":1,"191":1,"192":1,"193":1,"196":1,"197":1,"198":1,"199":1,"200":1,"203":1,"204":1,"205":1,"206":1,"207":1,"208":1,"209":1,"210":1,"211":1,"215":1,"216":1,"217":1,"218":1,"222":1,"224":1,"225":1,"226":1,"227":1,"228":1,"229":1,"230":1,"231":1,"235":1,"237":1,"239":1,"241":1,"242":1,"246":1,"247":1,"248":1,"249":1,"250":1,"251":1,"252":1,"253":1,"254":1,"255":1,"257":1,"258":1,"262":1,"263":1,"264":1,"265":1,"266":1,"267":1,"268":1,"269":1,"273":1,"274":1,"275":1,"276":1,"277":1,"281":1,"282":1,"283":1,"284":1,"285":1,"286":1,"287":1,"288":1,"289":1,"290":1,"291":1,"295":1,"296":1,"297":1,"298":1,"299":1,"303":1,"307":1,"311":1,"313":1,"314":1,"315":1,"316":1,"320":1,"322":1,"323":1,"325":1,"326":1,"328":1,"329":1,"330":1,"335":1,"339":1,"343":1,"344":1,"345":1,"346":1,"347":1,"348":1,"349":1,"350":1,"359":1,"361":1,"363":1,"365":1,"366":1,"369":1,"370":1,"371":1,"372":1,"373":1,"374":1,"375":1,"376":1,"386":1,"387":1,"388":1,"389":1,"390":1,"391":1,"396":1,"400":1,"401":1,"402":1,"403":1,"404":1,"405":1,"406":1,"407":1,"408":1,"409":1,"410":1,"411":1,"412":1,"413":1,"414":1,"425":1,"427":1,"428":1,"429":1,"430":1,"431":1,"432":1,"433":1,"434":1,"435":1,"436":1,"437":1,"438":1,"439":1,"440":1,"441":1,"442":1,"443":1,"444":1,"445":1,"446":1,"447":1,"448":1,"449":1,"450":1,"451":1,"452":1,"453":1,"454":1,"455":1,"456":1,"457":1,"458":1,"459":1,"460":1,"461":1,"462":1,"463":1,"464":1,"465":1,"466":1,"467":1,"470":1,"471":1,"472":1,"473":1,"474":1,"475":1,"476":1,"477":1,"479":1,"480":1,"481":1,"482":1,"483":1,"484":1,"485":1,"486":1,"487":1,"488":1,"489":1,"490":1,"491":1,"492":1,"493":1,"494":1,"495":1,"496":1,"497":1,"498":1,"499":1,"500":1,"501":1,"502":1,"503":1,"504":1,"505":1,"506":1,"507":1,"508":1,"509":1,"510":1,"511":1,"512":1,"513":1,"514":1,"515":1,"516":1,"517":1,"518":1,"519":1,"520":1,"521":1,"522":1,"523":1,"524":1,"525":1,"526":1,"527":1,"528":1,"529":1,"530":1,"531":1,"532":1,"533":1,"534":1,"535":1,"536":1,"537":1,"538":1,"539":1,"540":1,"541":1,"542":1,"543":1,"544":1,"545":1,"546":1,"547":1,"548":1,"549":1,"550":1,"551":1,"553":1,"554":1,"555":3,"556":1,"557":8,"558":1,"559":1,"560":1,"561":1,"562":1,"563":2,"564":1,"565":9,"566":1,"567":3,"568":1,"569":3,"570":1,"572":1,"573":1,"574":1,"575":1,"576":0,"577":1,"578":1,"579":1,"580":1,"581":1,"582":0,"583":1,"584":6,"585":1,"586":0,"587":1,"588":6,"589":1,"590":6,"591":1,"592":4,"593":1,"594":1,"598":1,"599":1,"600":1,"601":1,"602":1,"603":1},"branchMap":{"0":{"type":"branch","line":230,"loc":{"start":{"line":230,"column":17},"end":{"line":230,"column":71}},"locations":[{"start":{"line":230,"column":17},"end":{"line":230,"column":71}}]},"1":{"type":"branch","line":440,"loc":{"start":{"line":440,"column":24},"end":{"line":440,"column":88}},"locations":[{"start":{"line":440,"column":24},"end":{"line":440,"column":88}}]},"2":{"type":"branch","line":445,"loc":{"start":{"line":445,"column":27},"end":{"line":445,"column":76}},"locations":[{"start":{"line":445,"column":27},"end":{"line":445,"column":76}}]},"3":{"type":"branch","line":473,"loc":{"start":{"line":473,"column":21},"end":{"line":473,"column":72}},"locations":[{"start":{"line":473,"column":21},"end":{"line":473,"column":72}}]},"4":{"type":"branch","line":555,"loc":{"start":{"line":555,"column":19},"end":{"line":556,"column":86}},"locations":[{"start":{"line":555,"column":19},"end":{"line":556,"column":86}}]},"5":{"type":"branch","line":557,"loc":{"start":{"line":557,"column":25},"end":{"line":558,"column":116}},"locations":[{"start":{"line":557,"column":25},"end":{"line":558,"column":116}}]},"6":{"type":"branch","line":559,"loc":{"start":{"line":559,"column":17},"end":{"line":560,"column":123}},"locations":[{"start":{"line":559,"column":17},"end":{"line":560,"column":123}}]},"7":{"type":"branch","line":561,"loc":{"start":{"line":561,"column":23},"end":{"line":562,"column":83}},"locations":[{"start":{"line":561,"column":23},"end":{"line":562,"column":83}}]},"8":{"type":"branch","line":563,"loc":{"start":{"line":563,"column":21},"end":{"line":564,"column":97}},"locations":[{"start":{"line":563,"column":21},"end":{"line":564,"column":97}}]},"9":{"type":"branch","line":565,"loc":{"start":{"line":565,"column":21},"end":{"line":566,"column":96}},"locations":[{"start":{"line":565,"column":21},"end":{"line":566,"column":96}}]},"10":{"type":"branch","line":567,"loc":{"start":{"line":567,"column":25},"end":{"line":568,"column":109}},"locations":[{"start":{"line":567,"column":25},"end":{"line":568,"column":109}}]},"11":{"type":"branch","line":569,"loc":{"start":{"line":569,"column":21},"end":{"line":570,"column":80}},"locations":[{"start":{"line":569,"column":21},"end":{"line":570,"column":80}}]},"12":{"type":"branch","line":574,"loc":{"start":{"line":574,"column":26},"end":{"line":575,"column":73}},"locations":[{"start":{"line":574,"column":26},"end":{"line":575,"column":73}}]},"13":{"type":"branch","line":578,"loc":{"start":{"line":578,"column":17},"end":{"line":579,"column":96}},"locations":[{"start":{"line":578,"column":17},"end":{"line":579,"column":96}}]},"14":{"type":"branch","line":580,"loc":{"start":{"line":580,"column":21},"end":{"line":581,"column":62}},"locations":[{"start":{"line":580,"column":21},"end":{"line":581,"column":62}}]},"15":{"type":"branch","line":584,"loc":{"start":{"line":584,"column":26},"end":{"line":585,"column":51}},"locations":[{"start":{"line":584,"column":26},"end":{"line":585,"column":51}}]},"16":{"type":"branch","line":588,"loc":{"start":{"line":588,"column":18},"end":{"line":589,"column":64}},"locations":[{"start":{"line":588,"column":18},"end":{"line":589,"column":64}}]},"17":{"type":"branch","line":590,"loc":{"start":{"line":590,"column":21},"end":{"line":591,"column":68}},"locations":[{"start":{"line":590,"column":21},"end":{"line":591,"column":68}}]},"18":{"type":"branch","line":592,"loc":{"start":{"line":592,"column":18},"end":{"line":593,"column":43}},"locations":[{"start":{"line":592,"column":18},"end":{"line":593,"column":43}}]}},"b":{"0":[19],"1":[1],"2":[1],"3":[1],"4":[3],"5":[8],"6":[1],"7":[1],"8":[2],"9":[9],"10":[3],"11":[3],"12":[1],"13":[1],"14":[1],"15":[6],"16":[6],"17":[6],"18":[4]},"fnMap":{"0":{"name":"PRICING_PROMO","decl":{"start":{"line":230,"column":17},"end":{"line":230,"column":71}},"loc":{"start":{"line":230,"column":17},"end":{"line":230,"column":71}},"line":230},"1":{"name":"UNSUBSCRIBE","decl":{"start":{"line":231,"column":15},"end":{"line":231,"column":95}},"loc":{"start":{"line":231,"column":15},"end":{"line":231,"column":95}},"line":231},"2":{"name":"campaignSlugExists","decl":{"start":{"line":440,"column":24},"end":{"line":440,"column":88}},"loc":{"start":{"line":440,"column":24},"end":{"line":440,"column":88}},"line":440},"3":{"name":"batchAlreadyProcessed","decl":{"start":{"line":445,"column":27},"end":{"line":445,"column":76}},"loc":{"start":{"line":445,"column":27},"end":{"line":445,"column":76}},"line":445},"4":{"name":"processedEmails","decl":{"start":{"line":473,"column":21},"end":{"line":473,"column":72}},"loc":{"start":{"line":473,"column":21},"end":{"line":473,"column":72}},"line":473},"5":{"name":"onboardingWelcomeBody","decl":{"start":{"line":484,"column":27},"end":{"line":484,"column":149}},"loc":{"start":{"line":484,"column":27},"end":{"line":484,"column":149}},"line":484},"6":{"name":"winbackDay7Body","decl":{"start":{"line":544,"column":21},"end":{"line":544,"column":135}},"loc":{"start":{"line":544,"column":21},"end":{"line":544,"column":135}},"line":544},"7":{"name":"newConversion","decl":{"start":{"line":555,"column":19},"end":{"line":556,"column":86}},"loc":{"start":{"line":555,"column":19},"end":{"line":556,"column":86}},"line":555},"8":{"name":"affiliateConversion","decl":{"start":{"line":557,"column":25},"end":{"line":558,"column":116}},"loc":{"start":{"line":557,"column":25},"end":{"line":558,"column":116}},"line":557},"9":{"name":"tierUpgrade","decl":{"start":{"line":559,"column":17},"end":{"line":560,"column":123}},"loc":{"start":{"line":559,"column":17},"end":{"line":560,"column":123}},"line":559},"10":{"name":"earningsMilestone","decl":{"start":{"line":561,"column":23},"end":{"line":562,"column":83}},"loc":{"start":{"line":561,"column":23},"end":{"line":562,"column":83}},"line":561},"11":{"name":"payoutCompleted","decl":{"start":{"line":563,"column":21},"end":{"line":564,"column":97}},"loc":{"start":{"line":563,"column":21},"end":{"line":564,"column":97}},"line":563},"12":{"name":"shareConversion","decl":{"start":{"line":565,"column":21},"end":{"line":566,"column":96}},"loc":{"start":{"line":565,"column":21},"end":{"line":566,"column":96}},"line":565},"13":{"name":"shareHighEngagement","decl":{"start":{"line":567,"column":25},"end":{"line":568,"column":109}},"loc":{"start":{"line":567,"column":25},"end":{"line":568,"column":109}},"line":567},"14":{"name":"sharePQLReached","decl":{"start":{"line":569,"column":21},"end":{"line":570,"column":80}},"loc":{"start":{"line":569,"column":21},"end":{"line":570,"column":80}},"line":569},"15":{"name":"applicationSubmitted","decl":{"start":{"line":574,"column":26},"end":{"line":575,"column":73}},"loc":{"start":{"line":574,"column":26},"end":{"line":575,"column":73}},"line":574},"16":{"name":"approved","decl":{"start":{"line":576,"column":14},"end":{"line":577,"column":54}},"loc":{"start":{"line":576,"column":14},"end":{"line":577,"column":54}},"line":576},"17":{"name":"tierUpgrade","decl":{"start":{"line":578,"column":17},"end":{"line":579,"column":96}},"loc":{"start":{"line":578,"column":17},"end":{"line":579,"column":96}},"line":578},"18":{"name":"payoutProcessed","decl":{"start":{"line":580,"column":21},"end":{"line":581,"column":62}},"loc":{"start":{"line":580,"column":21},"end":{"line":581,"column":62}},"line":580},"19":{"name":"payoutFailed","decl":{"start":{"line":582,"column":18},"end":{"line":583,"column":66}},"loc":{"start":{"line":582,"column":18},"end":{"line":583,"column":66}},"line":582},"20":{"name":"payoutDetailsUpdated","decl":{"start":{"line":584,"column":26},"end":{"line":585,"column":51}},"loc":{"start":{"line":584,"column":26},"end":{"line":585,"column":51}},"line":584},"21":{"name":"userSignupEnrolled","decl":{"start":{"line":586,"column":24},"end":{"line":587,"column":65}},"loc":{"start":{"line":586,"column":24},"end":{"line":587,"column":65}},"line":586},"22":{"name":"shareCreated","decl":{"start":{"line":588,"column":18},"end":{"line":589,"column":64}},"loc":{"start":{"line":588,"column":18},"end":{"line":589,"column":64}},"line":588},"23":{"name":"shareConversion","decl":{"start":{"line":590,"column":21},"end":{"line":591,"column":68}},"loc":{"start":{"line":590,"column":21},"end":{"line":591,"column":68}},"line":590},"24":{"name":"shareRevoked","decl":{"start":{"line":592,"column":18},"end":{"line":593,"column":43}},"loc":{"start":{"line":592,"column":18},"end":{"line":593,"column":43}},"line":592}},"f":{"0":19,"1":0,"2":1,"3":1,"4":1,"5":0,"6":0,"7":3,"8":8,"9":1,"10":1,"11":2,"12":9,"13":3,"14":3,"15":1,"16":0,"17":1,"18":1,"19":0,"20":6,"21":0,"22":6,"23":6,"24":4}}
,"D:\\coding\\clodo-dev-site\\visibility-marketing\\packages\\marketer\\src\\index.ts": {"path":"D:\\coding\\clodo-dev-site\\visibility-marketing\\packages\\marketer\\src\\index.ts","all":false,"statementMap":{"0":{"start":{"line":1,"column":0},"end":{"line":1,"column":3}},"52":{"start":{"line":53,"column":0},"end":{"line":53,"column":66}},"53":{"start":{"line":54,"column":0},"end":{"line":54,"column":74}},"54":{"start":{"line":55,"column":0},"end":{"line":55,"column":88}},"55":{"start":{"line":56,"column":0},"end":{"line":56,"column":118}},"56":{"start":{"line":57,"column":0},"end":{"line":57,"column":144}},"57":{"start":{"line":58,"column":0},"end":{"line":58,"column":132}},"69":{"start":{"line":70,"column":0},"end":{"line":70,"column":24}},"70":{"start":{"line":71,"column":0},"end":{"line":71,"column":86}},"71":{"start":{"line":72,"column":0},"end":{"line":72,"column":115}},"72":{"start":{"line":73,"column":0},"end":{"line":73,"column":82}},"73":{"start":{"line":74,"column":0},"end":{"line":74,"column":47}},"74":{"start":{"line":75,"column":0},"end":{"line":75,"column":50}},"76":{"start":{"line":77,"column":0},"end":{"line":77,"column":16}},"80":{"start":{"line":81,"column":0},"end":{"line":81,"column":85}},"82":{"start":{"line":83,"column":0},"end":{"line":83,"column":39}},"83":{"start":{"line":84,"column":0},"end":{"line":84,"column":37}},"84":{"start":{"line":85,"column":0},"end":{"line":85,"column":5}},"86":{"start":{"line":87,"column":0},"end":{"line":87,"column":37}},"87":{"start":{"line":88,"column":0},"end":{"line":88,"column":30}},"88":{"start":{"line":89,"column":0},"end":{"line":89,"column":34}},"90":{"start":{"line":91,"column":0},"end":{"line":91,"column":9}},"92":{"start":{"line":93,"column":0},"end":{"line":93,"column":52}},"93":{"start":{"line":94,"column":0},"end":{"line":94,"column":45}},"94":{"start":{"line":95,"column":0},"end":{"line":95,"column":7}},"97":{"start":{"line":98,"column":0},"end":{"line":98,"column":51}},"98":{"start":{"line":99,"column":0},"end":{"line":99,"column":35}},"99":{"start":{"line":100,"column":0},"end":{"line":100,"column":7}},"100":{"start":{"line":101,"column":0},"end":{"line":101,"column":55}},"101":{"start":{"line":102,"column":0},"end":{"line":102,"column":50}},"102":{"start":{"line":103,"column":0},"end":{"line":103,"column":7}},"105":{"start":{"line":106,"column":0},"end":{"line":106,"column":55}},"106":{"start":{"line":107,"column":0},"end":{"line":107,"column":59}},"107":{"start":{"line":108,"column":0},"end":{"line":108,"column":68}},"108":{"start":{"line":109,"column":0},"end":{"line":109,"column":7}},"111":{"start":{"line":112,"column":0},"end":{"line":112,"column":65}},"112":{"start":{"line":113,"column":0},"end":{"line":113,"column":51}},"113":{"start":{"line":114,"column":0},"end":{"line":114,"column":7}},"114":{"start":{"line":115,"column":0},"end":{"line":115,"column":64}},"115":{"start":{"line":116,"column":0},"end":{"line":116,"column":50}},"116":{"start":{"line":117,"column":0},"end":{"line":117,"column":7}},"117":{"start":{"line":118,"column":0},"end":{"line":118,"column":65}},"119":{"start":{"line":120,"column":0},"end":{"line":120,"column":72}},"120":{"start":{"line":121,"column":0},"end":{"line":121,"column":112}},"121":{"start":{"line":122,"column":0},"end":{"line":122,"column":83}},"122":{"start":{"line":123,"column":0},"end":{"line":123,"column":50}},"123":{"start":{"line":124,"column":0},"end":{"line":124,"column":7}},"124":{"start":{"line":125,"column":0},"end":{"line":125,"column":67}},"125":{"start":{"line":126,"column":0},"end":{"line":126,"column":52}},"126":{"start":{"line":127,"column":0},"end":{"line":127,"column":7}},"127":{"start":{"line":128,"column":0},"end":{"line":128,"column":71}},"128":{"start":{"line":129,"column":0},"end":{"line":129,"column":52}},"129":{"start":{"line":130,"column":0},"end":{"line":130,"column":7}},"132":{"start":{"line":133,"column":0},"end":{"line":133,"column":84}},"133":{"start":{"line":134,"column":0},"end":{"line":134,"column":65}},"134":{"start":{"line":135,"column":0},"end":{"line":135,"column":67}},"135":{"start":{"line":136,"column":0},"end":{"line":136,"column":7}},"136":{"start":{"line":137,"column":0},"end":{"line":137,"column":84}},"137":{"start":{"line":138,"column":0},"end":{"line":138,"column":65}},"138":{"start":{"line":139,"column":0},"end":{"line":139,"column":67}},"139":{"start":{"line":140,"column":0},"end":{"line":140,"column":7}},"142":{"start":{"line":143,"column":0},"end":{"line":143,"column":59}},"143":{"start":{"line":144,"column":0},"end":{"line":144,"column":50}},"144":{"start":{"line":145,"column":0},"end":{"line":145,"column":7}},"145":{"start":{"line":146,"column":0},"end":{"line":146,"column":58}},"146":{"start":{"line":147,"column":0},"end":{"line":147,"column":49}},"147":{"start":{"line":148,"column":0},"end":{"line":148,"column":7}},"148":{"start":{"line":149,"column":0},"end":{"line":149,"column":73}},"149":{"start":{"line":150,"column":0},"end":{"line":150,"column":44}},"150":{"start":{"line":151,"column":0},"end":{"line":151,"column":53}},"151":{"start":{"line":152,"column":0},"end":{"line":152,"column":7}},"152":{"start":{"line":153,"column":0},"end":{"line":153,"column":73}},"153":{"start":{"line":154,"column":0},"end":{"line":154,"column":44}},"154":{"start":{"line":155,"column":0},"end":{"line":155,"column":56}},"155":{"start":{"line":156,"column":0},"end":{"line":156,"column":7}},"158":{"start":{"line":159,"column":0},"end":{"line":159,"column":63}},"159":{"start":{"line":160,"column":0},"end":{"line":160,"column":53}},"160":{"start":{"line":161,"column":0},"end":{"line":161,"column":7}},"161":{"start":{"line":162,"column":0},"end":{"line":162,"column":81}},"162":{"start":{"line":163,"column":0},"end":{"line":163,"column":83}},"163":{"start":{"line":164,"column":0},"end":{"line":164,"column":63}},"164":{"start":{"line":165,"column":0},"end":{"line":165,"column":7}},"165":{"start":{"line":166,"column":0},"end":{"line":166,"column":56}},"166":{"start":{"line":167,"column":0},"end":{"line":167,"column":53}},"167":{"start":{"line":168,"column":0},"end":{"line":168,"column":7}},"168":{"start":{"line":169,"column":0},"end":{"line":169,"column":69}},"169":{"start":{"line":170,"column":0},"end":{"line":170,"column":61}},"170":{"start":{"line":171,"column":0},"end":{"line":171,"column":59}},"171":{"start":{"line":172,"column":0},"end":{"line":172,"column":7}},"174":{"start":{"line":175,"column":0},"end":{"line":175,"column":70}},"175":{"start":{"line":176,"column":0},"end":{"line":176,"column":77}},"176":{"start":{"line":177,"column":0},"end":{"line":177,"column":111}},"177":{"start":{"line":178,"column":0},"end":{"line":178,"column":83}},"178":{"start":{"line":179,"column":0},"end":{"line":179,"column":46}},"179":{"start":{"line":180,"column":0},"end":{"line":180,"column":7}},"180":{"start":{"line":181,"column":0},"end":{"line":181,"column":73}},"181":{"start":{"line":182,"column":0},"end":{"line":182,"column":77}},"182":{"start":{"line":183,"column":0},"end":{"line":183,"column":111}},"183":{"start":{"line":184,"column":0},"end":{"line":184,"column":83}},"184":{"start":{"line":185,"column":0},"end":{"line":185,"column":46}},"185":{"start":{"line":186,"column":0},"end":{"line":186,"column":7}},"186":{"start":{"line":187,"column":0},"end":{"line":187,"column":61}},"187":{"start":{"line":188,"column":0},"end":{"line":188,"column":72}},"188":{"start":{"line":189,"column":0},"end":{"line":189,"column":112}},"189":{"start":{"line":190,"column":0},"end":{"line":190,"column":83}},"190":{"start":{"line":191,"column":0},"end":{"line":191,"column":47}},"191":{"start":{"line":192,"column":0},"end":{"line":192,"column":7}},"194":{"start":{"line":195,"column":0},"end":{"line":195,"column":64}},"195":{"start":{"line":196,"column":0},"end":{"line":196,"column":50}},"196":{"start":{"line":197,"column":0},"end":{"line":197,"column":7}},"197":{"start":{"line":198,"column":0},"end":{"line":198,"column":58}},"198":{"start":{"line":199,"column":0},"end":{"line":199,"column":46}},"199":{"start":{"line":200,"column":0},"end":{"line":200,"column":7}},"200":{"start":{"line":201,"column":0},"end":{"line":201,"column":71}},"201":{"start":{"line":202,"column":0},"end":{"line":202,"column":49}},"202":{"start":{"line":203,"column":0},"end":{"line":203,"column":7}},"203":{"start":{"line":204,"column":0},"end":{"line":204,"column":67}},"204":{"start":{"line":205,"column":0},"end":{"line":205,"column":50}},"205":{"start":{"line":206,"column":0},"end":{"line":206,"column":7}},"206":{"start":{"line":207,"column":0},"end":{"line":207,"column":70}},"207":{"start":{"line":208,"column":0},"end":{"line":208,"column":49}},"208":{"start":{"line":209,"column":0},"end":{"line":209,"column":7}},"209":{"start":{"line":210,"column":0},"end":{"line":210,"column":63}},"210":{"start":{"line":211,"column":0},"end":{"line":211,"column":48}},"211":{"start":{"line":212,"column":0},"end":{"line":212,"column":7}},"212":{"start":{"line":213,"column":0},"end":{"line":213,"column":68}},"213":{"start":{"line":214,"column":0},"end":{"line":214,"column":53}},"214":{"start":{"line":215,"column":0},"end":{"line":215,"column":7}},"217":{"start":{"line":218,"column":0},"end":{"line":218,"column":61}},"218":{"start":{"line":219,"column":0},"end":{"line":219,"column":50}},"219":{"start":{"line":220,"column":0},"end":{"line":220,"column":7}},"220":{"start":{"line":221,"column":0},"end":{"line":221,"column":67}},"221":{"start":{"line":222,"column":0},"end":{"line":222,"column":51}},"222":{"start":{"line":223,"column":0},"end":{"line":223,"column":7}},"223":{"start":{"line":224,"column":0},"end":{"line":224,"column":64}},"224":{"start":{"line":225,"column":0},"end":{"line":225,"column":48}},"225":{"start":{"line":226,"column":0},"end":{"line":226,"column":7}},"228":{"start":{"line":229,"column":0},"end":{"line":229,"column":45}},"229":{"start":{"line":230,"column":0},"end":{"line":230,"column":28}},"230":{"start":{"line":231,"column":0},"end":{"line":231,"column":26}},"231":{"start":{"line":232,"column":0},"end":{"line":232,"column":32}},"232":{"start":{"line":233,"column":0},"end":{"line":233,"column":36}},"233":{"start":{"line":234,"column":0},"end":{"line":234,"column":25}},"234":{"start":{"line":235,"column":0},"end":{"line":235,"column":13}},"235":{"start":{"line":236,"column":0},"end":{"line":236,"column":60}},"236":{"start":{"line":237,"column":0},"end":{"line":237,"column":10}},"237":{"start":{"line":238,"column":0},"end":{"line":238,"column":7}},"240":{"start":{"line":241,"column":0},"end":{"line":241,"column":53}},"241":{"start":{"line":242,"column":0},"end":{"line":242,"column":19}},"242":{"start":{"line":243,"column":0},"end":{"line":243,"column":67}},"243":{"start":{"line":244,"column":0},"end":{"line":244,"column":75}},"244":{"start":{"line":245,"column":0},"end":{"line":245,"column":26}},"245":{"start":{"line":246,"column":0},"end":{"line":246,"column":76}},"246":{"start":{"line":247,"column":0},"end":{"line":247,"column":71}},"247":{"start":{"line":248,"column":0},"end":{"line":248,"column":8}},"248":{"start":{"line":249,"column":0},"end":{"line":249,"column":5}},"249":{"start":{"line":250,"column":0},"end":{"line":250,"column":4}},"255":{"start":{"line":256,"column":0},"end":{"line":256,"column":90}},"256":{"start":{"line":257,"column":0},"end":{"line":257,"column":86}},"258":{"start":{"line":259,"column":0},"end":{"line":259,"column":18}},"259":{"start":{"line":260,"column":0},"end":{"line":260,"column":73}},"260":{"start":{"line":261,"column":0},"end":{"line":261,"column":60}},"261":{"start":{"line":262,"column":0},"end":{"line":262,"column":25}},"262":{"start":{"line":263,"column":0},"end":{"line":263,"column":61}},"263":{"start":{"line":264,"column":0},"end":{"line":264,"column":8}},"264":{"start":{"line":265,"column":0},"end":{"line":265,"column":6}},"265":{"start":{"line":266,"column":0},"end":{"line":266,"column":4}},"266":{"start":{"line":267,"column":0},"end":{"line":267,"column":2}}},"s":{"0":1,"52":1,"53":1,"54":1,"55":1,"56":1,"57":1,"69":1,"70":1,"71":1,"72":1,"73":1,"74":1,"76":1,"80":1,"82":19,"83":1,"84":1,"86":18,"87":18,"88":18,"90":18,"92":19,"93":1,"94":1,"97":19,"98":1,"99":1,"100":19,"101":0,"102":0,"105":19,"106":0,"107":0,"108":0,"111":19,"112":0,"113":0,"114":19,"115":0,"116":0,"117":19,"119":3,"120":3,"121":3,"122":3,"123":3,"124":19,"125":1,"126":1,"127":19,"128":2,"129":2,"132":19,"133":0,"134":0,"135":0,"136":19,"137":0,"138":0,"139":0,"142":19,"143":2,"144":2,"145":19,"146":2,"147":2,"148":19,"149":0,"150":0,"151":0,"152":19,"153":1,"154":1,"155":1,"158":19,"159":1,"160":1,"161":19,"162":0,"163":0,"164":0,"165":19,"166":0,"167":0,"168":19,"169":0,"170":0,"171":0,"174":19,"175":0,"176":0,"177":0,"178":0,"179":0,"180":19,"181":0,"182":0,"183":0,"184":0,"185":0,"186":19,"187":0,"188":0,"189":0,"190":0,"191":0,"194":19,"195":1,"196":1,"197":19,"198":0,"199":0,"200":19,"201":0,"202":0,"203":19,"204":0,"205":0,"206":19,"207":0,"208":0,"209":19,"210":0,"211":0,"212":19,"213":1,"214":1,"217":19,"218":0,"219":0,"220":19,"221":0,"222":0,"223":19,"224":0,"225":0,"228":19,"229":1,"230":1,"231":1,"232":1,"233":1,"234":1,"235":1,"236":1,"237":1,"240":1,"241":19,"242":0,"243":0,"244":0,"245":0,"246":0,"247":0,"248":0,"249":19,"255":1,"256":0,"258":0,"259":0,"260":0,"261":0,"262":0,"263":0,"264":0,"265":0,"266":1},"branchMap":{"0":{"type":"branch","line":81,"loc":{"start":{"line":81,"column":2},"end":{"line":250,"column":4}},"locations":[{"start":{"line":81,"column":2},"end":{"line":250,"column":4}}]},"1":{"type":"branch","line":83,"loc":{"start":{"line":83,"column":38},"end":{"line":85,"column":5}},"locations":[{"start":{"line":83,"column":38},"end":{"line":85,"column":5}}]},"2":{"type":"branch","line":85,"loc":{"start":{"line":85,"column":4},"end":{"line":93,"column":31}},"locations":[{"start":{"line":85,"column":4},"end":{"line":93,"column":31}}]},"3":{"type":"branch","line":93,"loc":{"start":{"line":93,"column":21},"end":{"line":93,"column":51}},"locations":[{"start":{"line":93,"column":21},"end":{"line":93,"column":51}}]},"4":{"type":"branch","line":93,"loc":{"start":{"line":93,"column":51},"end":{"line":95,"column":7}},"locations":[{"start":{"line":93,"column":51},"end":{"line":95,"column":7}}]},"5":{"type":"branch","line":95,"loc":{"start":{"line":95,"column":6},"end":{"line":98,"column":30}},"locations":[{"start":{"line":95,"column":6},"end":{"line":98,"column":30}}]},"6":{"type":"branch","line":98,"loc":{"start":{"line":98,"column":21},"end":{"line":98,"column":50}},"locations":[{"start":{"line":98,"column":21},"end":{"line":98,"column":50}}]},"7":{"type":"branch","line":98,"loc":{"start":{"line":98,"column":50},"end":{"line":100,"column":7}},"locations":[{"start":{"line":98,"column":50},"end":{"line":100,"column":7}}]},"8":{"type":"branch","line":100,"loc":{"start":{"line":100,"column":6},"end":{"line":101,"column":30}},"locations":[{"start":{"line":100,"column":6},"end":{"line":101,"column":30}}]},"9":{"type":"branch","line":101,"loc":{"start":{"line":101,"column":21},"end":{"line":101,"column":54}},"locations":[{"start":{"line":101,"column":21},"end":{"line":101,"column":54}}]},"10":{"type":"branch","line":101,"loc":{"start":{"line":101,"column":54},"end":{"line":103,"column":7}},"locations":[{"start":{"line":101,"column":54},"end":{"line":103,"column":7}}]},"11":{"type":"branch","line":103,"loc":{"start":{"line":103,"column":6},"end":{"line":106,"column":30}},"locations":[{"start":{"line":103,"column":6},"end":{"line":106,"column":30}}]},"12":{"type":"branch","line":106,"loc":{"start":{"line":106,"column":21},"end":{"line":106,"column":54}},"locations":[{"start":{"line":106,"column":21},"end":{"line":106,"column":54}}]},"13":{"type":"branch","line":106,"loc":{"start":{"line":106,"column":54},"end":{"line":109,"column":7}},"locations":[{"start":{"line":106,"column":54},"end":{"line":109,"column":7}}]},"14":{"type":"branch","line":109,"loc":{"start":{"line":109,"column":6},"end":{"line":112,"column":30}},"locations":[{"start":{"line":109,"column":6},"end":{"line":112,"column":30}}]},"15":{"type":"branch","line":112,"loc":{"start":{"line":112,"column":21},"end":{"line":112,"column":64}},"locations":[{"start":{"line":112,"column":21},"end":{"line":112,"column":64}}]},"16":{"type":"branch","line":112,"loc":{"start":{"line":112,"column":64},"end":{"line":114,"column":7}},"locations":[{"start":{"line":112,"column":64},"end":{"line":114,"column":7}}]},"17":{"type":"branch","line":114,"loc":{"start":{"line":114,"column":6},"end":{"line":115,"column":30}},"locations":[{"start":{"line":114,"column":6},"end":{"line":115,"column":30}}]},"18":{"type":"branch","line":115,"loc":{"start":{"line":115,"column":21},"end":{"line":115,"column":63}},"locations":[{"start":{"line":115,"column":21},"end":{"line":115,"column":63}}]},"19":{"type":"branch","line":115,"loc":{"start":{"line":115,"column":63},"end":{"line":117,"column":7}},"locations":[{"start":{"line":115,"column":63},"end":{"line":117,"column":7}}]},"20":{"type":"branch","line":117,"loc":{"start":{"line":117,"column":6},"end":{"line":118,"column":31}},"locations":[{"start":{"line":117,"column":6},"end":{"line":118,"column":31}}]},"21":{"type":"branch","line":118,"loc":{"start":{"line":118,"column":21},"end":{"line":118,"column":64}},"locations":[{"start":{"line":118,"column":21},"end":{"line":118,"column":64}}]},"22":{"type":"branch","line":118,"loc":{"start":{"line":118,"column":64},"end":{"line":124,"column":7}},"locations":[{"start":{"line":118,"column":64},"end":{"line":124,"column":7}}]},"23":{"type":"branch","line":122,"loc":{"start":{"line":122,"column":25},"end":{"line":122,"column":83}},"locations":[{"start":{"line":122,"column":25},"end":{"line":122,"column":83}}]},"24":{"type":"branch","line":124,"loc":{"start":{"line":124,"column":6},"end":{"line":125,"column":31}},"locations":[{"start":{"line":124,"column":6},"end":{"line":125,"column":31}}]},"25":{"type":"branch","line":125,"loc":{"start":{"line":125,"column":21},"end":{"line":125,"column":66}},"locations":[{"start":{"line":125,"column":21},"end":{"line":125,"column":66}}]},"26":{"type":"branch","line":125,"loc":{"start":{"line":125,"column":66},"end":{"line":127,"column":7}},"locations":[{"start":{"line":125,"column":66},"end":{"line":127,"column":7}}]},"27":{"type":"branch","line":127,"loc":{"start":{"line":127,"column":6},"end":{"line":128,"column":30}},"locations":[{"start":{"line":127,"column":6},"end":{"line":128,"column":30}}]},"28":{"type":"branch","line":128,"loc":{"start":{"line":128,"column":21},"end":{"line":128,"column":70}},"locations":[{"start":{"line":128,"column":21},"end":{"line":128,"column":70}}]},"29":{"type":"branch","line":128,"loc":{"start":{"line":128,"column":70},"end":{"line":130,"column":7}},"locations":[{"start":{"line":128,"column":70},"end":{"line":130,"column":7}}]},"30":{"type":"branch","line":130,"loc":{"start":{"line":130,"column":6},"end":{"line":133,"column":30}},"locations":[{"start":{"line":130,"column":6},"end":{"line":133,"column":30}}]},"31":{"type":"branch","line":133,"loc":{"start":{"line":133,"column":21},"end":{"line":133,"column":83}},"locations":[{"start":{"line":133,"column":21},"end":{"line":133,"column":83}}]},"32":{"type":"branch","line":133,"loc":{"start":{"line":133,"column":83},"end":{"line":136,"column":7}},"locations":[{"start":{"line":133,"column":83},"end":{"line":136,"column":7}}]},"33":{"type":"branch","line":136,"loc":{"start":{"line":136,"column":6},"end":{"line":137,"column":30}},"locations":[{"start":{"line":136,"column":6},"end":{"line":137,"column":30}}]},"34":{"type":"branch","line":137,"loc":{"start":{"line":137,"column":21},"end":{"line":137,"column":83}},"locations":[{"start":{"line":137,"column":21},"end":{"line":137,"column":83}}]},"35":{"type":"branch","line":137,"loc":{"start":{"line":137,"column":83},"end":{"line":140,"column":7}},"locations":[{"start":{"line":137,"column":83},"end":{"line":140,"column":7}}]},"36":{"type":"branch","line":140,"loc":{"start":{"line":140,"column":6},"end":{"line":143,"column":31}},"locations":[{"start":{"line":140,"column":6},"end":{"line":143,"column":31}}]},"37":{"type":"branch","line":143,"loc":{"start":{"line":143,"column":21},"end":{"line":143,"column":58}},"locations":[{"start":{"line":143,"column":21},"end":{"line":143,"column":58}}]},"38":{"type":"branch","line":143,"loc":{"start":{"line":143,"column":58},"end":{"line":145,"column":7}},"locations":[{"start":{"line":143,"column":58},"end":{"line":145,"column":7}}]},"39":{"type":"branch","line":145,"loc":{"start":{"line":145,"column":6},"end":{"line":146,"column":30}},"locations":[{"start":{"line":145,"column":6},"end":{"line":146,"column":30}}]},"40":{"type":"branch","line":146,"loc":{"start":{"line":146,"column":21},"end":{"line":146,"column":57}},"locations":[{"start":{"line":146,"column":21},"end":{"line":146,"column":57}}]},"41":{"type":"branch","line":146,"loc":{"start":{"line":146,"column":57},"end":{"line":148,"column":7}},"locations":[{"start":{"line":146,"column":57},"end":{"line":148,"column":7}}]},"42":{"type":"branch","line":148,"loc":{"start":{"line":148,"column":6},"end":{"line":149,"column":30}},"locations":[{"start":{"line":148,"column":6},"end":{"line":149,"column":30}}]},"43":{"type":"branch","line":149,"loc":{"start":{"line":149,"column":21},"end":{"line":149,"column":72}},"locations":[{"start":{"line":149,"column":21},"end":{"line":149,"column":72}}]},"44":{"type":"branch","line":149,"loc":{"start":{"line":149,"column":72},"end":{"line":152,"column":7}},"locations":[{"start":{"line":149,"column":72},"end":{"line":152,"column":7}}]},"45":{"type":"branch","line":152,"loc":{"start":{"line":152,"column":6},"end":{"line":153,"column":30}},"locations":[{"start":{"line":152,"column":6},"end":{"line":153,"column":30}}]},"46":{"type":"branch","line":153,"loc":{"start":{"line":153,"column":21},"end":{"line":153,"column":72}},"locations":[{"start":{"line":153,"column":21},"end":{"line":153,"column":72}}]},"47":{"type":"branch","line":153,"loc":{"start":{"line":153,"column":72},"end":{"line":156,"column":7}},"locations":[{"start":{"line":153,"column":72},"end":{"line":156,"column":7}}]},"48":{"type":"branch","line":156,"loc":{"start":{"line":156,"column":6},"end":{"line":159,"column":31}},"locations":[{"start":{"line":156,"column":6},"end":{"line":159,"column":31}}]},"49":{"type":"branch","line":159,"loc":{"start":{"line":159,"column":21},"end":{"line":159,"column":62}},"locations":[{"start":{"line":159,"column":21},"end":{"line":159,"column":62}}]},"50":{"type":"branch","line":159,"loc":{"start":{"line":159,"column":62},"end":{"line":161,"column":7}},"locations":[{"start":{"line":159,"column":62},"end":{"line":161,"column":7}}]},"51":{"type":"branch","line":161,"loc":{"start":{"line":161,"column":6},"end":{"line":162,"column":31}},"locations":[{"start":{"line":161,"column":6},"end":{"line":162,"column":31}}]},"52":{"type":"branch","line":162,"loc":{"start":{"line":162,"column":21},"end":{"line":162,"column":80}},"locations":[{"start":{"line":162,"column":21},"end":{"line":162,"column":80}}]},"53":{"type":"branch","line":162,"loc":{"start":{"line":162,"column":80},"end":{"line":165,"column":7}},"locations":[{"start":{"line":162,"column":80},"end":{"line":165,"column":7}}]},"54":{"type":"branch","line":165,"loc":{"start":{"line":165,"column":6},"end":{"line":166,"column":55}},"locations":[{"start":{"line":165,"column":6},"end":{"line":166,"column":55}}]},"55":{"type":"branch","line":166,"loc":{"start":{"line":166,"column":55},"end":{"line":168,"column":7}},"locations":[{"start":{"line":166,"column":55},"end":{"line":168,"column":7}}]},"56":{"type":"branch","line":168,"loc":{"start":{"line":168,"column":6},"end":{"line":169,"column":68}},"locations":[{"start":{"line":168,"column":6},"end":{"line":169,"column":68}}]},"57":{"type":"branch","line":169,"loc":{"start":{"line":169,"column":68},"end":{"line":172,"column":7}},"locations":[{"start":{"line":169,"column":68},"end":{"line":172,"column":7}}]},"58":{"type":"branch","line":172,"loc":{"start":{"line":172,"column":6},"end":{"line":175,"column":69}},"locations":[{"start":{"line":172,"column":6},"end":{"line":175,"column":69}}]},"59":{"type":"branch","line":175,"loc":{"start":{"line":175,"column":69},"end":{"line":180,"column":7}},"locations":[{"start":{"line":175,"column":69},"end":{"line":180,"column":7}}]},"60":{"type":"branch","line":180,"loc":{"start":{"line":180,"column":6},"end":{"line":181,"column":33}},"locations":[{"start":{"line":180,"column":6},"end":{"line":181,"column":33}}]},"61":{"type":"branch","line":181,"loc":{"start":{"line":181,"column":21},"end":{"line":181,"column":72}},"locations":[{"start":{"line":181,"column":21},"end":{"line":181,"column":72}}]},"62":{"type":"branch","line":181,"loc":{"start":{"line":181,"column":72},"end":{"line":186,"column":7}},"locations":[{"start":{"line":181,"column":72},"end":{"line":186,"column":7}}]},"63":{"type":"branch","line":186,"loc":{"start":{"line":186,"column":6},"end":{"line":187,"column":31}},"locations":[{"start":{"line":186,"column":6},"end":{"line":187,"column":31}}]},"64":{"type":"branch","line":187,"loc":{"start":{"line":187,"column":21},"end":{"line":187,"column":60}},"locations":[{"start":{"line":187,"column":21},"end":{"line":187,"column":60}}]},"65":{"type":"branch","line":187,"loc":{"start":{"line":187,"column":60},"end":{"line":192,"column":7}},"locations":[{"start":{"line":187,"column":60},"end":{"line":192,"column":7}}]},"66":{"type":"branch","line":192,"loc":{"start":{"line":192,"column":6},"end":{"line":195,"column":63}},"locations":[{"start":{"line":192,"column":6},"end":{"line":195,"column":63}}]},"67":{"type":"branch","line":195,"loc":{"start":{"line":195,"column":63},"end":{"line":197,"column":7}},"locations":[{"start":{"line":195,"column":63},"end":{"line":197,"column":7}}]},"68":{"type":"branch","line":197,"loc":{"start":{"line":197,"column":6},"end":{"line":198,"column":57}},"locations":[{"start":{"line":197,"column":6},"end":{"line":198,"column":57}}]},"69":{"type":"branch","line":198,"loc":{"start":{"line":198,"column":57},"end":{"line":200,"column":7}},"locations":[{"start":{"line":198,"column":57},"end":{"line":200,"column":7}}]},"70":{"type":"branch","line":200,"loc":{"start":{"line":200,"column":6},"end":{"line":201,"column":70}},"locations":[{"start":{"line":200,"column":6},"end":{"line":201,"column":70}}]},"71":{"type":"branch","line":201,"loc":{"start":{"line":201,"column":70},"end":{"line":203,"column":7}},"locations":[{"start":{"line":201,"column":70},"end":{"line":203,"column":7}}]},"72":{"type":"branch","line":203,"loc":{"start":{"line":203,"column":6},"end":{"line":204,"column":66}},"locations":[{"start":{"line":203,"column":6},"end":{"line":204,"column":66}}]},"73":{"type":"branch","line":204,"loc":{"start":{"line":204,"column":66},"end":{"line":206,"column":7}},"locations":[{"start":{"line":204,"column":66},"end":{"line":206,"column":7}}]},"74":{"type":"branch","line":206,"loc":{"start":{"line":206,"column":6},"end":{"line":207,"column":31}},"locations":[{"start":{"line":206,"column":6},"end":{"line":207,"column":31}}]},"75":{"type":"branch","line":207,"loc":{"start":{"line":207,"column":21},"end":{"line":207,"column":69}},"locations":[{"start":{"line":207,"column":21},"end":{"line":207,"column":69}}]},"76":{"type":"branch","line":207,"loc":{"start":{"line":207,"column":69},"end":{"line":209,"column":7}},"locations":[{"start":{"line":207,"column":69},"end":{"line":209,"column":7}}]},"77":{"type":"branch","line":209,"loc":{"start":{"line":209,"column":6},"end":{"line":210,"column":62}},"locations":[{"start":{"line":209,"column":6},"end":{"line":210,"column":62}}]},"78":{"type":"branch","line":210,"loc":{"start":{"line":210,"column":62},"end":{"line":212,"column":7}},"locations":[{"start":{"line":210,"column":62},"end":{"line":212,"column":7}}]},"79":{"type":"branch","line":212,"loc":{"start":{"line":212,"column":6},"end":{"line":213,"column":67}},"locations":[{"start":{"line":212,"column":6},"end":{"line":213,"column":67}}]},"80":{"type":"branch","line":213,"loc":{"start":{"line":213,"column":67},"end":{"line":215,"column":7}},"locations":[{"start":{"line":213,"column":67},"end":{"line":215,"column":7}}]},"81":{"type":"branch","line":215,"loc":{"start":{"line":215,"column":6},"end":{"line":218,"column":60}},"locations":[{"start":{"line":215,"column":6},"end":{"line":218,"column":60}}]},"82":{"type":"branch","line":218,"loc":{"start":{"line":218,"column":60},"end":{"line":220,"column":7}},"locations":[{"start":{"line":218,"column":60},"end":{"line":220,"column":7}}]},"83":{"type":"branch","line":220,"loc":{"start":{"line":220,"column":6},"end":{"line":221,"column":66}},"locations":[{"start":{"line":220,"column":6},"end":{"line":221,"column":66}}]},"84":{"type":"branch","line":221,"loc":{"start":{"line":221,"column":66},"end":{"line":223,"column":7}},"locations":[{"start":{"line":221,"column":66},"end":{"line":223,"column":7}}]},"85":{"type":"branch","line":223,"loc":{"start":{"line":223,"column":6},"end":{"line":224,"column":63}},"locations":[{"start":{"line":223,"column":6},"end":{"line":224,"column":63}}]},"86":{"type":"branch","line":224,"loc":{"start":{"line":224,"column":63},"end":{"line":226,"column":7}},"locations":[{"start":{"line":224,"column":63},"end":{"line":226,"column":7}}]},"87":{"type":"branch","line":226,"loc":{"start":{"line":226,"column":6},"end":{"line":229,"column":44}},"locations":[{"start":{"line":226,"column":6},"end":{"line":229,"column":44}}]},"88":{"type":"branch","line":229,"loc":{"start":{"line":229,"column":44},"end":{"line":242,"column":13}},"locations":[{"start":{"line":229,"column":44},"end":{"line":242,"column":13}}]},"89":{"type":"branch","line":242,"loc":{"start":{"line":242,"column":4},"end":{"line":249,"column":5}},"locations":[{"start":{"line":242,"column":4},"end":{"line":249,"column":5}}]}},"b":{"0":[19],"1":[1],"2":[18],"3":[8],"4":[1],"5":[17],"6":[9],"7":[1],"8":[16],"9":[8],"10":[0],"11":[16],"12":[8],"13":[0],"14":[16],"15":[8],"16":[0],"17":[16],"18":[8],"19":[0],"20":[16],"21":[7],"22":[3],"23":[0],"24":[13],"25":[4],"26":[1],"27":[12],"28":[8],"29":[2],"30":[10],"31":[1],"32":[0],"33":[10],"34":[6],"35":[0],"36":[10],"37":[3],"38":[2],"39":[8],"40":[6],"41":[2],"42":[6],"43":[4],"44":[0],"45":[6],"46":[1],"47":[1],"48":[5],"49":[1],"50":[1],"51":[4],"52":[0],"53":[0],"54":[4],"55":[0],"56":[4],"57":[0],"58":[4],"59":[0],"60":[4],"61":[0],"62":[0],"63":[4],"64":[0],"65":[0],"66":[4],"67":[1],"68":[3],"69":[0],"70":[3],"71":[0],"72":[3],"73":[0],"74":[3],"75":[0],"76":[0],"77":[3],"78":[0],"79":[3],"80":[1],"81":[2],"82":[0],"83":[2],"84":[0],"85":[2],"86":[0],"87":[2],"88":[1],"89":[0]},"fnMap":{"0":{"name":"fetch","decl":{"start":{"line":81,"column":2},"end":{"line":250,"column":4}},"loc":{"start":{"line":81,"column":2},"end":{"line":250,"column":4}},"line":81},"1":{"name":"scheduled","decl":{"start":{"line":256,"column":2},"end":{"line":266,"column":4}},"loc":{"start":{"line":256,"column":2},"end":{"line":266,"column":4}},"line":256}},"f":{"0":19,"1":0}}
,"D:\\coding\\clodo-dev-site\\visibility-marketing\\packages\\marketer\\src\\events\\affiliate-click.ts": {"path":"D:\\coding\\clodo-dev-site\\visibility-marketing\\packages\\marketer\\src\\events\\affiliate-click.ts","all":false,"statementMap":{"0":{"start":{"line":1,"column":0},"end":{"line":1,"column":3}},"18":{"start":{"line":19,"column":0},"end":{"line":19,"column":43}},"19":{"start":{"line":20,"column":0},"end":{"line":20,"column":11}},"20":{"start":{"line":21,"column":0},"end":{"line":21,"column":27}},"21":{"start":{"line":22,"column":0},"end":{"line":22,"column":19}},"22":{"start":{"line":23,"column":0},"end":{"line":23,"column":18}},"23":{"start":{"line":24,"column":0},"end":{"line":24,"column":65}},"25":{"start":{"line":26,"column":0},"end":{"line":26,"column":14}},"26":{"start":{"line":27,"column":0},"end":{"line":27,"column":67}},"27":{"start":{"line":28,"column":0},"end":{"line":28,"column":70}},"28":{"start":{"line":29,"column":0},"end":{"line":29,"column":4}},"31":{"start":{"line":32,"column":0},"end":{"line":32,"column":66}},"32":{"start":{"line":33,"column":0},"end":{"line":33,"column":98}},"33":{"start":{"line":34,"column":0},"end":{"line":34,"column":70}},"34":{"start":{"line":35,"column":0},"end":{"line":35,"column":53}},"35":{"start":{"line":36,"column":0},"end":{"line":36,"column":62}},"38":{"start":{"line":39,"column":0},"end":{"line":39,"column":16}},"39":{"start":{"line":40,"column":0},"end":{"line":40,"column":11}},"40":{"start":{"line":41,"column":0},"end":{"line":41,"column":61}},"42":{"start":{"line":43,"column":0},"end":{"line":43,"column":26}},"43":{"start":{"line":44,"column":0},"end":{"line":44,"column":20}},"44":{"start":{"line":45,"column":0},"end":{"line":45,"column":72}},"45":{"start":{"line":46,"column":0},"end":{"line":46,"column":5}},"48":{"start":{"line":49,"column":0},"end":{"line":49,"column":27}},"49":{"start":{"line":50,"column":0},"end":{"line":50,"column":64}},"50":{"start":{"line":51,"column":0},"end":{"line":51,"column":78}},"51":{"start":{"line":52,"column":0},"end":{"line":52,"column":63}},"52":{"start":{"line":53,"column":0},"end":{"line":53,"column":30}},"53":{"start":{"line":54,"column":0},"end":{"line":54,"column":5}},"55":{"start":{"line":56,"column":0},"end":{"line":56,"column":80}},"56":{"start":{"line":57,"column":0},"end":{"line":57,"column":1}}},"s":{"0":1,"18":5,"19":5,"20":5,"21":5,"22":5,"23":5,"25":5,"26":5,"27":5,"28":5,"31":5,"32":5,"33":5,"34":5,"35":5,"38":5,"39":5,"40":5,"42":5,"43":5,"44":0,"45":5,"48":5,"49":5,"50":5,"51":5,"52":5,"53":5,"55":5,"56":5},"branchMap":{"0":{"type":"branch","line":19,"loc":{"start":{"line":19,"column":0},"end":{"line":57,"column":1}},"locations":[{"start":{"line":19,"column":0},"end":{"line":57,"column":1}}]},"1":{"type":"branch","line":28,"loc":{"start":{"line":28,"column":16},"end":{"line":28,"column":36}},"locations":[{"start":{"line":28,"column":16},"end":{"line":28,"column":36}}]},"2":{"type":"branch","line":28,"loc":{"start":{"line":28,"column":48},"end":{"line":28,"column":68}},"locations":[{"start":{"line":28,"column":48},"end":{"line":28,"column":68}}]},"3":{"type":"branch","line":34,"loc":{"start":{"line":34,"column":16},"end":{"line":34,"column":70}},"locations":[{"start":{"line":34,"column":16},"end":{"line":34,"column":70}}]},"4":{"type":"branch","line":35,"loc":{"start":{"line":35,"column":25},"end":{"line":35,"column":51}},"locations":[{"start":{"line":35,"column":25},"end":{"line":35,"column":51}}]},"5":{"type":"branch","line":51,"loc":{"start":{"line":51,"column":64},"end":{"line":51,"column":74}},"locations":[{"start":{"line":51,"column":64},"end":{"line":51,"column":74}}]}},"b":{"0":[5],"1":[0],"2":[0],"3":[4],"4":[0],"5":[4]},"fnMap":{"0":{"name":"handleAffiliateClick","decl":{"start":{"line":19,"column":0},"end":{"line":57,"column":1}},"loc":{"start":{"line":19,"column":0},"end":{"line":57,"column":1}},"line":19}},"f":{"0":5}}
,"D:\\coding\\clodo-dev-site\\visibility-marketing\\packages\\marketer\\src\\events\\affiliate-conversion.ts": {"path":"D:\\coding\\clodo-dev-site\\visibility-marketing\\packages\\marketer\\src\\events\\affiliate-conversion.ts","all":false,"statementMap":{"0":{"start":{"line":1,"column":0},"end":{"line":1,"column":3}},"30":{"start":{"line":31,"column":0},"end":{"line":31,"column":48}},"31":{"start":{"line":32,"column":0},"end":{"line":32,"column":11}},"32":{"start":{"line":33,"column":0},"end":{"line":33,"column":32}},"33":{"start":{"line":34,"column":0},"end":{"line":34,"column":19}},"34":{"start":{"line":35,"column":0},"end":{"line":35,"column":18}},"35":{"start":{"line":36,"column":0},"end":{"line":36,"column":9}},"36":{"start":{"line":37,"column":0},"end":{"line":37,"column":18}},"37":{"start":{"line":38,"column":0},"end":{"line":38,"column":11}},"38":{"start":{"line":39,"column":0},"end":{"line":39,"column":14}},"39":{"start":{"line":40,"column":0},"end":{"line":40,"column":16}},"40":{"start":{"line":41,"column":0},"end":{"line":41,"column":20}},"41":{"start":{"line":42,"column":0},"end":{"line":42,"column":9}},"42":{"start":{"line":43,"column":0},"end":{"line":43,"column":11}},"46":{"start":{"line":47,"column":0},"end":{"line":47,"column":43}},"47":{"start":{"line":48,"column":0},"end":{"line":48,"column":106}},"48":{"start":{"line":49,"column":0},"end":{"line":49,"column":29}},"49":{"start":{"line":50,"column":0},"end":{"line":50,"column":64}},"50":{"start":{"line":51,"column":0},"end":{"line":51,"column":37}},"51":{"start":{"line":52,"column":0},"end":{"line":52,"column":106}},"52":{"start":{"line":53,"column":0},"end":{"line":53,"column":13}},"53":{"start":{"line":54,"column":0},"end":{"line":54,"column":5}},"54":{"start":{"line":55,"column":0},"end":{"line":55,"column":3}},"56":{"start":{"line":57,"column":0},"end":{"line":57,"column":14}},"57":{"start":{"line":58,"column":0},"end":{"line":58,"column":69}},"58":{"start":{"line":59,"column":0},"end":{"line":59,"column":96}},"59":{"start":{"line":60,"column":0},"end":{"line":60,"column":4}},"62":{"start":{"line":63,"column":0},"end":{"line":63,"column":16}},"63":{"start":{"line":64,"column":0},"end":{"line":64,"column":11}},"64":{"start":{"line":65,"column":0},"end":{"line":65,"column":69}},"65":{"start":{"line":66,"column":0},"end":{"line":66,"column":47}},"66":{"start":{"line":67,"column":0},"end":{"line":67,"column":5}},"67":{"start":{"line":68,"column":0},"end":{"line":68,"column":20}},"68":{"start":{"line":69,"column":0},"end":{"line":69,"column":70}},"69":{"start":{"line":70,"column":0},"end":{"line":70,"column":72}},"70":{"start":{"line":71,"column":0},"end":{"line":71,"column":5}},
[...]
},"end":{"line":170,"column":6}},"172":{"start":{"line":173,"column":0},"end":{"line":173,"column":80}},"173":{"start":{"line":174,"column":0},"end":{"line":174,"column":9}},"174":{"start":{"line":175,"column":0},"end":{"line":175,"column":38}},"175":{"start":{"line":176,"column":0},"end":{"line":176,"column":13}},"177":{"start":{"line":178,"column":0},"end":{"line":178,"column":5}},"179":{"start":{"line":180,"column":0},"end":{"line":180,"column":68}},"181":{"start":{"line":182,"column":0},"end":{"line":182,"column":25}},"182":{"start":{"line":183,"column":0},"end":{"line":183,"column":31}},"183":{"start":{"line":184,"column":0},"end":{"line":184,"column":11}},"185":{"start":{"line":186,"column":0},"end":{"line":186,"column":30}},"186":{"start":{"line":187,"column":0},"end":{"line":187,"column":33}},"187":{"start":{"line":188,"column":0},"end":{"line":188,"column":95}},"188":{"start":{"line":189,"column":0},"end":{"line":189,"column":30}},"191":{"start":{"line":192,"column":0},"end":{"line":192,"column":53}},"192":{"start":{"line":193,"column":0},"end":{"line":193,"column":45}},"193":{"start":{"line":194,"column":0},"end":{"line":194,"column":32}},"194":{"start":{"line":195,"column":0},"end":{"line":195,"column":41}},"195":{"start":{"line":196,"column":0},"end":{"line":196,"column":28}},"196":{"start":{"line":197,"column":0},"end":{"line":197,"column":11}},"198":{"start":{"line":199,"column":0},"end":{"line":199,"column":25}},"199":{"start":{"line":200,"column":0},"end":{"line":200,"column":29}},"200":{"start":{"line":201,"column":0},"end":{"line":201,"column":55}},"201":{"start":{"line":202,"column":0},"end":{"line":202,"column":68}},"203":{"start":{"line":204,"column":0},"end":{"line":204,"column":29}},"204":{"start":{"line":205,"column":0},"end":{"line":205,"column":24}},"205":{"start":{"line":206,"column":0},"end":{"line":206,"column":19}},"206":{"start":{"line":207,"column":0},"end":{"line":207,"column":111}},"207":{"start":{"line":208,"column":0},"end":{"line":208,"column":47}},"208":{"start":{"line":209,"column":0},"end":{"line":209,"column":12}},"211":{"start":{"line":212,"column":0},"end":{"line":212,"column":24}},"212":{"start":{"line":213,"column":0},"end":{"line":213,"column":19}},"213":{"start":{"line":214,"column":0},"end":{"line":214,"column":77}},"214":{"start":{"line":215,"column":0},"end":{"line":215,"column":51}},"215":{"start":{"line":216,"column":0},"end":{"line":216,"column":13}},"216":{"start":{"line":217,"column":0},"end":{"line":217,"column":34}},"217":{"start":{"line":218,"column":0},"end":{"line":218,"column":103}},"218":{"start":{"line":219,"column":0},"end":{"line":219,"column":13}},"219":{"start":{"line":220,"column":0},"end":{"line":220,"column":12}},"221":{"start":{"line":222,"column":0},"end":{"line":222,"column":25}},"222":{"start":{"line":223,"column":0},"end":{"line":223,"column":16}},"223":{"start":{"line":224,"column":0},"end":{"line":224,"column":95}},"224":{"start":{"line":225,"column":0},"end":{"line":225,"column":24}},"225":{"start":{"line":226,"column":0},"end":{"line":226,"column":19}},"226":{"start":{"line":227,"column":0},"end":{"line":227,"column":86}},"227":{"start":{"line":228,"column":0},"end":{"line":228,"column":21}},"228":{"start":{"line":229,"column":0},"end":{"line":229,"column":12}},"229":{"start":{"line":230,"column":0},"end":{"line":230,"column":9}},"230":{"start":{"line":231,"column":0},"end":{"line":231,"column":21}},"231":{"start":{"line":232,"column":0},"end":{"line":232,"column":75}},"232":{"start":{"line":233,"column":0},"end":{"line":233,"column":22}},"233":{"start":{"line":234,"column":0},"end":{"line":234,"column":17}},"234":{"start":{"line":235,"column":0},"end":{"line":235,"column":84}},"235":{"start":{"line":236,"column":0},"end":{"line":236,"column":19}},"236":{"start":{"line":237,"column":0},"end":{"line":237,"column":10}},"237":{"start":{"line":238,"column":0},"end":{"line":238,"column":7}},"238":{"start":{"line":239,"column":0},"end":{"line":239,"column":5}},"241":{"start":{"line":242,"column":0},"end":{"line":242,"column":103}},"242":{"start":{"line":243,"column":0},"end":{"line":243,"column":18}},"243":{"start":{"line":244,"column":0},"end":{"line":244,"column":13}},"244":{"start":{"line":245,"column":0},"end":{"line":245,"column":76}},"245":{"start":{"line":246,"column":0},"end":{"line":246,"column":35}},"246":{"start":{"line":247,"column":0},"end":{"line":247,"column":6}},"249":{"start":{"line":250,"column":0},"end":{"line":250,"column":50}},"250":{"start":{"line":251,"column":0},"end":{"line":251,"column":97}},"251":{"start":{"line":252,"column":0},"end":{"line":252,"column":5}},"253":{"start":{"line":254,"column":0},"end":{"line":254,"column":15}},"254":{"start":{"line":255,"column":0},"end":{"line":255,"column":14}},"255":{"start":{"line":256,"column":0},"end":{"line":256,"column":26}},"256":{"start":{"line":257,"column":0},"end":{"line":257,"column":30}},"257":{"start":{"line":258,"column":0},"end":{"line":258,"column":26}},"258":{"start":{"line":259,"column":0},"end":{"line":259,"column":42}},"259":{"start":{"line":260,"column":0},"end":{"line":260,"column":7}},"260":{"start":{"line":261,"column":0},"end":{"line":261,"column":17}},"261":{"start":{"line":262,"column":0},"end":{"line":262,"column":51}},"262":{"start":{"line":263,"column":0},"end":{"line":263,"column":18}},"263":{"start":{"line":264,"column":0},"end":{"line":264,"column":13}},"264":{"start":{"line":265,"column":0},"end":{"line":265,"column":82}},"265":{"start":{"line":266,"column":0},"end":{"line":266,"column":15}},"266":{"start":{"line":267,"column":0},"end":{"line":267,"column":6}},"267":{"start":{"line":268,"column":0},"end":{"line":268,"column":59}},"268":{"start":{"line":269,"column":0},"end":{"line":269,"column":3}},"269":{"start":{"line":270,"column":0},"end":{"line":270,"column":1}},"276":{"start":{"line":277,"column":0},"end":{"line":277,"column":46}},"277":{"start":{"line":278,"column":0},"end":{"line":278,"column":19}},"278":{"start":{"line":279,"column":0},"end":{"line":279,"column":10}},"279":{"start":{"line":280,"column":0},"end":{"line":280,"column":22}},"280":{"start":{"line":281,"column":0},"end":{"line":281,"column":52}},"282":{"start":{"line":283,"column":0},"end":{"line":283,"column":46}},"283":{"start":{"line":284,"column":0},"end":{"line":284,"column":11}},"284":{"start":{"line":285,"column":0},"end":{"line":285,"column":99}},"285":{"start":{"line":286,"column":0},"end":{"line":286,"column":4}},"287":{"start":{"line":288,"column":0},"end":{"line":288,"column":13}},"288":{"start":{"line":289,"column":0},"end":{"line":289,"column":34}},"289":{"start":{"line":290,"column":0},"end":{"line":290,"column":11}},"290":{"start":{"line":291,"column":0},"end":{"line":291,"column":56}},"291":{"start":{"line":292,"column":0},"end":{"line":292,"column":8}},"292":{"start":{"line":293,"column":0},"end":{"line":293,"column":5}},"293":{"start":{"line":294,"column":0},"end":{"line":294,"column":1}},"300":{"start":{"line":301,"column":0},"end":{"line":301,"column":43}},"301":{"start":{"line":302,"column":0},"end":{"line":302,"column":19}},"302":{"start":{"line":303,"column":0},"end":{"line":303,"column":11}},"303":{"start":{"line":304,"column":0},"end":{"line":304,"column":17}},"304":{"start":{"line":305,"column":0},"end":{"line":305,"column":22}},"305":{"start":{"line":306,"column":0},"end":{"line":306,"column":52}},"307":{"start":{"line":308,"column":0},"end":{"line":308,"column":47}},"308":{"start":{"line":309,"column":0},"end":{"line":309,"column":11}},"309":{"start":{"line":310,"column":0},"end":{"line":310,"column":48}},"310":{"start":{"line":311,"column":0},"end":{"line":311,"column":13}},"311":{"start":{"line":312,"column":0},"end":{"line":312,"column":4}},"313":{"start":{"line":314,"column":0},"end":{"line":314,"column":61}},"315":{"start":{"line":316,"column":0},"end":{"line":316,"column":43}},"316":{"start":{"line":317,"column":0},"end":{"line":317,"column":11}},"317":{"start":{"line":318,"column":0},"end":{"line":318,"column":76}},"318":{"start":{"line":319,"column":0},"end":{"line":319,"column":13}},"319":{"start":{"line":320,"column":0},"end":{"line":320,"column":4}},"321":{"start":{"line":322,"column":0},"end":{"line":322,"column":13}},"322":{"start":{"line":323,"column":0},"end":{"line":323,"column":12}},"323":{"start":{"line":324,"column":0},"end":{"line":324,"column":15}},"324":{"start":{"line":325,"column":0},"end":{"line":325,"column":60}},"325":{"start":{"line":326,"column":0},"end":{"line":326,"column":6}},"326":{"start":{"line":327,"column":0},"end":{"line":327,"column":30}},"327":{"start":{"line":328,"column":0},"end":{"line":328,"column":11}},"328":{"start":{"line":329,"column":0},"end":{"line":329,"column":51}},"329":{"start":{"line":330,"column":0},"end":{"line":330,"column":8}},"330":{"start":{"line":331,"column":0},"end":{"line":331,"column":5}},"331":{"start":{"line":332,"column":0},"end":{"line":332,"column":1}}},"s":{"0":1,"30":6,"31":6,"32":6,"33":6,"34":6,"36":4,"39":4,"40":4,"41":4,"42":4,"44":5,"45":1,"46":1,"48":3,"50":3,"51":3,"54":3,"55":3,"56":3,"59":3,"60":3,"61":3,"63":3,"64":3,"65":3,"66":3,"68":3,"69":3,"72":2,"73":2,"75":1,"76":1,"78":5,"79":2,"80":2,"82":1,"85":1,"86":1,"87":1,"88":1,"89":1,"90":1,"92":1,"93":1,"94":1,"95":1,"97":5,"98":0,"99":0,"102":1,"103":1,"104":1,"105":1,"107":1,"108":1,"109":1,"111":1,"112":1,"113":1,"114":1,"115":1,"116":1,"117":1,"118":1,"119":1,"120":1,"121":1,"122":1,"123":1,"124":1,"125":1,"126":5,"127":0,"128":0,"129":0,"130":6,"138":4,"139":4,"140":4,"141":4,"142":4,"143":4,"145":3,"146":3,"147":3,"148":3,"149":3,"151":4,"152":4,"153":1,"154":1,"156":1,"158":1,"159":1,"160":1,"161":1,"162":1,"165":1,"166":1,"167":1,"168":1,"169":1,"172":1,"173":1,"174":1,"175":4,"177":0,"179":4,"181":4,"182":4,"183":1,"185":1,"186":1,"187":0,"188":0,"191":1,"192":1,"193":1,"194":1,"195":1,"196":1,"198":1,"199":1,"200":0,"201":0,"203":1,"204":1,"205":1,"206":1,"207":1,"208":1,"211":1,"212":1,"213":1,"214":1,"215":1,"216":1,"217":1,"218":1,"219":1,"221":1,"222":1,"223":0,"224":0,"225":0,"226":0,"227":0,"228":0,"229":0,"230":1,"231":0,"232":0,"233":0,"234":0,"235":0,"236":0,"237":0,"238":1,"241":4,"242":4,"243":4,"244":4,"245":4,"246":4,"249":1,"250":1,"251":1,"253":1,"254":1,"255":1,"256":1,"257":1,"258":1,"259":1,"260":4,"261":0,"262":0,"263":0,"264":0,"265":0,"266":0,"267":0,"268":0,"269":4,"276":2,"277":2,"278":2,"279":2,"280":2,"282":1,"283":1,"284":1,"285":1,"287":1,"288":1,"289":1,"290":1,"291":1,"292":1,"293":1,"300":3,"301":3,"302":3,"303":3,"304":3,"305":3,"307":2,"308":2,"309":2,"310":2,"311":2,"313":3,"315":1,"316":1,"317":1,"318":1,"319":1,"321":1,"322":1,"323":1,"324":1,"325":1,"326":1,"327":2,"328":2,"329":1,"330":1,"331":1},"branchMap":{"0":{"type":"branch","line":31,"loc":{"start":{"line":31,"column":0},"end":{"line":131,"column":1}},"locations":[{"start":{"line":31,"column":0},"end":{"line":131,"column":1}}]},"1":{"type":"branch","line":35,"loc":{"start":{"line":35,"column":30},"end":{"line":35,"column":52}},"locations":[{"start":{"line":35,"column":30},"end":{"line":35,"column":52}}]},"2":{"type":"branch","line":35,"loc":{"start":{"line":35,"column":50},"end":{"line":130,"column":3}},"locations":[{"start":{"line":35,"column":50},"end":{"line":130,"column":3}}]},"3":{"type":"branch","line":35,"loc":{"start":{"line":35,"column":50},"end":{"line":45,"column":33}},"locations":[{"start":{"line":35,"column":50},"end":{"line":45,"column":33}}]},"4":{"type":"branch","line":45,"loc":{"start":{"line":45,"column":33},"end":{"line":47,"column":5}},"locations":[{"start":{"line":45,"column":33},"end":{"line":47,"column":5}}]},"5":{"type":"branch","line":47,"loc":{"start":{"line":47,"column":4},"end":{"line":79,"column":28}},"locations":[{"start":{"line":47,"column":4},"end":{"line":79,"column":28}}]},"6":{"type":"branch","line":56,"loc":{"start":{"line":56,"column":22},"end":{"line":56,"column":31}},"locations":[{"start":{"line":56,"column":22},"end":{"line":56,"column":31}}]},"7":{"type":"branch","line":67,"loc":{"start":{"line":67,"column":36},"end":{"line":67,"column":52}},"locations":[{"start":{"line":67,"column":36},"end":{"line":67,"column":52}}]},"8":{"type":"branch","line":70,"loc":{"start":{"line":70,"column":23},"end":{"line":70,"column":32}},"locations":[{"start":{"line":70,"column":23},"end":{"line":70,"column":32}}]},"9":{"type":"branch","line":70,"loc":{"start":{"line":70,"column":23},"end":{"line":74,"column":27}},"locations":[{"start":{"line":70,"column":23},"end":{"line":74,"column":27}}]},"10":{"type":"branch","line":74,"loc":{"start":{"line":74,"column":18},"end":{"line":77,"column":5}},"locations":[{"start":{"line":74,"column":18},"end":{"line":77,"column":5}}]},"11":{"type":"branch","line":79,"loc":{"start":{"line":79,"column":28},"end":{"line":81,"column":5}},"locations":[{"start":{"line":79,"column":28},"end":{"line":81,"column":5}}]},"12":{"type":"branch","line":81,"loc":{"start":{"line":81,"column":4},"end":{"line":98,"column":16}},"locations":[{"start":{"line":81,"column":4},"end":{"line":98,"column":16}}]},"13":{"type":"branch","line":98,"loc":{"start":{"line":98,"column":16},"end":{"line":100,"column":5}},"locations":[{"start":{"line":98,"column":16},"end":{"line":100,"column":5}}]},"14":{"type":"branch","line":100,"loc":{"start":{"line":100,"column":4},"end":{"line":127,"column":11}},"locations":[{"start":{"line":100,"column":4},"end":{"line":127,"column":11}}]},"15":{"type":"branch","line":127,"loc":{"start":{"line":127,"column":2},"end":{"line":130,"column":3}},"locations":[{"start":{"line":127,"column":2},"end":{"line":130,"column":3}}]},"16":{"type":"branch","line":83,"loc":{"start":{"line":83,"column":37},"end":{"line":83,"column":70}},"locations":[{"start":{"line":83,"column":37},"end":{"line":83,"column":70}}]},"17":{"type":"branch","line":119,"loc":{"start":{"line":119,"column":25},"end":{"line":124,"column":10}},"locations":[{"start":{"line":119,"column":25},"end":{"line":124,"column":10}}]},"18":{"type":"branch","line":139,"loc":{"start":{"line":139,"column":0},"end":{"line":270,"column":1}},"locations":[{"start":{"line":139,"column":0},"end":{"line":270,"column":1}}]},"19":{"type":"branch","line":144,"loc":{"start":{"line":144,"column":30},"end":{"line":144,"column":52}},"locations":[{"start":{"line":144,"column":30},"end":{"line":144,"column":52}}]},"20":{"type":"branch","line":144,"loc":{"start":{"line":144,"column":50},"end":{"line":152,"column":21}},"locations":[{"start":{"line":144,"column":50},"end":{"line":152,"column":21}}]},"21":{"type":"branch","line":152,"loc":{"start":{"line":152,"column":14},"end":{"line":152,"column":61}},"locations":[{"start":{"line":152,"column":14},"end":{"line":152,"column":61}}]},"22":{"type":"branch","line":152,"loc":{"start":{"line":152,"column":59},"end":{"line":153,"column":46}},"locations":[{"start":{"line":152,"column":59},"end":{"line":153,"column":46}}]},"23":{"type":"branch","line":153,"loc":{"start":{"line":153,"column":46},"end":{"line":176,"column":12}},"locations":[{"start":{"line":153,"column":46},"end":{"line":176,"column":12}}]},"24":{"type":"branch","line":176,"loc":{"start":{"line":176,"column":4},"end":{"line":178,"column":5}},"locations":[{"start":{"line":176,"column":4},"end":{"line":178,"column":5}}]},"25":{"type":"branch","line":178,"loc":{"start":{"line":178,"column":4},"end":{"line":180,"column":45}},"locations":[{"start":{"line":178,"column":4},"end":{"line":180,"column":45}}]},"26":{"type":"branch","line":180,"loc":{"start":{"line":180,"column":35},"end":{"line":180,"column":68}},"locations":[{"start":{"line":180,"column":35},"end":{"line":180,"column":68}}]},"27":{"type":"branch","line":183,"loc":{"start":{"line":183,"column":30},"end":{"line":242,"column":82}},"locations":[{"start":{"line":183,"column":30},"end":{"line":242,"column":82}}]},"28":{"type":"branch","line":187,"loc":{"start":{"line":187,"column":15},"end":{"line":189,"column":30}},"locations":[{"start":{"line":187,"column":15},"end":{"line":189,"column":30}}]},"29":{"type":"branch","line":200,"loc":{"start":{"line":200,"column":17},"end":{"line":201,"column":55}},"locations":[{"start":{"line":200,"column":17},"end":{"line":201,"column":55}}]},"30":{"type":"branch","line":201,"loc":{"start":{"line":201,"column":51},"end":{"line":202,"column":68}},"locations":[{"start":{"line":201,"column":51},"end":{"line":202,"column":68}}]},"31":{"type":"branch","line":223,"loc":{"start":{"line":223,"column":8},"end":{"line":230,"column":9}},"locations":[{"start":{"line":223,"column":8},"end":{"line":230,"column":9}}]},"32":{"type":"branch","line":231,"loc":{"start":{"line":231,"column":6},"end":{"line":238,"column":7}},"locations":[{"start":{"line":231,"column":6},"end":{"line":238,"column":7}}]},"33":{"type":"branch","line":242,"loc":{"start":{"line":242,"column":70},"end":{"line":242,"column":103}},"locations":[{"start":{"line":242,"column":70},"end":{"line":242,"column":103}}]},"34":{"type":"branch","line":247,"loc":{"start":{"line":247,"column":4},"end":{"line":261,"column":11}},"locations":[{"start":{"line":247,"column":4},"end":{"line":261,"column":11}}]},"35":{"type":"branch","line":261,"loc":{"start":{"line":261,"column":2},"end":{"line":269,"column":3}},"locations":[{"start":{"line":261,"column":2},"end":{"line":269,"column":3}}]},"36":{"type":"branch","line":277,"loc":{"start":{"line":277,"column":0},"end":{"line":294,"column":1}},"locations":[{"start":{"line":277,"column":0},"end":{"line":294,"column":1}}]},"37":{"type":"branch","line":281,"loc":{"start":{"line":281,"column":30},"end":{"line":294,"column":1}},"locations":[{"start":{"line":281,"column":30},"end":{"line":294,"column":1}}]},"38":{"type":"branch","line":289,"loc":{"start":{"line":289,"column":25},"end":{"line":292,"column":6}},"locations":[{"start":{"line":289,"column":25},"end":{"line":292,"column":6}}]},"39":{"type":"branch","line":301,"loc":{"start":{"line":301,"column":0},"end":{"line":332,"column":1}},"locations":[{"start":{"line":301,"column":0},"end":{"line":332,"column":1}}]},"40":{"type":"branch","line":306,"loc":{"start":{"line":306,"column":30},"end":{"line":306,"column":52}},"locations":[{"start":{"line":306,"column":30},"end":{"line":306,"column":52}}]},"41":{"type":"branch","line":306,"loc":{"start":{"line":306,"column":50},"end":{"line":314,"column":21}},"locations":[{"start":{"line":306,"column":50},"end":{"line":314,"column":21}}]},"42":{"type":"branch","line":314,"loc":{"start":{"line":314,"column":14},"end":{"line":332,"column":1}},"locations":[{"start":{"line":314,"column":14},"end":{"line":332,"column":1}}]},"43":{"type":"branch","line":327,"loc":{"start":{"line":327,"column":21},"end":{"line":330,"column":6}},"locations":[{"start":{"line":327,"column":21},"end":{"line":330,"column":6}}]}},"b":{"0":[6],"1":[2],"2":[5],"3":[4],"4":[1],"5":[3],"6":[0],"7":[0],"8":[1],"9":[2],"10":[1],"11":[2],"12":[1],"13":[0],"14":[1],"15":[0],"16":[1],"17":[1],"18":[4],"19":[1],"20":[3],"21":[1],"22":[2],"23":[1],"24":[0],"25":[1],"26":[0],"27":[1],"28":[0],"29":[0],"30":[0],"31":[0],"32":[0],"33":[0],"34":[1],"35":[0],"36":[2],"37":[1],"38":[1],"39":[3],"40":[1],"41":[2],"42":[1],"43":[2]},"fnMap":{"0":{"name":"handleCreatePayoutBatch","decl":{"start":{"line":31,"column":0},"end":{"line":131,"column":1}},"loc":{"start":{"line":31,"column":0},"end":{"line":131,"column":1}},"line":31},"1":{"name":"handleProcessPayoutBatch","decl":{"start":{"line":139,"column":0},"end":{"line":270,"column":1}},"loc":{"start":{"line":139,"column":0},"end":{"line":270,"column":1}},"line":139},"2":{"name":"handleListPayoutBatches","decl":{"start":{"line":277,"column":0},"end":{"line":294,"column":1}},"loc":{"start":{"line":277,"column":0},"end":{"line":294,"column":1}},"line":277},"3":{"name":"handleGetPayoutBatch","decl":{"start":{"line":301,"column":0},"end":{"line":332,"column":1}},"loc":{"start":{"line":301,"column":0},"end":{"line":332,"column":1}},"line":301}},"f":{"0":6,"1":4,"2":2,"3":3}}
}
